

================================================================
== Vivado HLS Report for 'p_Ma'
================================================================
* Date:           Sat Feb 20 20:53:43 2021

* Version:        2018.3 (Build 2405991 on Thu Dec 06 23:56:15 MST 2018)
* Project:        sha256_hls
* Solution:       solution1
* Product family: zynq
* Target device:  xc7z020clg400-1


================================================================
== Performance Estimates
================================================================
+ Timing (ns): 
    * Summary: 
    +--------+-------+----------+------------+
    |  Clock | Target| Estimated| Uncertainty|
    +--------+-------+----------+------------+
    |ap_clk  |  10.00|     0.993|        1.25|
    +--------+-------+----------+------------+

+ Latency (clock cycles): 
    * Summary: 
    +-----+-----+-----+-----+----------+
    |  Latency  |  Interval | Pipeline |
    | min | max | min | max |   Type   |
    +-----+-----+-----+-----+----------+
    |    0|    0|    1|    1| function |
    +-----+-----+-----+-----+----------+

    + Detail: 
        * Instance: 
        N/A

        * Loop: 
        N/A

============================================================
+ Verbose Summary: Synthesis Manager
============================================================
InlineROM: 1
ExposeGlobal: 0
============================================================
+ Verbose Summary: CDFG Model
============================================================
IsTopModel: 0
ResetActiveHigh: 1
IsCombinational: 0
IsDatapathOnly: 0
HasWiredReturn: 1
HasMFsm: 2
HasVarLatency: 0
IsPipeline: 1
IsRtlPipelined: 0
IsInstanceOverlapped: 0
IsDontTouch: 0
HasImplIP: 0
IsGatedGlobalClock: 0

+ Individual pipeline summary: 
  * Pipeline-0: initiation interval (II) = 1, depth = 1


============================================================
+ Verbose Summary: Schedule
============================================================
* Number of FSM states : 1
* Pipeline : 1
  Pipeline-0 : II = 1, D = 1, States = { 1 }
* Dataflow Pipeline: 0

* FSM state transitions: 
1 --> 

* FSM state operations: 

State 1 <SV = 0> <Delay = 0.99>
ST_1 : Operation 2 [1/1] (0.00ns)   --->   "%z_read = call i32 @_ssdm_op_Read.ap_auto.i32(i32 %z) nounwind" [src/sha256.c:31]   --->   Operation 2 'read' 'z_read' <Predicate = true> <Delay = 0.00>
ST_1 : Operation 3 [1/1] (0.00ns)   --->   "%y_read = call i32 @_ssdm_op_Read.ap_auto.i32(i32 %y) nounwind" [src/sha256.c:31]   --->   Operation 3 'read' 'y_read' <Predicate = true> <Delay = 0.00>
ST_1 : Operation 4 [1/1] (0.00ns)   --->   "%x_read = call i32 @_ssdm_op_Read.ap_auto.i32(i32 %x) nounwind" [src/sha256.c:31]   --->   Operation 4 'read' 'x_read' <Predicate = true> <Delay = 0.00>
ST_1 : Operation 5 [1/1] (0.00ns) (grouped into LUT with out node tmp_37)   --->   "%tmp = xor i32 %z_read, %y_read" [src/sha256.c:33]   --->   Operation 5 'xor' 'tmp' <Predicate = true> <Delay = 0.00> <Core = "LogicGate">   --->   Core 27 'LogicGate' <Latency = 0> <II = 1> <Delay = 0.99> <FuncUnit> <Opcode : 'and' 'or' 'xor'> <InPorts = 2> <OutPorts = 1>
ST_1 : Operation 6 [1/1] (0.00ns) (grouped into LUT with out node tmp_37)   --->   "%tmp_s = and i32 %tmp, %x_read" [src/sha256.c:33]   --->   Operation 6 'and' 'tmp_s' <Predicate = true> <Delay = 0.00> <Core = "LogicGate">   --->   Core 27 'LogicGate' <Latency = 0> <II = 1> <Delay = 0.99> <FuncUnit> <Opcode : 'and' 'or' 'xor'> <InPorts = 2> <OutPorts = 1>
ST_1 : Operation 7 [1/1] (0.00ns) (grouped into LUT with out node tmp_37)   --->   "%tmp_36 = and i32 %z_read, %y_read" [src/sha256.c:33]   --->   Operation 7 'and' 'tmp_36' <Predicate = true> <Delay = 0.00> <Core = "LogicGate">   --->   Core 27 'LogicGate' <Latency = 0> <II = 1> <Delay = 0.99> <FuncUnit> <Opcode : 'and' 'or' 'xor'> <InPorts = 2> <OutPorts = 1>
ST_1 : Operation 8 [1/1] (0.99ns) (out node of the LUT)   --->   "%tmp_37 = xor i32 %tmp_s, %tmp_36" [src/sha256.c:33]   --->   Operation 8 'xor' 'tmp_37' <Predicate = true> <Delay = 0.99> <Core = "LogicGate">   --->   Core 27 'LogicGate' <Latency = 0> <II = 1> <Delay = 0.99> <FuncUnit> <Opcode : 'and' 'or' 'xor'> <InPorts = 2> <OutPorts = 1>
ST_1 : Operation 9 [1/1] (0.00ns)   --->   "ret i32 %tmp_37" [src/sha256.c:33]   --->   Operation 9 'ret' <Predicate = true> <Delay = 0.00>


============================================================
+ Verbose Summary: Binding
============================================================
STG Binding: 
---------------- STG Properties BEGIN ----------------
- Is combinational: 1
- Is one-state seq: 0
- Is datapath-only: 0
- Is pipelined: 1
- Is top level: 0
Port [ Return ] is wired: 1; IO mode=ap_ctrl_hs:ce=0
Port [ x]:  wired=1; compound=0; hidden=0; nouse=0; global=0; static=0; extern=0; dir=0; type=0; pingpong=0; private_global=0; IO mode=ap_none:ce=0
Port [ y]:  wired=1; compound=0; hidden=0; nouse=0; global=0; static=0; extern=0; dir=0; type=0; pingpong=0; private_global=0; IO mode=ap_none:ce=0
Port [ z]:  wired=1; compound=0; hidden=0; nouse=0; global=0; static=0; extern=0; dir=0; type=0; pingpong=0; private_global=0; IO mode=ap_none:ce=0
---------------- STG Properties END ------------------

---------------- Datapath Model BEGIN ----------------

<LifeTime>
<method=bitvector/>
z_read     (read) [ 00]
y_read     (read) [ 00]
x_read     (read) [ 00]
tmp        (xor ) [ 00]
tmp_s      (and ) [ 00]
tmp_36     (and ) [ 00]
tmp_37     (xor ) [ 00]
StgValue_9 (ret ) [ 00]
</LifeTime>

<model>

<comp_list>
<comp id="0" class="1000" name="x">
<pin_list>
<pin id="1" dir="1" index="0" bw="1" slack="0"/>
</pin_list>
<bind>
<StgValue><ssdm name="x"/></StgValue>
</bind>
</comp>

<comp id="2" class="1000" name="y">
<pin_list>
<pin id="3" dir="1" index="0" bw="1" slack="0"/>
</pin_list>
<bind>
<StgValue><ssdm name="y"/></StgValue>
</bind>
</comp>

<comp id="4" class="1000" name="z">
<pin_list>
<pin id="5" dir="1" index="0" bw="1" slack="0"/>
</pin_list>
<bind>
<StgValue><ssdm name="z"/></StgValue>
</bind>
</comp>

<comp id="6" class="1001" name="const_6">
<pin_list>
<pin id="7" dir="1" index="0" bw="1" slack="0"/>
</pin_list>
<bind>
<StgValue><ssdm name="_ssdm_op_Read.ap_auto.i32"/></StgValue>
</bind>
</comp>

<comp id="8" class="1004" name="z_read_read_fu_8">
<pin_list>
<pin id="9" dir="0" index="0" bw="32" slack="0"/>
<pin id="10" dir="0" index="1" bw="32" slack="0"/>
<pin id="11" dir="1" index="2" bw="32" slack="0"/>
</pin_list>
<bind>
<opcode="read(1150) " fcode="read"/>
<opset="z_read/1 "/>
</bind>
</comp>

<comp id="14" class="1004" name="y_read_read_fu_14">
<pin_list>
<pin id="15" dir="0" index="0" bw="32" slack="0"/>
<pin id="16" dir="0" index="1" bw="32" slack="0"/>
<pin id="17" dir="1" index="2" bw="32" slack="0"/>
</pin_list>
<bind>
<opcode="read(1150) " fcode="read"/>
<opset="y_read/1 "/>
</bind>
</comp>

<comp id="20" class="1004" name="x_read_read_fu_20">
<pin_list>
<pin id="21" dir="0" index="0" bw="32" slack="0"/>
<pin id="22" dir="0" index="1" bw="32" slack="0"/>
<pin id="23" dir="1" index="2" bw="32" slack="0"/>
</pin_list>
<bind>
<opcode="read(1150) " fcode="read"/>
<opset="x_read/1 "/>
</bind>
</comp>

<comp id="26" class="1004" name="tmp_fu_26">
<pin_list>
<pin id="27" dir="0" index="0" bw="32" slack="0"/>
<pin id="28" dir="0" index="1" bw="32" slack="0"/>
<pin id="29" dir="1" index="2" bw="32" slack="0"/>
</pin_list>
<bind>
<opcode="xor(25) " fcode="xor"/>
<opset="tmp/1 "/>
</bind>
</comp>

<comp id="32" class="1004" name="tmp_s_fu_32">
<pin_list>
<pin id="33" dir="0" index="0" bw="32" slack="0"/>
<pin id="34" dir="0" index="1" bw="32" slack="0"/>
<pin id="35" dir="1" index="2" bw="32" slack="0"/>
</pin_list>
<bind>
<opcode="and(23) " fcode="and"/>
<opset="tmp_s/1 "/>
</bind>
</comp>

<comp id="38" class="1004" name="tmp_36_fu_38">
<pin_list>
<pin id="39" dir="0" index="0" bw="32" slack="0"/>
<pin id="40" dir="0" index="1" bw="32" slack="0"/>
<pin id="41" dir="1" index="2" bw="32" slack="0"/>
</pin_list>
<bind>
<opcode="and(23) " fcode="and"/>
<opset="tmp_36/1 "/>
</bind>
</comp>

<comp id="44" class="1004" name="tmp_37_fu_44">
<pin_list>
<pin id="45" dir="0" index="0" bw="32" slack="0"/>
<pin id="46" dir="0" index="1" bw="32" slack="0"/>
<pin id="47" dir="1" index="2" bw="32" slack="2147483647"/>
</pin_list>
<bind>
<opcode="xor(25) " fcode="xor"/>
<opset="tmp_37/1 "/>
</bind>
</comp>

</comp_list>

<net_list>
<net id="12"><net_src comp="6" pin="0"/><net_sink comp="8" pin=0"/></net>

<net id="13"><net_src comp="4" pin="0"/><net_sink comp="8" pin=1"/></net>

<net id="18"><net_src comp="6" pin="0"/><net_sink comp="14" pin=0"/></net>

<net id="19"><net_src comp="2" pin="0"/><net_sink comp="14" pin=1"/></net>

<net id="24"><net_src comp="6" pin="0"/><net_sink comp="20" pin=0"/></net>

<net id="25"><net_src comp="0" pin="0"/><net_sink comp="20" pin=1"/></net>

<net id="30"><net_src comp="8" pin="2"/><net_sink comp="26" pin=0"/></net>

<net id="31"><net_src comp="14" pin="2"/><net_sink comp="26" pin=1"/></net>

<net id="36"><net_src comp="26" pin="2"/><net_sink comp="32" pin=0"/></net>

<net id="37"><net_src comp="20" pin="2"/><net_sink comp="32" pin=1"/></net>

<net id="42"><net_src comp="8" pin="2"/><net_sink comp="38" pin=0"/></net>

<net id="43"><net_src comp="14" pin="2"/><net_sink comp="38" pin=1"/></net>

<net id="48"><net_src comp="32" pin="2"/><net_sink comp="44" pin=0"/></net>

<net id="49"><net_src comp="38" pin="2"/><net_sink comp="44" pin=1"/></net>

</net_list>

</model> 
---------------- Datapath Model END ------------------

* FSMD analyzer results:
  - Output states:
 - Input state : 
	Port: _Ma : x | {1 }
	Port: _Ma : y | {1 }
	Port: _Ma : z | {1 }
  - Chain level:
	State 1


============================================================
+ Verbose Summary: Datapath Resource usage 
============================================================

* Functional unit list:
|----------|-------------------|---------|---------|
| Operation|  Functional Unit  |    FF   |   LUT   |
|----------|-------------------|---------|---------|
|    xor   |     tmp_fu_26     |    0    |    32   |
|          |    tmp_37_fu_44   |    0    |    32   |
|----------|-------------------|---------|---------|
|    and   |    tmp_s_fu_32    |    0    |    32   |
|          |    tmp_36_fu_38   |    0    |    32   |
|----------|-------------------|---------|---------|
|          |  z_read_read_fu_8 |    0    |    0    |
|   read   | y_read_read_fu_14 |    0    |    0    |
|          | x_read_read_fu_20 |    0    |    0    |
|----------|-------------------|---------|---------|
|   Total  |                   |    0    |   128   |
|----------|-------------------|---------|---------|

Memories:
N/A

* Register list:
N/A

* Multiplexer (MUX) list: 
|--------|------|------|------|--------|
|  Comp  |  Pin | Size |  BW  | S x BW |
|--------|------|------|------|--------|
|  Total |      |      |      |    0   |
|--------|------|------|------|--------|



* Summary:
+-----------+--------+--------+
|           |   FF   |   LUT  |
+-----------+--------+--------+
|  Function |    0   |   128  |
|   Memory  |    -   |    -   |
|Multiplexer|    -   |    -   |
|  Register |    -   |    -   |
+-----------+--------+--------+
|   Total   |    0   |   128  |
+-----------+--------+--------+
