

================================================================
== Vivado HLS Report for 'p_Ma'
================================================================
* Date:           Sat Feb 20 20:53:43 2021

* Version:        2018.3 (Build 2405991 on Thu Dec 06 23:56:15 MST 2018)
* Project:        sha256_hls
* Solution:       solution1
* Product family: zynq
* Target device:  xc7z020clg400-1


================================================================
== Performance Estimates
================================================================
+ Timing (ns): 
    * Summary: 
    +--------+-------+----------+------------+
    |  Clock | Target| Estimated| Uncertainty|
    +--------+-------+----------+------------+
    |ap_clk  |  10.00|     0.993|        1.25|
    +--------+-------+----------+------------+

+ Latency (clock cycles): 
    * Summary: 
    +-----+-----+-----+-----+----------+
    |  Latency  |  Interval | Pipeline |
    | min | max | min | max |   Type   |
    +-----+-----+-----+-----+----------+
    |    0|    0|    1|    1| function |
    +-----+-----+-----+-----+----------+

    + Detail: 
        * Instance: 
        N/A

        * Loop: 
        N/A

============================================================
+ Verbose Summary: Synthesis Manager
============================================================
InlineROM: 1
ExposeGlobal: 0
============================================================
+ Verbose Summary: CDFG Model
============================================================
IsTopModel: 0
ResetActiveHigh: 1
IsCombinational: 0
IsDatapathOnly: 0
HasWiredReturn: 1
HasMFsm: 2
HasVarLatency: 0
IsPipeline: 1
IsRtlPipelined: 0
IsInstanceOverlapped: 0
IsDontTouch: 0
HasImplIP: 0
IsGatedGlobalClock: 0

+ Individual pipeline summary: 
  * Pipeline-0: initiation interval (II) = 1, depth = 1


============================================================
+ Verbose Summary: Schedule
============================================================
* Number of FSM states : 1
* Pipeline : 1
  Pipeline-0 : II = 1, D = 1, States = { 1 }
* Dataflow Pipeline: 0

* FSM state transitions: 
1 --> 

* FSM state operations: 

State 1 <SV = 0> <Delay = 0.99>
ST_1 : Operation 2 [1/1] (0.00ns)   --->   "%z_read = call i32 @_ssdm_op_Read.ap_auto.i32(i32 %z) nounwind" [src/sha256.c:31]   --->   Operation 2 'read' 'z_read' <Predicate = true> <Delay = 0.00>
ST_1 : Operation 3 [1/1] (0.00ns)   --->   "%y_read = call i32 @_ssdm_op_Read.ap_auto.i32(i32 %y) nounwind" [src/sha256.c:31]   --->   Operation 3 'read' 'y_read' <Predicate = true> <Delay = 0.00>
ST_1 : Operation 4 [1/1] (0.00ns)   --->   "%x_read = call i32 @_ssdm_op_Read.ap_auto.i32(i32 %x) nounwind" [src/sha256.c:31]   --->   Operation 4 'read' 'x_read' <Predicate = true> <Delay = 0.00>
ST_1 : Operation 5 [1/1] (0.00ns) (grouped into LUT with out node tmp_37)   --->   "%tmp = xor i32 %z_read, %y_read" [src/sha256.c:33]   --->   Operation 5 'xor' 'tmp' <Predicate = true> <Delay = 0.00> <Core = "LogicGate">   --->   Core 27 'LogicGate' <Latency = 0> <II = 1> <Delay = 0.99> <FuncUnit> <Opcode : 'and' 'or' 'xor'> <InPorts = 2> <OutPorts = 1>
ST_1 : Operation 6 [1/1] (0.00ns) (grouped into LUT with out node tmp_37)   --->   "%tmp_s = and i32 %tmp, %x_read" [src/sha256.c:33]   --->   Operation 6 'and' 'tmp_s' <Predicate = true> <Delay = 0.00> <Core = "LogicGate">   --->   Core 27 'LogicGate' <Latency = 0> <II = 1> <Delay = 0.99> <FuncUnit> <Opcode : 'and' 'or' 'xor'> <InPorts = 2> <OutPorts = 1>
ST_1 : Operation 7 [1/1] (0.00ns) (grouped into LUT with out node tmp_37)   --->   "%tmp_36 = and i32 %z_read, %y_read" [src/sha256.c:33]   --->   Operation 7 'and' 'tmp_36' <Predicate = true> <Delay = 0.00> <Core = "LogicGate">   --->   Core 27 'LogicGate' <Latency = 0> <II = 1> <Delay = 0.99> <FuncUnit> <Opcode : 'and' 'or' 'xor'> <InPorts = 2> <OutPorts = 1>
ST_1 : Operation 8 [1/1] (0.99ns) (out node of the LUT)   --->   "%tmp_37 = xor i32 %tmp_s, %tmp_36" [src/sha256.c:33]   --->   Operation 8 'xor' 'tmp_37' <Predicate = true> <Delay = 0.99> <Core = "LogicGate">   --->   Core 27 'LogicGate' <Latency = 0> <II = 1> <Delay = 0.99> <FuncUnit> <Opcode : 'and' 'or' 'xor'> <InPorts = 2> <OutPorts = 1>
ST_1 : Operation 9 [1/1] (0.00ns)   --->   "ret i32 %tmp_37" [src/sha256.c:33]   --->   Operation 9 'ret' <Predicate = true> <Delay = 0.00>


============================================================
+ Verbose Summary: Timing violations
============================================================
Target clock period: 10ns, clock uncertainty: 1.25ns.

 <State 1>: 0.993ns
The critical path consists of the following:
	wire read on port 'z' (src/sha256.c:31) [4]  (0 ns)
	'and' operation ('tmp_36', src/sha256.c:33) [9]  (0 ns)
	'xor' operation ('tmp_37', src/sha256.c:33) [10]  (0.993 ns)


============================================================
+ Verbose Summary: Binding
============================================================
N/A
* FSMD analyzer results:
  - Output states:
 - Input state : 
  - Chain level:
	State 1


============================================================
+ Verbose Summary: Datapath Resource usage 
============================================================
N/A
