

================================================================
== Vivado HLS Report for 'sha256_done'
================================================================
* Date:           Sun Feb 21 21:04:22 2021

* Version:        2018.3 (Build 2405991 on Thu Dec 06 23:56:15 MST 2018)
* Project:        sha256_hls
* Solution:       solution1
* Product family: zynq
* Target device:  xc7z020clg400-1


================================================================
== Performance Estimates
================================================================
+ Timing (ns): 
    * Summary: 
    +--------+-------+----------+------------+
    |  Clock | Target| Estimated| Uncertainty|
    +--------+-------+----------+------------+
    |ap_clk  |  10.00|     8.750|        1.25|
    +--------+-------+----------+------------+

+ Latency (clock cycles): 
    * Summary: 
    +-----+-----+-----+-----+---------+
    |  Latency  |  Interval | Pipeline|
    | min | max | min | max |   Type  |
    +-----+-----+-----+-----+---------+
    |  232|  506|  232|  506|   none  |
    +-----+-----+-----+-----+---------+

    + Detail: 
        * Instance: 
        N/A

        * Loop: 
        +----------------------+-----+-----+----------+-----------+-----------+--------+----------+
        |                      |  Latency  | Iteration|  Initiation Interval  |  Trip  |          |
        |       Loop Name      | min | max |  Latency |  achieved |   target  |  Count | Pipelined|
        +----------------------+-----+-----+----------+-----------+-----------+--------+----------+
        |- sha256_done_label3  |    0|   64|         1|          -|          -| 0 ~ 64 |    no    |
        |- sha256_done_label4  |    8|    8|         1|          -|          -|       8|    no    |
        |- sha256_done_label5  |   16|   16|         4|          -|          -|       4|    no    |
        |- sha256_done_label0  |   33|   33|         3|          1|          1|      32|    yes   |
        +----------------------+-----+-----+----------+-----------+-----------+--------+----------+

============================================================
+ Verbose Summary: Synthesis Manager
============================================================
InlineROM: 1
ExposeGlobal: 0
============================================================
+ Verbose Summary: CDFG Model
============================================================
IsTopModel: 0
ResetActiveHigh: 1
IsCombinational: 0
IsDatapathOnly: 0
HasWiredReturn: 1
HasMFsm: 0
HasVarLatency: 1
IsPipeline: 0
IsRtlPipelined: 0
IsInstanceOverlapped: 0
IsDontTouch: 0
HasImplIP: 0
IsGatedGlobalClock: 0

+ Individual pipeline summary: 
  * Pipeline-0: initiation interval (II) = 1, depth = 3


============================================================
+ Verbose Summary: Schedule
============================================================
* Number of FSM states : 21
* Pipeline : 1
  Pipeline-0 : II = 1, D = 3, States = { 14 15 16 }
* Dataflow Pipeline: 0

* FSM state transitions: 
1 --> 
	2  / true
2 --> 
	2  / (!exitcond)
	3  / (exitcond & tmp_5)
	4  / (exitcond & !tmp_5)
3 --> 
	4  / true
4 --> 
	4  / (tmp_5 & !tmp_7)
	5  / (tmp_7) | (!tmp_5)
5 --> 
	6  / true
6 --> 
	7  / true
7 --> 
	8  / true
8 --> 
	9  / true
9 --> 
	10  / true
10 --> 
	11  / (!ptr_cmp & !tmp_2)
	14  / (tmp_2) | (ptr_cmp)
11 --> 
	12  / true
12 --> 
	13  / true
13 --> 
	10  / true
14 --> 
	17  / (tmp_22)
	15  / (!tmp_22)
15 --> 
	16  / true
16 --> 
	14  / true
17 --> 
	18  / true
18 --> 
	19  / true
19 --> 
	20  / true
20 --> 
	21  / true
21 --> 

* FSM state operations: 

State 1 <SV = 0> <Delay = 2.32>
ST_1 : Operation 22 [1/1] (0.00ns)   --->   "%hash_offset_read = call i32 @_ssdm_op_Read.ap_auto.i32(i32 %hash_offset)" [src/sha256.c:170]   --->   Operation 22 'read' 'hash_offset_read' <Predicate = true> <Delay = 0.00>
ST_1 : Operation 23 [1/1] (0.00ns)   --->   "%sha256_len_read = call i32 @_ssdm_op_Read.ap_auto.i32(i32 %sha256_len)" [src/sha256.c:170]   --->   Operation 23 'read' 'sha256_len_read' <Predicate = true> <Delay = 0.00>
ST_1 : Operation 24 [1/1] (0.00ns)   --->   "%sha256_bits_1_read_1 = call i32 @_ssdm_op_Read.ap_auto.i32(i32 %sha256_bits_1_read)" [src/sha256.c:170]   --->   Operation 24 'read' 'sha256_bits_1_read_1' <Predicate = true> <Delay = 0.00>
ST_1 : Operation 25 [1/1] (0.00ns)   --->   "%sha256_bits_0_read_1 = call i32 @_ssdm_op_Read.ap_auto.i32(i32 %sha256_bits_0_read)" [src/sha256.c:170]   --->   Operation 25 'read' 'sha256_bits_0_read_1' <Predicate = true> <Delay = 0.00>
ST_1 : Operation 26 [1/1] (0.00ns)   --->   "%sha256hash_7_read_1 = call i32 @_ssdm_op_Read.ap_auto.i32(i32 %sha256hash_7_read)" [src/sha256.c:170]   --->   Operation 26 'read' 'sha256hash_7_read_1' <Predicate = true> <Delay = 0.00>
ST_1 : Operation 27 [1/1] (0.00ns)   --->   "%sha256hash_6_read_1 = call i32 @_ssdm_op_Read.ap_auto.i32(i32 %sha256hash_6_read)" [src/sha256.c:170]   --->   Operation 27 'read' 'sha256hash_6_read_1' <Predicate = true> <Delay = 0.00>
ST_1 : Operation 28 [1/1] (0.00ns)   --->   "%sha256hash_5_read_1 = call i32 @_ssdm_op_Read.ap_auto.i32(i32 %sha256hash_5_read)" [src/sha256.c:170]   --->   Operation 28 'read' 'sha256hash_5_read_1' <Predicate = true> <Delay = 0.00>
ST_1 : Operation 29 [1/1] (0.00ns)   --->   "%sha256hash_4_read_1 = call i32 @_ssdm_op_Read.ap_auto.i32(i32 %sha256hash_4_read)" [src/sha256.c:170]   --->   Operation 29 'read' 'sha256hash_4_read_1' <Predicate = true> <Delay = 0.00>
ST_1 : Operation 30 [1/1] (0.00ns)   --->   "%sha256hash_3_read_1 = call i32 @_ssdm_op_Read.ap_auto.i32(i32 %sha256hash_3_read)" [src/sha256.c:170]   --->   Operation 30 'read' 'sha256hash_3_read_1' <Predicate = true> <Delay = 0.00>
ST_1 : Operation 31 [1/1] (0.00ns)   --->   "%sha256hash_2_read_1 = call i32 @_ssdm_op_Read.ap_auto.i32(i32 %sha256hash_2_read)" [src/sha256.c:170]   --->   Operation 31 'read' 'sha256hash_2_read_1' <Predicate = true> <Delay = 0.00>
ST_1 : Operation 32 [1/1] (0.00ns)   --->   "%sha256hash_1_read_1 = call i32 @_ssdm_op_Read.ap_auto.i32(i32 %sha256hash_1_read)" [src/sha256.c:170]   --->   Operation 32 'read' 'sha256hash_1_read_1' <Predicate = true> <Delay = 0.00>
ST_1 : Operation 33 [1/1] (0.00ns)   --->   "%sha256hash_0_read_1 = call i32 @_ssdm_op_Read.ap_auto.i32(i32 %sha256hash_0_read)" [src/sha256.c:170]   --->   Operation 33 'read' 'sha256hash_0_read_1' <Predicate = true> <Delay = 0.00>
ST_1 : Operation 34 [1/1] (0.00ns)   --->   "%tmp_s = sext i32 %hash_offset_read to i64" [src/sha256.c:170]   --->   Operation 34 'sext' 'tmp_s' <Predicate = true> <Delay = 0.00>
ST_1 : Operation 35 [1/1] (0.00ns)   --->   "%tmp_10 = trunc i32 %hash_offset_read to i11" [src/sha256.c:170]   --->   Operation 35 'trunc' 'tmp_10' <Predicate = true> <Delay = 0.00>
ST_1 : Operation 36 [1/1] (0.00ns)   --->   "%hash_addr = getelementptr i8* %hash, i64 %tmp_s" [src/sha256.c:170]   --->   Operation 36 'getelementptr' 'hash_addr' <Predicate = true> <Delay = 0.00>
ST_1 : Operation 37 [1/1] (0.00ns)   --->   "call void (...)* @_ssdm_op_SpecInterface(i8* %hash, [6 x i8]* @p_str6, i32 0, i32 0, [1 x i8]* @p_str1, i32 0, i32 900000, [7 x i8]* @p_str9, [6 x i8]* @p_str8, [1 x i8]* @p_str1, i32 16, i32 16, i32 16, i32 16, [1 x i8]* @p_str1, [1 x i8]* @p_str1)"   --->   Operation 37 'specinterface' <Predicate = true> <Delay = 0.00>
ST_1 : Operation 38 [1/1] (0.00ns)   --->   "%hash_tmp = alloca [32 x i8], align 16" [src/sha256.c:173]   --->   Operation 38 'alloca' 'hash_tmp' <Predicate = true> <Delay = 0.00> <Core = "RAM">   --->   Core 37 'RAM' <Latency = 1> <II = 1> <Delay = 2.32> <Storage> <Opcode : 'load' 'store'> <Ports = 2> <Width = 8> <Depth = 32> <RAM>
ST_1 : Operation 39 [1/1] (0.00ns)   --->   "%j = trunc i32 %sha256_len_read to i3" [src/sha256.c:174]   --->   Operation 39 'trunc' 'j' <Predicate = true> <Delay = 0.00>
ST_1 : Operation 40 [1/1] (0.00ns)   --->   "%j_cast = zext i3 %j to i32" [src/sha256.c:174]   --->   Operation 40 'zext' 'j_cast' <Predicate = true> <Delay = 0.00>
ST_1 : Operation 41 [1/1] (0.00ns)   --->   "%tmp = zext i3 %j to i64" [src/sha256.c:175]   --->   Operation 41 'zext' 'tmp' <Predicate = true> <Delay = 0.00>
ST_1 : Operation 42 [1/1] (0.00ns)   --->   "%sha256_buf_addr = getelementptr [64 x i8]* %sha256_buf, i64 0, i64 %tmp" [src/sha256.c:175]   --->   Operation 42 'getelementptr' 'sha256_buf_addr' <Predicate = true> <Delay = 0.00>
ST_1 : Operation 43 [1/1] (2.32ns)   --->   "store i8 -128, i8* %sha256_buf_addr, align 1" [src/sha256.c:175]   --->   Operation 43 'store' <Predicate = true> <Delay = 2.32> <Core = "RAM">   --->   Core 37 'RAM' <Latency = 1> <II = 1> <Delay = 2.32> <Storage> <Opcode : 'load' 'store'> <Ports = 2> <Width = 8> <Depth = 32> <RAM>
ST_1 : Operation 44 [1/1] (1.76ns)   --->   "br label %1" [src/sha256.c:177]   --->   Operation 44 'br' <Predicate = true> <Delay = 1.76>

State 2 <SV = 1> <Delay = 4.87>
ST_2 : Operation 45 [1/1] (0.00ns)   --->   "%i_0_in = phi i32 [ %j_cast, %0 ], [ %i, %2 ]"   --->   Operation 45 'phi' 'i_0_in' <Predicate = true> <Delay = 0.00>
ST_2 : Operation 46 [1/1] (2.55ns)   --->   "%i = add i32 %i_0_in, 1" [src/sha256.c:177]   --->   Operation 46 'add' 'i' <Predicate = true> <Delay = 2.55> <Core = "AddSub">   --->   Core 14 'AddSub' <Latency = 0> <II = 1> <Delay = 1.82> <FuncUnit> <Opcode : 'add' 'sub'> <InPorts = 2> <OutPorts = 1>
ST_2 : Operation 47 [1/1] (2.47ns)   --->   "%exitcond = icmp eq i32 %i_0_in, 7" [src/sha256.c:177]   --->   Operation 47 'icmp' 'exitcond' <Predicate = true> <Delay = 2.47> <Core = "Cmp">   --->   Core 25 'Cmp' <Latency = 0> <II = 1> <Delay = 1.13> <FuncUnit> <Opcode : 'icmp'> <InPorts = 2> <OutPorts = 1>
ST_2 : Operation 48 [1/1] (0.00ns)   --->   "br i1 %exitcond, label %3, label %2" [src/sha256.c:177]   --->   Operation 48 'br' <Predicate = true> <Delay = 0.00>
ST_2 : Operation 49 [1/1] (0.00ns)   --->   "call void (...)* @_ssdm_op_SpecLoopName([19 x i8]* @p_str2) nounwind" [src/sha256.c:178]   --->   Operation 49 'specloopname' <Predicate = (!exitcond)> <Delay = 0.00>
ST_2 : Operation 50 [1/1] (0.00ns)   --->   "%tmp_1 = call i32 (...)* @_ssdm_op_SpecRegionBegin([19 x i8]* @p_str2)" [src/sha256.c:178]   --->   Operation 50 'specregionbegin' 'tmp_1' <Predicate = (!exitcond)> <Delay = 0.00>
ST_2 : Operation 51 [1/1] (0.00ns)   --->   "call void (...)* @_ssdm_op_SpecLoopTripCount(i32 0, i32 64, i32 32, [1 x i8]* @p_str1) nounwind" [src/sha256.c:178]   --->   Operation 51 'speclooptripcount' <Predicate = (!exitcond)> <Delay = 0.00>
ST_2 : Operation 52 [1/1] (0.00ns)   --->   "%tmp_6 = zext i32 %i to i64" [src/sha256.c:179]   --->   Operation 52 'zext' 'tmp_6' <Predicate = (!exitcond)> <Delay = 0.00>
ST_2 : Operation 53 [1/1] (0.00ns)   --->   "%sha256_buf_addr_1 = getelementptr [64 x i8]* %sha256_buf, i64 0, i64 %tmp_6" [src/sha256.c:179]   --->   Operation 53 'getelementptr' 'sha256_buf_addr_1' <Predicate = (!exitcond)> <Delay = 0.00>
ST_2 : Operation 54 [1/1] (2.32ns)   --->   "store i8 0, i8* %sha256_buf_addr_1, align 1" [src/sha256.c:179]   --->   Operation 54 'store' <Predicate = (!exitcond)> <Delay = 2.32> <Core = "RAM">   --->   Core 37 'RAM' <Latency = 1> <II = 1> <Delay = 2.32> <Storage> <Opcode : 'load' 'store'> <Ports = 2> <Width = 8> <Depth = 32> <RAM>
ST_2 : Operation 55 [1/1] (0.00ns)   --->   "%empty = call i32 (...)* @_ssdm_op_SpecRegionEnd([19 x i8]* @p_str2, i32 %tmp_1)" [src/sha256.c:179]   --->   Operation 55 'specregionend' 'empty' <Predicate = (!exitcond)> <Delay = 0.00>
ST_2 : Operation 56 [1/1] (0.00ns)   --->   "br label %1" [src/sha256.c:177]   --->   Operation 56 'br' <Predicate = (!exitcond)> <Delay = 0.00>
ST_2 : Operation 57 [1/1] (2.47ns)   --->   "%tmp_5 = icmp ugt i32 %sha256_len_read, 55" [src/sha256.c:181]   --->   Operation 57 'icmp' 'tmp_5' <Predicate = (exitcond)> <Delay = 2.47> <Core = "Cmp">   --->   Core 25 'Cmp' <Latency = 0> <II = 1> <Delay = 1.13> <FuncUnit> <Opcode : 'icmp'> <InPorts = 2> <OutPorts = 1>
ST_2 : Operation 58 [1/1] (1.76ns)   --->   "br i1 %tmp_5, label %4, label %.loopexit1" [src/sha256.c:181]   --->   Operation 58 'br' <Predicate = (exitcond)> <Delay = 1.76>
ST_2 : Operation 59 [2/2] (3.53ns)   --->   "%p_hash_ret = call fastcc { i32, i32, i32, i32, i32, i32, i32, i32 } @_hash([64 x i8]* %sha256_buf, i32 %sha256hash_0_read_1, i32 %sha256hash_1_read_1, i32 %sha256hash_2_read_1, i32 %sha256hash_3_read_1, i32 %sha256hash_4_read_1, i32 %sha256hash_5_read_1, i32 %sha256hash_6_read_1, i32 %sha256hash_7_read_1)" [src/sha256.c:182]   --->   Operation 59 'call' 'p_hash_ret' <Predicate = (exitcond & tmp_5)> <Delay = 3.53> <CoreType = "Generic">   --->   Core 0 '' <Latency = 0> <II = 1> <Delay = 1.00> <Generic> <Opcode : >

State 3 <SV = 2> <Delay = 2.55>
ST_3 : Operation 60 [1/2] (2.55ns)   --->   "%p_hash_ret = call fastcc { i32, i32, i32, i32, i32, i32, i32, i32 } @_hash([64 x i8]* %sha256_buf, i32 %sha256hash_0_read_1, i32 %sha256hash_1_read_1, i32 %sha256hash_2_read_1, i32 %sha256hash_3_read_1, i32 %sha256hash_4_read_1, i32 %sha256hash_5_read_1, i32 %sha256hash_6_read_1, i32 %sha256hash_7_read_1)" [src/sha256.c:182]   --->   Operation 60 'call' 'p_hash_ret' <Predicate = true> <Delay = 2.55> <CoreType = "Generic">   --->   Core 0 '' <Latency = 0> <II = 1> <Delay = 1.00> <Generic> <Opcode : >
ST_3 : Operation 61 [1/1] (0.00ns)   --->   "%sha256hash_0_ret = extractvalue { i32, i32, i32, i32, i32, i32, i32, i32 } %p_hash_ret, 0" [src/sha256.c:182]   --->   Operation 61 'extractvalue' 'sha256hash_0_ret' <Predicate = true> <Delay = 0.00>
ST_3 : Operation 62 [1/1] (0.00ns)   --->   "%sha256hash_1_ret = extractvalue { i32, i32, i32, i32, i32, i32, i32, i32 } %p_hash_ret, 1" [src/sha256.c:182]   --->   Operation 62 'extractvalue' 'sha256hash_1_ret' <Predicate = true> <Delay = 0.00>
ST_3 : Operation 63 [1/1] (0.00ns)   --->   "%sha256hash_2_ret = extractvalue { i32, i32, i32, i32, i32, i32, i32, i32 } %p_hash_ret, 2" [src/sha256.c:182]   --->   Operation 63 'extractvalue' 'sha256hash_2_ret' <Predicate = true> <Delay = 0.00>
ST_3 : Operation 64 [1/1] (0.00ns)   --->   "%sha256hash_3_ret = extractvalue { i32, i32, i32, i32, i32, i32, i32, i32 } %p_hash_ret, 3" [src/sha256.c:182]   --->   Operation 64 'extractvalue' 'sha256hash_3_ret' <Predicate = true> <Delay = 0.00>
ST_3 : Operation 65 [1/1] (0.00ns)   --->   "%sha256hash_4_ret = extractvalue { i32, i32, i32, i32, i32, i32, i32, i32 } %p_hash_ret, 4" [src/sha256.c:182]   --->   Operation 65 'extractvalue' 'sha256hash_4_ret' <Predicate = true> <Delay = 0.00>
ST_3 : Operation 66 [1/1] (0.00ns)   --->   "%sha256hash_5_ret = extractvalue { i32, i32, i32, i32, i32, i32, i32, i32 } %p_hash_ret, 5" [src/sha256.c:182]   --->   Operation 66 'extractvalue' 'sha256hash_5_ret' <Predicate = true> <Delay = 0.00>
ST_3 : Operation 67 [1/1] (0.00ns)   --->   "%sha256hash_6_ret = extractvalue { i32, i32, i32, i32, i32, i32, i32, i32 } %p_hash_ret, 6" [src/sha256.c:182]   --->   Operation 67 'extractvalue' 'sha256hash_6_ret' <Predicate = true> <Delay = 0.00>
ST_3 : Operation 68 [1/1] (0.00ns)   --->   "%sha256hash_7_ret = extractvalue { i32, i32, i32, i32, i32, i32, i32, i32 } %p_hash_ret, 7" [src/sha256.c:182]   --->   Operation 68 'extractvalue' 'sha256hash_7_ret' <Predicate = true> <Delay = 0.00>
ST_3 : Operation 69 [1/1] (1.76ns)   --->   "br label %5" [src/sha256.c:184]   --->   Operation 69 'br' <Predicate = true> <Delay = 1.76>

State 4 <SV = 3> <Delay = 4.39>
ST_4 : Operation 70 [1/1] (0.00ns)   --->   "%j1 = phi i4 [ 0, %4 ], [ %j_1, %6 ]"   --->   Operation 70 'phi' 'j1' <Predicate = (tmp_5)> <Delay = 0.00>
ST_4 : Operation 71 [1/1] (1.30ns)   --->   "%tmp_7 = icmp eq i4 %j1, -8" [src/sha256.c:184]   --->   Operation 71 'icmp' 'tmp_7' <Predicate = (tmp_5)> <Delay = 1.30> <Core = "Cmp">   --->   Core 25 'Cmp' <Latency = 0> <II = 1> <Delay = 1.13> <FuncUnit> <Opcode : 'icmp'> <InPorts = 2> <OutPorts = 1>
ST_4 : Operation 72 [1/1] (0.00ns)   --->   "call void (...)* @_ssdm_op_SpecLoopTripCount(i64 8, i64 8, i64 8)"   --->   Operation 72 'speclooptripcount' <Predicate = (tmp_5)> <Delay = 0.00>
ST_4 : Operation 73 [1/1] (1.73ns)   --->   "%j_1 = add i4 %j1, 1" [src/sha256.c:184]   --->   Operation 73 'add' 'j_1' <Predicate = (tmp_5)> <Delay = 1.73> <Core = "AddSub">   --->   Core 14 'AddSub' <Latency = 0> <II = 1> <Delay = 1.82> <FuncUnit> <Opcode : 'add' 'sub'> <InPorts = 2> <OutPorts = 1>
ST_4 : Operation 74 [1/1] (0.00ns)   --->   "br i1 %tmp_7, label %.loopexit1.loopexit, label %6" [src/sha256.c:184]   --->   Operation 74 'br' <Predicate = (tmp_5)> <Delay = 0.00>
ST_4 : Operation 75 [1/1] (0.00ns)   --->   "call void (...)* @_ssdm_op_SpecLoopName([19 x i8]* @p_str3) nounwind" [src/sha256.c:186]   --->   Operation 75 'specloopname' <Predicate = (tmp_5 & !tmp_7)> <Delay = 0.00>
ST_4 : Operation 76 [1/1] (0.00ns)   --->   "%tmp_8 = zext i4 %j1 to i64" [src/sha256.c:186]   --->   Operation 76 'zext' 'tmp_8' <Predicate = (tmp_5 & !tmp_7)> <Delay = 0.00>
ST_4 : Operation 77 [1/1] (0.00ns)   --->   "%sha256_buf_addr_10 = getelementptr [64 x i8]* %sha256_buf, i64 0, i64 %tmp_8" [src/sha256.c:186]   --->   Operation 77 'getelementptr' 'sha256_buf_addr_10' <Predicate = (tmp_5 & !tmp_7)> <Delay = 0.00>
ST_4 : Operation 78 [1/1] (2.32ns)   --->   "store i8 0, i8* %sha256_buf_addr_10, align 1" [src/sha256.c:186]   --->   Operation 78 'store' <Predicate = (tmp_5 & !tmp_7)> <Delay = 2.32> <Core = "RAM">   --->   Core 37 'RAM' <Latency = 1> <II = 1> <Delay = 2.32> <Storage> <Opcode : 'load' 'store'> <Ports = 2> <Width = 8> <Depth = 32> <RAM>
ST_4 : Operation 79 [1/1] (0.00ns)   --->   "br label %5" [src/sha256.c:184]   --->   Operation 79 'br' <Predicate = (tmp_5 & !tmp_7)> <Delay = 0.00>
ST_4 : Operation 80 [1/1] (1.76ns)   --->   "br label %.loopexit1"   --->   Operation 80 'br' <Predicate = (tmp_5 & tmp_7)> <Delay = 1.76>
ST_4 : Operation 81 [1/1] (0.00ns)   --->   "%tmp_18 = shl i32 %sha256_len_read, 3" [src/sha256.c:189]   --->   Operation 81 'shl' 'tmp_18' <Predicate = (tmp_7) | (!tmp_5)> <Delay = 0.00>
ST_4 : Operation 82 [1/1] (0.00ns) (grouped into LUT with out node tmp_i_9)   --->   "%tmp_i = xor i32 %tmp_18, -1" [src/sha256.c:69->src/sha256.c:189]   --->   Operation 82 'xor' 'tmp_i' <Predicate = (tmp_7) | (!tmp_5)> <Delay = 0.00> <Core = "LogicGate">   --->   Core 27 'LogicGate' <Latency = 0> <II = 1> <Delay = 0.96> <FuncUnit> <Opcode : 'and' 'or' 'xor'> <InPorts = 2> <OutPorts = 1>
ST_4 : Operation 83 [1/1] (2.47ns) (out node of the LUT)   --->   "%tmp_i_9 = icmp ugt i32 %sha256_bits_0_read_1, %tmp_i" [src/sha256.c:69->src/sha256.c:189]   --->   Operation 83 'icmp' 'tmp_i_9' <Predicate = (tmp_7) | (!tmp_5)> <Delay = 2.47> <Core = "Cmp">   --->   Core 25 'Cmp' <Latency = 0> <II = 1> <Delay = 1.13> <FuncUnit> <Opcode : 'icmp'> <InPorts = 2> <OutPorts = 1>
ST_4 : Operation 84 [1/1] (2.55ns)   --->   "%tmp_89_i = add i32 1, %sha256_bits_1_read_1" [src/sha256.c:70->src/sha256.c:189]   --->   Operation 84 'add' 'tmp_89_i' <Predicate = (tmp_7) | (!tmp_5)> <Delay = 2.55> <Core = "AddSub">   --->   Core 14 'AddSub' <Latency = 0> <II = 1> <Delay = 1.82> <FuncUnit> <Opcode : 'add' 'sub'> <InPorts = 2> <OutPorts = 1>
ST_4 : Operation 85 [1/1] (0.69ns)   --->   "%x_assign_1 = select i1 %tmp_i_9, i32 %tmp_89_i, i32 %sha256_bits_1_read_1" [src/sha256.c:69->src/sha256.c:189]   --->   Operation 85 'select' 'x_assign_1' <Predicate = (tmp_7) | (!tmp_5)> <Delay = 0.69> <Core = "Sel">   --->   Core 26 'Sel' <Latency = 0> <II = 1> <Delay = 0.69> <FuncUnit> <Opcode : 'select'> <InPorts = 3> <OutPorts = 1>
ST_4 : Operation 86 [1/1] (0.00ns)   --->   "%tmp_20 = trunc i32 %sha256_bits_0_read_1 to i8" [src/sha256.c:170]   --->   Operation 86 'trunc' 'tmp_20' <Predicate = (tmp_7) | (!tmp_5)> <Delay = 0.00>
ST_4 : Operation 87 [1/1] (0.00ns)   --->   "%tmp_26 = trunc i32 %sha256_len_read to i5" [src/sha256.c:170]   --->   Operation 87 'trunc' 'tmp_26' <Predicate = (tmp_7) | (!tmp_5)> <Delay = 0.00>
ST_4 : Operation 88 [1/1] (0.00ns)   --->   "%tmp_12 = call i8 @_ssdm_op_BitConcatenate.i8.i5.i3(i5 %tmp_26, i3 0)" [src/sha256.c:170]   --->   Operation 88 'bitconcatenate' 'tmp_12' <Predicate = (tmp_7) | (!tmp_5)> <Delay = 0.00>
ST_4 : Operation 89 [1/1] (0.00ns)   --->   "%tmp_30 = trunc i32 %sha256_bits_0_read_1 to i16" [src/sha256.c:170]   --->   Operation 89 'trunc' 'tmp_30' <Predicate = (tmp_7) | (!tmp_5)> <Delay = 0.00>
ST_4 : Operation 90 [1/1] (0.00ns)   --->   "%tmp_31 = trunc i32 %sha256_len_read to i13" [src/sha256.c:170]   --->   Operation 90 'trunc' 'tmp_31' <Predicate = (tmp_7) | (!tmp_5)> <Delay = 0.00>
ST_4 : Operation 91 [1/1] (0.00ns)   --->   "%tmp_14 = call i16 @_ssdm_op_BitConcatenate.i16.i13.i3(i13 %tmp_31, i3 0)" [src/sha256.c:170]   --->   Operation 91 'bitconcatenate' 'tmp_14' <Predicate = (tmp_7) | (!tmp_5)> <Delay = 0.00>
ST_4 : Operation 92 [1/1] (0.00ns)   --->   "%tmp_32 = trunc i32 %sha256_bits_0_read_1 to i24" [src/sha256.c:170]   --->   Operation 92 'trunc' 'tmp_32' <Predicate = (tmp_7) | (!tmp_5)> <Delay = 0.00>
ST_4 : Operation 93 [1/1] (0.00ns)   --->   "%tmp_33 = trunc i32 %sha256_len_read to i21" [src/sha256.c:170]   --->   Operation 93 'trunc' 'tmp_33' <Predicate = (tmp_7) | (!tmp_5)> <Delay = 0.00>
ST_4 : Operation 94 [1/1] (0.00ns)   --->   "%tmp_25 = call i24 @_ssdm_op_BitConcatenate.i24.i21.i3(i21 %tmp_33, i3 0)" [src/sha256.c:170]   --->   Operation 94 'bitconcatenate' 'tmp_25' <Predicate = (tmp_7) | (!tmp_5)> <Delay = 0.00>
ST_4 : Operation 95 [1/1] (2.55ns)   --->   "%sha256_bits_0_write = add i32 %sha256_bits_0_read_1, %tmp_18" [src/sha256.c:71->src/sha256.c:189]   --->   Operation 95 'add' 'sha256_bits_0_write' <Predicate = (tmp_7) | (!tmp_5)> <Delay = 2.55> <Core = "AddSub">   --->   Core 14 'AddSub' <Latency = 0> <II = 1> <Delay = 1.82> <FuncUnit> <Opcode : 'add' 'sub'> <InPorts = 2> <OutPorts = 1>
ST_4 : Operation 96 [1/1] (2.31ns)   --->   "%sha256_bits_0_write_1 = add i24 %tmp_25, %tmp_32" [src/sha256.c:67->src/sha256.c:189]   --->   Operation 96 'add' 'sha256_bits_0_write_1' <Predicate = (tmp_7) | (!tmp_5)> <Delay = 2.31> <Core = "AddSub">   --->   Core 14 'AddSub' <Latency = 0> <II = 1> <Delay = 1.82> <FuncUnit> <Opcode : 'add' 'sub'> <InPorts = 2> <OutPorts = 1>
ST_4 : Operation 97 [1/1] (2.07ns)   --->   "%sha256_bits_0_write_2 = add i16 %tmp_14, %tmp_30" [src/sha256.c:67->src/sha256.c:189]   --->   Operation 97 'add' 'sha256_bits_0_write_2' <Predicate = (tmp_7) | (!tmp_5)> <Delay = 2.07> <Core = "AddSub">   --->   Core 14 'AddSub' <Latency = 0> <II = 1> <Delay = 1.82> <FuncUnit> <Opcode : 'add' 'sub'> <InPorts = 2> <OutPorts = 1>
ST_4 : Operation 98 [1/1] (1.91ns)   --->   "%tmp_48_i = add i8 %tmp_12, %tmp_20" [src/sha256.c:9->src/sha256.c:190]   --->   Operation 98 'add' 'tmp_48_i' <Predicate = (tmp_7) | (!tmp_5)> <Delay = 1.91> <Core = "AddSub">   --->   Core 14 'AddSub' <Latency = 0> <II = 1> <Delay = 1.82> <FuncUnit> <Opcode : 'add' 'sub'> <InPorts = 2> <OutPorts = 1>
ST_4 : Operation 99 [1/1] (0.00ns)   --->   "%sha256_buf_addr_2 = getelementptr [64 x i8]* %sha256_buf, i64 0, i64 63" [src/sha256.c:190]   --->   Operation 99 'getelementptr' 'sha256_buf_addr_2' <Predicate = (tmp_7) | (!tmp_5)> <Delay = 0.00>
ST_4 : Operation 100 [1/1] (2.32ns)   --->   "store i8 %tmp_48_i, i8* %sha256_buf_addr_2, align 1" [src/sha256.c:190]   --->   Operation 100 'store' <Predicate = (tmp_7) | (!tmp_5)> <Delay = 2.32> <Core = "RAM">   --->   Core 37 'RAM' <Latency = 1> <II = 1> <Delay = 2.32> <Storage> <Opcode : 'load' 'store'> <Ports = 2> <Width = 8> <Depth = 32> <RAM>
ST_4 : Operation 101 [1/1] (0.00ns)   --->   "%tmp_48_i2 = call i8 @_ssdm_op_PartSelect.i8.i16.i32.i32(i16 %sha256_bits_0_write_2, i32 8, i32 15)" [src/sha256.c:9->src/sha256.c:191]   --->   Operation 101 'partselect' 'tmp_48_i2' <Predicate = (tmp_7) | (!tmp_5)> <Delay = 0.00>
ST_4 : Operation 102 [1/1] (0.00ns)   --->   "%sha256_buf_addr_3 = getelementptr [64 x i8]* %sha256_buf, i64 0, i64 62" [src/sha256.c:191]   --->   Operation 102 'getelementptr' 'sha256_buf_addr_3' <Predicate = (tmp_7) | (!tmp_5)> <Delay = 0.00>
ST_4 : Operation 103 [1/1] (2.32ns)   --->   "store i8 %tmp_48_i2, i8* %sha256_buf_addr_3, align 1" [src/sha256.c:191]   --->   Operation 103 'store' <Predicate = (tmp_7) | (!tmp_5)> <Delay = 2.32> <Core = "RAM">   --->   Core 37 'RAM' <Latency = 1> <II = 1> <Delay = 2.32> <Storage> <Opcode : 'load' 'store'> <Ports = 2> <Width = 8> <Depth = 32> <RAM>
ST_4 : Operation 104 [1/1] (0.00ns)   --->   "%tmp_48_i4 = call i8 @_ssdm_op_PartSelect.i8.i24.i32.i32(i24 %sha256_bits_0_write_1, i32 16, i32 23)" [src/sha256.c:9->src/sha256.c:192]   --->   Operation 104 'partselect' 'tmp_48_i4' <Predicate = (tmp_7) | (!tmp_5)> <Delay = 0.00>
ST_4 : Operation 105 [1/1] (0.00ns)   --->   "%tmp_48_i6 = call i8 @_ssdm_op_PartSelect.i8.i32.i32.i32(i32 %sha256_bits_0_write, i32 24, i32 31)" [src/sha256.c:9->src/sha256.c:193]   --->   Operation 105 'partselect' 'tmp_48_i6' <Predicate = (tmp_7) | (!tmp_5)> <Delay = 0.00>
ST_4 : Operation 106 [1/1] (0.00ns)   --->   "%tmp_34 = trunc i32 %x_assign_1 to i8" [src/sha256.c:9->src/sha256.c:194]   --->   Operation 106 'trunc' 'tmp_34' <Predicate = (tmp_7) | (!tmp_5)> <Delay = 0.00>
ST_4 : Operation 107 [1/1] (0.00ns)   --->   "%tmp_48_i9 = call i8 @_ssdm_op_PartSelect.i8.i32.i32.i32(i32 %x_assign_1, i32 8, i32 15)" [src/sha256.c:9->src/sha256.c:195]   --->   Operation 107 'partselect' 'tmp_48_i9' <Predicate = (tmp_7) | (!tmp_5)> <Delay = 0.00>
ST_4 : Operation 108 [1/1] (0.00ns)   --->   "%tmp_48_i1 = call i8 @_ssdm_op_PartSelect.i8.i32.i32.i32(i32 %x_assign_1, i32 16, i32 23)" [src/sha256.c:9->src/sha256.c:196]   --->   Operation 108 'partselect' 'tmp_48_i1' <Predicate = (tmp_7) | (!tmp_5)> <Delay = 0.00>
ST_4 : Operation 109 [1/1] (0.00ns)   --->   "%tmp_48_i3 = call i8 @_ssdm_op_PartSelect.i8.i32.i32.i32(i32 %x_assign_1, i32 24, i32 31)" [src/sha256.c:9->src/sha256.c:197]   --->   Operation 109 'partselect' 'tmp_48_i3' <Predicate = (tmp_7) | (!tmp_5)> <Delay = 0.00>
ST_4 : Operation 110 [1/1] (1.88ns)   --->   "%ptr_cmp = icmp eq i11 %tmp_10, -770" [src/sha256.c:200]   --->   Operation 110 'icmp' 'ptr_cmp' <Predicate = (tmp_7) | (!tmp_5)> <Delay = 1.88> <Core = "Cmp">   --->   Core 25 'Cmp' <Latency = 0> <II = 1> <Delay = 1.13> <FuncUnit> <Opcode : 'icmp'> <InPorts = 2> <OutPorts = 1>

State 5 <SV = 4> <Delay = 2.32>
ST_5 : Operation 111 [1/1] (0.00ns)   --->   "%sha256hash = phi i32 [ %sha256hash_0_read_1, %3 ], [ %sha256hash_0_ret, %.loopexit1.loopexit ]" [src/sha256.c:170]   --->   Operation 111 'phi' 'sha256hash' <Predicate = true> <Delay = 0.00>
ST_5 : Operation 112 [1/1] (0.00ns)   --->   "%sha256hash_1 = phi i32 [ %sha256hash_1_read_1, %3 ], [ %sha256hash_1_ret, %.loopexit1.loopexit ]" [src/sha256.c:170]   --->   Operation 112 'phi' 'sha256hash_1' <Predicate = true> <Delay = 0.00>
ST_5 : Operation 113 [1/1] (0.00ns)   --->   "%sha256hash_2 = phi i32 [ %sha256hash_2_read_1, %3 ], [ %sha256hash_2_ret, %.loopexit1.loopexit ]" [src/sha256.c:170]   --->   Operation 113 'phi' 'sha256hash_2' <Predicate = true> <Delay = 0.00>
ST_5 : Operation 114 [1/1] (0.00ns)   --->   "%sha256hash_3 = phi i32 [ %sha256hash_3_read_1, %3 ], [ %sha256hash_3_ret, %.loopexit1.loopexit ]" [src/sha256.c:170]   --->   Operation 114 'phi' 'sha256hash_3' <Predicate = true> <Delay = 0.00>
ST_5 : Operation 115 [1/1] (0.00ns)   --->   "%sha256hash_4 = phi i32 [ %sha256hash_4_read_1, %3 ], [ %sha256hash_4_ret, %.loopexit1.loopexit ]" [src/sha256.c:170]   --->   Operation 115 'phi' 'sha256hash_4' <Predicate = true> <Delay = 0.00>
ST_5 : Operation 116 [1/1] (0.00ns)   --->   "%sha256hash_5 = phi i32 [ %sha256hash_5_read_1, %3 ], [ %sha256hash_5_ret, %.loopexit1.loopexit ]" [src/sha256.c:170]   --->   Operation 116 'phi' 'sha256hash_5' <Predicate = true> <Delay = 0.00>
ST_5 : Operation 117 [1/1] (0.00ns)   --->   "%sha256hash_6 = phi i32 [ %sha256hash_6_read_1, %3 ], [ %sha256hash_6_ret, %.loopexit1.loopexit ]" [src/sha256.c:170]   --->   Operation 117 'phi' 'sha256hash_6' <Predicate = true> <Delay = 0.00>
ST_5 : Operation 118 [1/1] (0.00ns)   --->   "%sha256hash_7 = phi i32 [ %sha256hash_7_read_1, %3 ], [ %sha256hash_7_ret, %.loopexit1.loopexit ]" [src/sha256.c:170]   --->   Operation 118 'phi' 'sha256hash_7' <Predicate = true> <Delay = 0.00>
ST_5 : Operation 119 [1/1] (0.00ns)   --->   "%sha256_buf_addr_4 = getelementptr [64 x i8]* %sha256_buf, i64 0, i64 61" [src/sha256.c:192]   --->   Operation 119 'getelementptr' 'sha256_buf_addr_4' <Predicate = true> <Delay = 0.00>
ST_5 : Operation 120 [1/1] (2.32ns)   --->   "store i8 %tmp_48_i4, i8* %sha256_buf_addr_4, align 1" [src/sha256.c:192]   --->   Operation 120 'store' <Predicate = true> <Delay = 2.32> <Core = "RAM">   --->   Core 37 'RAM' <Latency = 1> <II = 1> <Delay = 2.32> <Storage> <Opcode : 'load' 'store'> <Ports = 2> <Width = 8> <Depth = 32> <RAM>
ST_5 : Operation 121 [1/1] (0.00ns)   --->   "%sha256_buf_addr_5 = getelementptr [64 x i8]* %sha256_buf, i64 0, i64 60" [src/sha256.c:193]   --->   Operation 121 'getelementptr' 'sha256_buf_addr_5' <Predicate = true> <Delay = 0.00>
ST_5 : Operation 122 [1/1] (2.32ns)   --->   "store i8 %tmp_48_i6, i8* %sha256_buf_addr_5, align 1" [src/sha256.c:193]   --->   Operation 122 'store' <Predicate = true> <Delay = 2.32> <Core = "RAM">   --->   Core 37 'RAM' <Latency = 1> <II = 1> <Delay = 2.32> <Storage> <Opcode : 'load' 'store'> <Ports = 2> <Width = 8> <Depth = 32> <RAM>

State 6 <SV = 5> <Delay = 2.32>
ST_6 : Operation 123 [1/1] (0.00ns)   --->   "%sha256_buf_addr_6 = getelementptr [64 x i8]* %sha256_buf, i64 0, i64 59" [src/sha256.c:194]   --->   Operation 123 'getelementptr' 'sha256_buf_addr_6' <Predicate = true> <Delay = 0.00>
ST_6 : Operation 124 [1/1] (2.32ns)   --->   "store i8 %tmp_34, i8* %sha256_buf_addr_6, align 1" [src/sha256.c:194]   --->   Operation 124 'store' <Predicate = true> <Delay = 2.32> <Core = "RAM">   --->   Core 37 'RAM' <Latency = 1> <II = 1> <Delay = 2.32> <Storage> <Opcode : 'load' 'store'> <Ports = 2> <Width = 8> <Depth = 32> <RAM>
ST_6 : Operation 125 [1/1] (0.00ns)   --->   "%sha256_buf_addr_7 = getelementptr [64 x i8]* %sha256_buf, i64 0, i64 58" [src/sha256.c:195]   --->   Operation 125 'getelementptr' 'sha256_buf_addr_7' <Predicate = true> <Delay = 0.00>
ST_6 : Operation 126 [1/1] (2.32ns)   --->   "store i8 %tmp_48_i9, i8* %sha256_buf_addr_7, align 1" [src/sha256.c:195]   --->   Operation 126 'store' <Predicate = true> <Delay = 2.32> <Core = "RAM">   --->   Core 37 'RAM' <Latency = 1> <II = 1> <Delay = 2.32> <Storage> <Opcode : 'load' 'store'> <Ports = 2> <Width = 8> <Depth = 32> <RAM>

State 7 <SV = 6> <Delay = 2.32>
ST_7 : Operation 127 [1/1] (0.00ns)   --->   "%sha256_buf_addr_8 = getelementptr [64 x i8]* %sha256_buf, i64 0, i64 57" [src/sha256.c:196]   --->   Operation 127 'getelementptr' 'sha256_buf_addr_8' <Predicate = true> <Delay = 0.00>
ST_7 : Operation 128 [1/1] (2.32ns)   --->   "store i8 %tmp_48_i1, i8* %sha256_buf_addr_8, align 1" [src/sha256.c:196]   --->   Operation 128 'store' <Predicate = true> <Delay = 2.32> <Core = "RAM">   --->   Core 37 'RAM' <Latency = 1> <II = 1> <Delay = 2.32> <Storage> <Opcode : 'load' 'store'> <Ports = 2> <Width = 8> <Depth = 32> <RAM>
ST_7 : Operation 129 [1/1] (0.00ns)   --->   "%sha256_buf_addr_9 = getelementptr [64 x i8]* %sha256_buf, i64 0, i64 56" [src/sha256.c:197]   --->   Operation 129 'getelementptr' 'sha256_buf_addr_9' <Predicate = true> <Delay = 0.00>
ST_7 : Operation 130 [1/1] (2.32ns)   --->   "store i8 %tmp_48_i3, i8* %sha256_buf_addr_9, align 1" [src/sha256.c:197]   --->   Operation 130 'store' <Predicate = true> <Delay = 2.32> <Core = "RAM">   --->   Core 37 'RAM' <Latency = 1> <II = 1> <Delay = 2.32> <Storage> <Opcode : 'load' 'store'> <Ports = 2> <Width = 8> <Depth = 32> <RAM>

State 8 <SV = 7> <Delay = 3.53>
ST_8 : Operation 131 [2/2] (3.53ns)   --->   "%p_hash_ret1 = call fastcc { i32, i32, i32, i32, i32, i32, i32, i32 } @_hash([64 x i8]* %sha256_buf, i32 %sha256hash, i32 %sha256hash_1, i32 %sha256hash_2, i32 %sha256hash_3, i32 %sha256hash_4, i32 %sha256hash_5, i32 %sha256hash_6, i32 %sha256hash_7)" [src/sha256.c:198]   --->   Operation 131 'call' 'p_hash_ret1' <Predicate = true> <Delay = 3.53> <CoreType = "Generic">   --->   Core 0 '' <Latency = 0> <II = 1> <Delay = 1.00> <Generic> <Opcode : >

State 9 <SV = 8> <Delay = 2.55>
ST_9 : Operation 132 [1/2] (2.55ns)   --->   "%p_hash_ret1 = call fastcc { i32, i32, i32, i32, i32, i32, i32, i32 } @_hash([64 x i8]* %sha256_buf, i32 %sha256hash, i32 %sha256hash_1, i32 %sha256hash_2, i32 %sha256hash_3, i32 %sha256hash_4, i32 %sha256hash_5, i32 %sha256hash_6, i32 %sha256hash_7)" [src/sha256.c:198]   --->   Operation 132 'call' 'p_hash_ret1' <Predicate = true> <Delay = 2.55> <CoreType = "Generic">   --->   Core 0 '' <Latency = 0> <II = 1> <Delay = 1.00> <Generic> <Opcode : >
ST_9 : Operation 133 [1/1] (0.00ns)   --->   "%x_assign_2 = extractvalue { i32, i32, i32, i32, i32, i32, i32, i32 } %p_hash_ret1, 0" [src/sha256.c:198]   --->   Operation 133 'extractvalue' 'x_assign_2' <Predicate = true> <Delay = 0.00>
ST_9 : Operation 134 [1/1] (0.00ns)   --->   "%x_assign_3 = extractvalue { i32, i32, i32, i32, i32, i32, i32, i32 } %p_hash_ret1, 1" [src/sha256.c:198]   --->   Operation 134 'extractvalue' 'x_assign_3' <Predicate = true> <Delay = 0.00>
ST_9 : Operation 135 [1/1] (0.00ns)   --->   "%x_assign_4 = extractvalue { i32, i32, i32, i32, i32, i32, i32, i32 } %p_hash_ret1, 2" [src/sha256.c:198]   --->   Operation 135 'extractvalue' 'x_assign_4' <Predicate = true> <Delay = 0.00>
ST_9 : Operation 136 [1/1] (0.00ns)   --->   "%x_assign_5 = extractvalue { i32, i32, i32, i32, i32, i32, i32, i32 } %p_hash_ret1, 3" [src/sha256.c:198]   --->   Operation 136 'extractvalue' 'x_assign_5' <Predicate = true> <Delay = 0.00>
ST_9 : Operation 137 [1/1] (0.00ns)   --->   "%x_assign_6 = extractvalue { i32, i32, i32, i32, i32, i32, i32, i32 } %p_hash_ret1, 4" [src/sha256.c:198]   --->   Operation 137 'extractvalue' 'x_assign_6' <Predicate = true> <Delay = 0.00>
ST_9 : Operation 138 [1/1] (0.00ns)   --->   "%x_assign_7 = extractvalue { i32, i32, i32, i32, i32, i32, i32, i32 } %p_hash_ret1, 5" [src/sha256.c:198]   --->   Operation 138 'extractvalue' 'x_assign_7' <Predicate = true> <Delay = 0.00>
ST_9 : Operation 139 [1/1] (0.00ns)   --->   "%x_assign_8 = extractvalue { i32, i32, i32, i32, i32, i32, i32, i32 } %p_hash_ret1, 6" [src/sha256.c:198]   --->   Operation 139 'extractvalue' 'x_assign_8' <Predicate = true> <Delay = 0.00>
ST_9 : Operation 140 [1/1] (0.00ns)   --->   "%x_assign_9 = extractvalue { i32, i32, i32, i32, i32, i32, i32, i32 } %p_hash_ret1, 7" [src/sha256.c:198]   --->   Operation 140 'extractvalue' 'x_assign_9' <Predicate = true> <Delay = 0.00>
ST_9 : Operation 141 [1/1] (0.00ns)   --->   "br i1 %ptr_cmp, label %.loopexit, label %.preheader.preheader" [src/sha256.c:200]   --->   Operation 141 'br' <Predicate = true> <Delay = 0.00>
ST_9 : Operation 142 [1/1] (1.76ns)   --->   "br label %.preheader" [src/sha256.c:202]   --->   Operation 142 'br' <Predicate = (!ptr_cmp)> <Delay = 1.76>

State 10 <SV = 9> <Delay = 8.75>
ST_10 : Operation 143 [1/1] (0.00ns)   --->   "%i_1 = phi i3 [ %i_3, %7 ], [ 0, %.preheader.preheader ]"   --->   Operation 143 'phi' 'i_1' <Predicate = (!ptr_cmp)> <Delay = 0.00>
ST_10 : Operation 144 [1/1] (0.00ns)   --->   "%n_assign_1 = phi i6 [ %j_2, %7 ], [ 24, %.preheader.preheader ]"   --->   Operation 144 'phi' 'n_assign_1' <Predicate = (!ptr_cmp)> <Delay = 0.00>
ST_10 : Operation 145 [1/1] (0.00ns)   --->   "%i_1_cast3 = zext i3 %i_1 to i5" [src/sha256.c:202]   --->   Operation 145 'zext' 'i_1_cast3' <Predicate = (!ptr_cmp)> <Delay = 0.00>
ST_10 : Operation 146 [1/1] (1.13ns)   --->   "%tmp_2 = icmp eq i3 %i_1, -4" [src/sha256.c:202]   --->   Operation 146 'icmp' 'tmp_2' <Predicate = (!ptr_cmp)> <Delay = 1.13> <Core = "Cmp">   --->   Core 25 'Cmp' <Latency = 0> <II = 1> <Delay = 1.13> <FuncUnit> <Opcode : 'icmp'> <InPorts = 2> <OutPorts = 1>
ST_10 : Operation 147 [1/1] (0.00ns)   --->   "call void (...)* @_ssdm_op_SpecLoopTripCount(i64 4, i64 4, i64 4)"   --->   Operation 147 'speclooptripcount' <Predicate = (!ptr_cmp)> <Delay = 0.00>
ST_10 : Operation 148 [1/1] (1.65ns)   --->   "%i_3 = add i3 %i_1, 1" [src/sha256.c:202]   --->   Operation 148 'add' 'i_3' <Predicate = (!ptr_cmp)> <Delay = 1.65> <Core = "AddSub">   --->   Core 14 'AddSub' <Latency = 0> <II = 1> <Delay = 1.82> <FuncUnit> <Opcode : 'add' 'sub'> <InPorts = 2> <OutPorts = 1>
ST_10 : Operation 149 [1/1] (0.00ns)   --->   "br i1 %tmp_2, label %.loopexit.loopexit, label %7" [src/sha256.c:202]   --->   Operation 149 'br' <Predicate = (!ptr_cmp)> <Delay = 0.00>
ST_10 : Operation 150 [1/1] (0.00ns)   --->   "%tmp_35 = trunc i6 %n_assign_1 to i5" [src/sha256.c:202]   --->   Operation 150 'trunc' 'tmp_35' <Predicate = (!ptr_cmp & !tmp_2)> <Delay = 0.00>
ST_10 : Operation 151 [1/1] (0.00ns)   --->   "%tmp_i1_cast = zext i5 %tmp_35 to i32" [src/sha256.c:9->src/sha256.c:203]   --->   Operation 151 'zext' 'tmp_i1_cast' <Predicate = (!ptr_cmp & !tmp_2)> <Delay = 0.00>
ST_10 : Operation 152 [1/1] (4.42ns)   --->   "%tmp_i6 = lshr i32 %x_assign_2, %tmp_i1_cast" [src/sha256.c:9->src/sha256.c:203]   --->   Operation 152 'lshr' 'tmp_i6' <Predicate = (!ptr_cmp & !tmp_2)> <Delay = 4.42> <Core = "Shift">   --->   Core 28 'Shift' <Latency = 0> <II = 1> <Delay = 4.42> <FuncUnit> <Opcode : 'shl' 'lshr' 'ashr'> <InPorts = 2> <OutPorts = 1>
ST_10 : Operation 153 [1/1] (0.00ns)   --->   "%tmp_36 = trunc i32 %tmp_i6 to i8" [src/sha256.c:9->src/sha256.c:203]   --->   Operation 153 'trunc' 'tmp_36' <Predicate = (!ptr_cmp & !tmp_2)> <Delay = 0.00>
ST_10 : Operation 154 [1/1] (4.42ns)   --->   "%tmp_i7 = lshr i32 %x_assign_3, %tmp_i1_cast" [src/sha256.c:9->src/sha256.c:204]   --->   Operation 154 'lshr' 'tmp_i7' <Predicate = (!ptr_cmp & !tmp_2)> <Delay = 4.42> <Core = "Shift">   --->   Core 28 'Shift' <Latency = 0> <II = 1> <Delay = 4.42> <FuncUnit> <Opcode : 'shl' 'lshr' 'ashr'> <InPorts = 2> <OutPorts = 1>
ST_10 : Operation 155 [1/1] (0.00ns)   --->   "%tmp_37 = trunc i32 %tmp_i7 to i8" [src/sha256.c:9->src/sha256.c:204]   --->   Operation 155 'trunc' 'tmp_37' <Predicate = (!ptr_cmp & !tmp_2)> <Delay = 0.00>
ST_10 : Operation 156 [1/1] (0.96ns)   --->   "%tmp_4 = xor i3 %i_1, -4" [src/sha256.c:204]   --->   Operation 156 'xor' 'tmp_4' <Predicate = (!ptr_cmp & !tmp_2)> <Delay = 0.96> <Core = "LogicGate">   --->   Core 27 'LogicGate' <Latency = 0> <II = 1> <Delay = 0.96> <FuncUnit> <Opcode : 'and' 'or' 'xor'> <InPorts = 2> <OutPorts = 1>
ST_10 : Operation 157 [1/1] (0.00ns)   --->   "%tmp_9 = zext i3 %tmp_4 to i64" [src/sha256.c:204]   --->   Operation 157 'zext' 'tmp_9' <Predicate = (!ptr_cmp & !tmp_2)> <Delay = 0.00>
ST_10 : Operation 158 [1/1] (0.00ns)   --->   "%hash_tmp_addr_1 = getelementptr inbounds [32 x i8]* %hash_tmp, i64 0, i64 %tmp_9" [src/sha256.c:204]   --->   Operation 158 'getelementptr' 'hash_tmp_addr_1' <Predicate = (!ptr_cmp & !tmp_2)> <Delay = 0.00>
ST_10 : Operation 159 [1/1] (2.32ns)   --->   "store i8 %tmp_37, i8* %hash_tmp_addr_1, align 1" [src/sha256.c:204]   --->   Operation 159 'store' <Predicate = (!ptr_cmp & !tmp_2)> <Delay = 2.32> <Core = "RAM">   --->   Core 37 'RAM' <Latency = 1> <II = 1> <Delay = 2.32> <Storage> <Opcode : 'load' 'store'> <Ports = 2> <Width = 8> <Depth = 32> <RAM>
ST_10 : Operation 160 [1/1] (4.42ns)   --->   "%tmp_i9 = lshr i32 %x_assign_4, %tmp_i1_cast" [src/sha256.c:9->src/sha256.c:205]   --->   Operation 160 'lshr' 'tmp_i9' <Predicate = (!ptr_cmp & !tmp_2)> <Delay = 4.42> <Core = "Shift">   --->   Core 28 'Shift' <Latency = 0> <II = 1> <Delay = 4.42> <FuncUnit> <Opcode : 'shl' 'lshr' 'ashr'> <InPorts = 2> <OutPorts = 1>
ST_10 : Operation 161 [1/1] (0.00ns)   --->   "%tmp_38 = trunc i32 %tmp_i9 to i8" [src/sha256.c:9->src/sha256.c:205]   --->   Operation 161 'trunc' 'tmp_38' <Predicate = (!ptr_cmp & !tmp_2)> <Delay = 0.00>
ST_10 : Operation 162 [1/1] (0.00ns)   --->   "%tmp_27 = call i4 @_ssdm_op_BitConcatenate.i4.i1.i3(i1 true, i3 %i_1)" [src/sha256.c:205]   --->   Operation 162 'bitconcatenate' 'tmp_27' <Predicate = (!ptr_cmp & !tmp_2)> <Delay = 0.00>
ST_10 : Operation 163 [1/1] (0.00ns)   --->   "%tmp_11 = zext i4 %tmp_27 to i64" [src/sha256.c:205]   --->   Operation 163 'zext' 'tmp_11' <Predicate = (!ptr_cmp & !tmp_2)> <Delay = 0.00>
ST_10 : Operation 164 [1/1] (0.00ns)   --->   "%hash_tmp_addr_2 = getelementptr inbounds [32 x i8]* %hash_tmp, i64 0, i64 %tmp_11" [src/sha256.c:205]   --->   Operation 164 'getelementptr' 'hash_tmp_addr_2' <Predicate = (!ptr_cmp & !tmp_2)> <Delay = 0.00>
ST_10 : Operation 165 [1/1] (2.32ns)   --->   "store i8 %tmp_38, i8* %hash_tmp_addr_2, align 1" [src/sha256.c:205]   --->   Operation 165 'store' <Predicate = (!ptr_cmp & !tmp_2)> <Delay = 2.32> <Core = "RAM">   --->   Core 37 'RAM' <Latency = 1> <II = 1> <Delay = 2.32> <Storage> <Opcode : 'load' 'store'> <Ports = 2> <Width = 8> <Depth = 32> <RAM>
ST_10 : Operation 166 [1/1] (4.42ns)   --->   "%tmp_i1 = lshr i32 %x_assign_5, %tmp_i1_cast" [src/sha256.c:9->src/sha256.c:206]   --->   Operation 166 'lshr' 'tmp_i1' <Predicate = (!ptr_cmp & !tmp_2)> <Delay = 4.42> <Core = "Shift">   --->   Core 28 'Shift' <Latency = 0> <II = 1> <Delay = 4.42> <FuncUnit> <Opcode : 'shl' 'lshr' 'ashr'> <InPorts = 2> <OutPorts = 1>
ST_10 : Operation 167 [1/1] (0.00ns)   --->   "%tmp_39 = trunc i32 %tmp_i1 to i8" [src/sha256.c:9->src/sha256.c:206]   --->   Operation 167 'trunc' 'tmp_39' <Predicate = (!ptr_cmp & !tmp_2)> <Delay = 0.00>
ST_10 : Operation 168 [1/1] (4.42ns)   --->   "%tmp_i2 = lshr i32 %x_assign_6, %tmp_i1_cast" [src/sha256.c:9->src/sha256.c:207]   --->   Operation 168 'lshr' 'tmp_i2' <Predicate = (!ptr_cmp & !tmp_2)> <Delay = 4.42> <Core = "Shift">   --->   Core 28 'Shift' <Latency = 0> <II = 1> <Delay = 4.42> <FuncUnit> <Opcode : 'shl' 'lshr' 'ashr'> <InPorts = 2> <OutPorts = 1>
ST_10 : Operation 169 [1/1] (0.00ns)   --->   "%tmp_40 = trunc i32 %tmp_i2 to i8" [src/sha256.c:9->src/sha256.c:207]   --->   Operation 169 'trunc' 'tmp_40' <Predicate = (!ptr_cmp & !tmp_2)> <Delay = 0.00>
ST_10 : Operation 170 [1/1] (4.42ns)   --->   "%tmp_i3 = lshr i32 %x_assign_7, %tmp_i1_cast" [src/sha256.c:9->src/sha256.c:208]   --->   Operation 170 'lshr' 'tmp_i3' <Predicate = (!ptr_cmp & !tmp_2)> <Delay = 4.42> <Core = "Shift">   --->   Core 28 'Shift' <Latency = 0> <II = 1> <Delay = 4.42> <FuncUnit> <Opcode : 'shl' 'lshr' 'ashr'> <InPorts = 2> <OutPorts = 1>
ST_10 : Operation 171 [1/1] (0.00ns)   --->   "%tmp_41 = trunc i32 %tmp_i3 to i8" [src/sha256.c:9->src/sha256.c:208]   --->   Operation 171 'trunc' 'tmp_41' <Predicate = (!ptr_cmp & !tmp_2)> <Delay = 0.00>
ST_10 : Operation 172 [1/1] (4.42ns)   --->   "%tmp_i4 = lshr i32 %x_assign_8, %tmp_i1_cast" [src/sha256.c:9->src/sha256.c:209]   --->   Operation 172 'lshr' 'tmp_i4' <Predicate = (!ptr_cmp & !tmp_2)> <Delay = 4.42> <Core = "Shift">   --->   Core 28 'Shift' <Latency = 0> <II = 1> <Delay = 4.42> <FuncUnit> <Opcode : 'shl' 'lshr' 'ashr'> <InPorts = 2> <OutPorts = 1>
ST_10 : Operation 173 [1/1] (0.00ns)   --->   "%tmp_42 = trunc i32 %tmp_i4 to i8" [src/sha256.c:9->src/sha256.c:209]   --->   Operation 173 'trunc' 'tmp_42' <Predicate = (!ptr_cmp & !tmp_2)> <Delay = 0.00>
ST_10 : Operation 174 [1/1] (4.42ns)   --->   "%tmp_i5 = lshr i32 %x_assign_9, %tmp_i1_cast" [src/sha256.c:9->src/sha256.c:210]   --->   Operation 174 'lshr' 'tmp_i5' <Predicate = (!ptr_cmp & !tmp_2)> <Delay = 4.42> <Core = "Shift">   --->   Core 28 'Shift' <Latency = 0> <II = 1> <Delay = 4.42> <FuncUnit> <Opcode : 'shl' 'lshr' 'ashr'> <InPorts = 2> <OutPorts = 1>
ST_10 : Operation 175 [1/1] (0.00ns)   --->   "%tmp_43 = trunc i32 %tmp_i5 to i8" [src/sha256.c:9->src/sha256.c:210]   --->   Operation 175 'trunc' 'tmp_43' <Predicate = (!ptr_cmp & !tmp_2)> <Delay = 0.00>
ST_10 : Operation 176 [1/1] (1.82ns)   --->   "%j_2 = add i6 -8, %n_assign_1" [src/sha256.c:202]   --->   Operation 176 'add' 'j_2' <Predicate = (!ptr_cmp & !tmp_2)> <Delay = 1.82> <Core = "AddSub">   --->   Core 14 'AddSub' <Latency = 0> <II = 1> <Delay = 1.82> <FuncUnit> <Opcode : 'add' 'sub'> <InPorts = 2> <OutPorts = 1>
ST_10 : Operation 177 [1/1] (0.00ns)   --->   "br label %.loopexit"   --->   Operation 177 'br' <Predicate = (!ptr_cmp & tmp_2)> <Delay = 0.00>
ST_10 : Operation 178 [1/1] (8.75ns)   --->   "%hash_addr_wr_req = call i1 @_ssdm_op_WriteReq.m_axi.i8P(i8* %hash_addr, i32 32)" [src/sha256.c:214]   --->   Operation 178 'writereq' 'hash_addr_wr_req' <Predicate = (tmp_2) | (ptr_cmp)> <Delay = 8.75> <Core = "m_axi">   --->   Core 9 'm_axi' <Latency = 6> <II = 1> <Delay = 1.00> <Adapter> <Opcode : 'read' 'write' 'readreq' 'writereq' 'writeresp'>
ST_10 : Operation 179 [1/1] (1.76ns)   --->   "br label %8" [src/sha256.c:213]   --->   Operation 179 'br' <Predicate = (tmp_2) | (ptr_cmp)> <Delay = 1.76>

State 11 <SV = 10> <Delay = 2.32>
ST_11 : Operation 180 [1/1] (0.00ns)   --->   "%tmp_3 = zext i3 %i_1 to i64" [src/sha256.c:203]   --->   Operation 180 'zext' 'tmp_3' <Predicate = true> <Delay = 0.00>
ST_11 : Operation 181 [1/1] (0.00ns)   --->   "%hash_tmp_addr = getelementptr inbounds [32 x i8]* %hash_tmp, i64 0, i64 %tmp_3" [src/sha256.c:203]   --->   Operation 181 'getelementptr' 'hash_tmp_addr' <Predicate = true> <Delay = 0.00>
ST_11 : Operation 182 [1/1] (2.32ns)   --->   "store i8 %tmp_36, i8* %hash_tmp_addr, align 1" [src/sha256.c:203]   --->   Operation 182 'store' <Predicate = true> <Delay = 2.32> <Core = "RAM">   --->   Core 37 'RAM' <Latency = 1> <II = 1> <Delay = 2.32> <Storage> <Opcode : 'load' 'store'> <Ports = 2> <Width = 8> <Depth = 32> <RAM>
ST_11 : Operation 183 [1/1] (0.00ns)   --->   "%tmp_12_cast9 = sext i3 %tmp_4 to i4" [src/sha256.c:206]   --->   Operation 183 'sext' 'tmp_12_cast9' <Predicate = true> <Delay = 0.00>
ST_11 : Operation 184 [1/1] (0.00ns)   --->   "%tmp_13 = zext i4 %tmp_12_cast9 to i64" [src/sha256.c:206]   --->   Operation 184 'zext' 'tmp_13' <Predicate = true> <Delay = 0.00>
ST_11 : Operation 185 [1/1] (0.00ns)   --->   "%hash_tmp_addr_3 = getelementptr inbounds [32 x i8]* %hash_tmp, i64 0, i64 %tmp_13" [src/sha256.c:206]   --->   Operation 185 'getelementptr' 'hash_tmp_addr_3' <Predicate = true> <Delay = 0.00>
ST_11 : Operation 186 [1/1] (2.32ns)   --->   "store i8 %tmp_39, i8* %hash_tmp_addr_3, align 1" [src/sha256.c:206]   --->   Operation 186 'store' <Predicate = true> <Delay = 2.32> <Core = "RAM">   --->   Core 37 'RAM' <Latency = 1> <II = 1> <Delay = 2.32> <Storage> <Opcode : 'load' 'store'> <Ports = 2> <Width = 8> <Depth = 32> <RAM>

State 12 <SV = 11> <Delay = 4.10>
ST_12 : Operation 187 [1/1] (0.00ns)   --->   "%tmp_28 = call i5 @_ssdm_op_BitConcatenate.i5.i2.i3(i2 -2, i3 %i_1)" [src/sha256.c:207]   --->   Operation 187 'bitconcatenate' 'tmp_28' <Predicate = true> <Delay = 0.00>
ST_12 : Operation 188 [1/1] (0.00ns)   --->   "%tmp_15 = zext i5 %tmp_28 to i64" [src/sha256.c:207]   --->   Operation 188 'zext' 'tmp_15' <Predicate = true> <Delay = 0.00>
ST_12 : Operation 189 [1/1] (0.00ns)   --->   "%hash_tmp_addr_4 = getelementptr inbounds [32 x i8]* %hash_tmp, i64 0, i64 %tmp_15" [src/sha256.c:207]   --->   Operation 189 'getelementptr' 'hash_tmp_addr_4' <Predicate = true> <Delay = 0.00>
ST_12 : Operation 190 [1/1] (2.32ns)   --->   "store i8 %tmp_40, i8* %hash_tmp_addr_4, align 1" [src/sha256.c:207]   --->   Operation 190 'store' <Predicate = true> <Delay = 2.32> <Core = "RAM">   --->   Core 37 'RAM' <Latency = 1> <II = 1> <Delay = 2.32> <Storage> <Opcode : 'load' 'store'> <Ports = 2> <Width = 8> <Depth = 32> <RAM>
ST_12 : Operation 191 [1/1] (1.78ns)   --->   "%tmp_16 = add i5 -12, %i_1_cast3" [src/sha256.c:208]   --->   Operation 191 'add' 'tmp_16' <Predicate = true> <Delay = 1.78> <Core = "AddSub">   --->   Core 14 'AddSub' <Latency = 0> <II = 1> <Delay = 1.82> <FuncUnit> <Opcode : 'add' 'sub'> <InPorts = 2> <OutPorts = 1>
ST_12 : Operation 192 [1/1] (0.00ns)   --->   "%tmp_17 = zext i5 %tmp_16 to i64" [src/sha256.c:208]   --->   Operation 192 'zext' 'tmp_17' <Predicate = true> <Delay = 0.00>
ST_12 : Operation 193 [1/1] (0.00ns)   --->   "%hash_tmp_addr_5 = getelementptr inbounds [32 x i8]* %hash_tmp, i64 0, i64 %tmp_17" [src/sha256.c:208]   --->   Operation 193 'getelementptr' 'hash_tmp_addr_5' <Predicate = true> <Delay = 0.00>
ST_12 : Operation 194 [1/1] (2.32ns)   --->   "store i8 %tmp_41, i8* %hash_tmp_addr_5, align 1" [src/sha256.c:208]   --->   Operation 194 'store' <Predicate = true> <Delay = 2.32> <Core = "RAM">   --->   Core 37 'RAM' <Latency = 1> <II = 1> <Delay = 2.32> <Storage> <Opcode : 'load' 'store'> <Ports = 2> <Width = 8> <Depth = 32> <RAM>

State 13 <SV = 12> <Delay = 2.32>
ST_13 : Operation 195 [1/1] (0.00ns)   --->   "call void (...)* @_ssdm_op_SpecLoopName([19 x i8]* @p_str4) nounwind" [src/sha256.c:202]   --->   Operation 195 'specloopname' <Predicate = true> <Delay = 0.00>
ST_13 : Operation 196 [1/1] (0.00ns)   --->   "%tmp_18_cast8 = sext i4 %tmp_27 to i5" [src/sha256.c:209]   --->   Operation 196 'sext' 'tmp_18_cast8' <Predicate = true> <Delay = 0.00>
ST_13 : Operation 197 [1/1] (0.00ns)   --->   "%tmp_19 = zext i5 %tmp_18_cast8 to i64" [src/sha256.c:209]   --->   Operation 197 'zext' 'tmp_19' <Predicate = true> <Delay = 0.00>
ST_13 : Operation 198 [1/1] (0.00ns)   --->   "%hash_tmp_addr_6 = getelementptr inbounds [32 x i8]* %hash_tmp, i64 0, i64 %tmp_19" [src/sha256.c:209]   --->   Operation 198 'getelementptr' 'hash_tmp_addr_6' <Predicate = true> <Delay = 0.00>
ST_13 : Operation 199 [1/1] (2.32ns)   --->   "store i8 %tmp_42, i8* %hash_tmp_addr_6, align 1" [src/sha256.c:209]   --->   Operation 199 'store' <Predicate = true> <Delay = 2.32> <Core = "RAM">   --->   Core 37 'RAM' <Latency = 1> <II = 1> <Delay = 2.32> <Storage> <Opcode : 'load' 'store'> <Ports = 2> <Width = 8> <Depth = 32> <RAM>
ST_13 : Operation 200 [1/1] (0.00ns)   --->   "%tmp_20_cast7 = sext i3 %tmp_4 to i5" [src/sha256.c:210]   --->   Operation 200 'sext' 'tmp_20_cast7' <Predicate = true> <Delay = 0.00>
ST_13 : Operation 201 [1/1] (0.00ns)   --->   "%tmp_21 = zext i5 %tmp_20_cast7 to i64" [src/sha256.c:210]   --->   Operation 201 'zext' 'tmp_21' <Predicate = true> <Delay = 0.00>
ST_13 : Operation 202 [1/1] (0.00ns)   --->   "%hash_tmp_addr_7 = getelementptr inbounds [32 x i8]* %hash_tmp, i64 0, i64 %tmp_21" [src/sha256.c:210]   --->   Operation 202 'getelementptr' 'hash_tmp_addr_7' <Predicate = true> <Delay = 0.00>
ST_13 : Operation 203 [1/1] (2.32ns)   --->   "store i8 %tmp_43, i8* %hash_tmp_addr_7, align 1" [src/sha256.c:210]   --->   Operation 203 'store' <Predicate = true> <Delay = 2.32> <Core = "RAM">   --->   Core 37 'RAM' <Latency = 1> <II = 1> <Delay = 2.32> <Storage> <Opcode : 'load' 'store'> <Ports = 2> <Width = 8> <Depth = 32> <RAM>
ST_13 : Operation 204 [1/1] (0.00ns)   --->   "br label %.preheader" [src/sha256.c:202]   --->   Operation 204 'br' <Predicate = true> <Delay = 0.00>

State 14 <SV = 10> <Delay = 2.39>
ST_14 : Operation 205 [1/1] (0.00ns)   --->   "%i_2 = phi i6 [ 0, %.loopexit ], [ %i_4, %9 ]"   --->   Operation 205 'phi' 'i_2' <Predicate = true> <Delay = 0.00>
ST_14 : Operation 206 [1/1] (1.42ns)   --->   "%tmp_22 = icmp eq i6 %i_2, -32" [src/sha256.c:213]   --->   Operation 206 'icmp' 'tmp_22' <Predicate = true> <Delay = 1.42> <Core = "Cmp">   --->   Core 25 'Cmp' <Latency = 0> <II = 1> <Delay = 1.13> <FuncUnit> <Opcode : 'icmp'> <InPorts = 2> <OutPorts = 1>
ST_14 : Operation 207 [1/1] (0.00ns)   --->   "call void (...)* @_ssdm_op_SpecLoopTripCount(i64 32, i64 32, i64 32)"   --->   Operation 207 'speclooptripcount' <Predicate = true> <Delay = 0.00>
ST_14 : Operation 208 [1/1] (1.82ns)   --->   "%i_4 = add i6 %i_2, 1" [src/sha256.c:213]   --->   Operation 208 'add' 'i_4' <Predicate = true> <Delay = 1.82> <Core = "AddSub">   --->   Core 14 'AddSub' <Latency = 0> <II = 1> <Delay = 1.82> <FuncUnit> <Opcode : 'add' 'sub'> <InPorts = 2> <OutPorts = 1>
ST_14 : Operation 209 [1/1] (0.00ns)   --->   "br i1 %tmp_22, label %10, label %9" [src/sha256.c:213]   --->   Operation 209 'br' <Predicate = true> <Delay = 0.00>
ST_14 : Operation 210 [1/1] (0.00ns)   --->   "%tmp_24 = zext i6 %i_2 to i64" [src/sha256.c:214]   --->   Operation 210 'zext' 'tmp_24' <Predicate = (!tmp_22)> <Delay = 0.00>
ST_14 : Operation 211 [1/1] (0.00ns)   --->   "%hash_tmp_addr_8 = getelementptr inbounds [32 x i8]* %hash_tmp, i64 0, i64 %tmp_24" [src/sha256.c:214]   --->   Operation 211 'getelementptr' 'hash_tmp_addr_8' <Predicate = (!tmp_22)> <Delay = 0.00>
ST_14 : Operation 212 [2/2] (2.32ns)   --->   "%hash_tmp_load = load i8* %hash_tmp_addr_8, align 1" [src/sha256.c:214]   --->   Operation 212 'load' 'hash_tmp_load' <Predicate = (!tmp_22)> <Delay = 2.32> <Core = "RAM">   --->   Core 37 'RAM' <Latency = 1> <II = 1> <Delay = 2.32> <Storage> <Opcode : 'load' 'store'> <Ports = 2> <Width = 8> <Depth = 32> <RAM>

State 15 <SV = 11> <Delay = 2.32>
ST_15 : Operation 213 [1/2] (2.32ns)   --->   "%hash_tmp_load = load i8* %hash_tmp_addr_8, align 1" [src/sha256.c:214]   --->   Operation 213 'load' 'hash_tmp_load' <Predicate = (!tmp_22)> <Delay = 2.32> <Core = "RAM">   --->   Core 37 'RAM' <Latency = 1> <II = 1> <Delay = 2.32> <Storage> <Opcode : 'load' 'store'> <Ports = 2> <Width = 8> <Depth = 32> <RAM>

State 16 <SV = 12> <Delay = 8.75>
ST_16 : Operation 214 [1/1] (0.00ns)   --->   "call void (...)* @_ssdm_op_SpecLoopName([19 x i8]* @p_str5) nounwind" [src/sha256.c:214]   --->   Operation 214 'specloopname' <Predicate = (!tmp_22)> <Delay = 0.00>
ST_16 : Operation 215 [1/1] (0.00ns)   --->   "%tmp_23 = call i32 (...)* @_ssdm_op_SpecRegionBegin([19 x i8]* @p_str5)" [src/sha256.c:214]   --->   Operation 215 'specregionbegin' 'tmp_23' <Predicate = (!tmp_22)> <Delay = 0.00>
ST_16 : Operation 216 [1/1] (0.00ns)   --->   "call void (...)* @_ssdm_op_SpecPipeline(i32 -1, i32 1, i32 1, i32 0, [1 x i8]* @p_str1) nounwind" [src/sha256.c:214]   --->   Operation 216 'specpipeline' <Predicate = (!tmp_22)> <Delay = 0.00>
ST_16 : Operation 217 [1/1] (8.75ns)   --->   "call void @_ssdm_op_Write.m_axi.i8P(i8* %hash_addr, i8 %hash_tmp_load, i1 true)" [src/sha256.c:214]   --->   Operation 217 'write' <Predicate = (!tmp_22)> <Delay = 8.75> <Core = "m_axi">   --->   Core 9 'm_axi' <Latency = 6> <II = 1> <Delay = 1.00> <Adapter> <Opcode : 'read' 'write' 'readreq' 'writereq' 'writeresp'>
ST_16 : Operation 218 [1/1] (0.00ns)   --->   "%empty_10 = call i32 (...)* @_ssdm_op_SpecRegionEnd([19 x i8]* @p_str5, i32 %tmp_23)" [src/sha256.c:214]   --->   Operation 218 'specregionend' 'empty_10' <Predicate = (!tmp_22)> <Delay = 0.00>
ST_16 : Operation 219 [1/1] (0.00ns)   --->   "br label %8" [src/sha256.c:213]   --->   Operation 219 'br' <Predicate = (!tmp_22)> <Delay = 0.00>

State 17 <SV = 11> <Delay = 8.75>
ST_17 : Operation 220 [5/5] (8.75ns)   --->   "%hash_addr_wr_resp = call i1 @_ssdm_op_WriteResp.m_axi.i8P(i8* %hash_addr)" [src/sha256.c:214]   --->   Operation 220 'writeresp' 'hash_addr_wr_resp' <Predicate = true> <Delay = 8.75> <Core = "m_axi">   --->   Core 9 'm_axi' <Latency = 6> <II = 1> <Delay = 1.00> <Adapter> <Opcode : 'read' 'write' 'readreq' 'writereq' 'writeresp'>

State 18 <SV = 12> <Delay = 8.75>
ST_18 : Operation 221 [4/5] (8.75ns)   --->   "%hash_addr_wr_resp = call i1 @_ssdm_op_WriteResp.m_axi.i8P(i8* %hash_addr)" [src/sha256.c:214]   --->   Operation 221 'writeresp' 'hash_addr_wr_resp' <Predicate = true> <Delay = 8.75> <Core = "m_axi">   --->   Core 9 'm_axi' <Latency = 6> <II = 1> <Delay = 1.00> <Adapter> <Opcode : 'read' 'write' 'readreq' 'writereq' 'writeresp'>

State 19 <SV = 13> <Delay = 8.75>
ST_19 : Operation 222 [3/5] (8.75ns)   --->   "%hash_addr_wr_resp = call i1 @_ssdm_op_WriteResp.m_axi.i8P(i8* %hash_addr)" [src/sha256.c:214]   --->   Operation 222 'writeresp' 'hash_addr_wr_resp' <Predicate = true> <Delay = 8.75> <Core = "m_axi">   --->   Core 9 'm_axi' <Latency = 6> <II = 1> <Delay = 1.00> <Adapter> <Opcode : 'read' 'write' 'readreq' 'writereq' 'writeresp'>

State 20 <SV = 14> <Delay = 8.75>
ST_20 : Operation 223 [2/5] (8.75ns)   --->   "%hash_addr_wr_resp = call i1 @_ssdm_op_WriteResp.m_axi.i8P(i8* %hash_addr)" [src/sha256.c:214]   --->   Operation 223 'writeresp' 'hash_addr_wr_resp' <Predicate = true> <Delay = 8.75> <Core = "m_axi">   --->   Core 9 'm_axi' <Latency = 6> <II = 1> <Delay = 1.00> <Adapter> <Opcode : 'read' 'write' 'readreq' 'writereq' 'writeresp'>

State 21 <SV = 15> <Delay = 8.75>
ST_21 : Operation 224 [1/5] (8.75ns)   --->   "%hash_addr_wr_resp = call i1 @_ssdm_op_WriteResp.m_axi.i8P(i8* %hash_addr)" [src/sha256.c:214]   --->   Operation 224 'writeresp' 'hash_addr_wr_resp' <Predicate = true> <Delay = 8.75> <Core = "m_axi">   --->   Core 9 'm_axi' <Latency = 6> <II = 1> <Delay = 1.00> <Adapter> <Opcode : 'read' 'write' 'readreq' 'writereq' 'writeresp'>
ST_21 : Operation 225 [1/1] (0.00ns)   --->   "ret void"   --->   Operation 225 'ret' <Predicate = true> <Delay = 0.00>


============================================================
+ Verbose Summary: Timing violations
============================================================
Target clock period: 10ns, clock uncertainty: 1.25ns.

 <State 1>: 2.32ns
The critical path consists of the following:
	wire read on port 'sha256_len' (src/sha256.c:170) [17]  (0 ns)
	'getelementptr' operation ('sha256_buf_addr', src/sha256.c:175) [36]  (0 ns)
	'store' operation (src/sha256.c:175) of constant 128 on array 'sha256_buf' [37]  (2.32 ns)

 <State 2>: 4.87ns
The critical path consists of the following:
	'phi' operation ('i') with incoming values : ('j_cast', src/sha256.c:174) ('i', src/sha256.c:177) [40]  (0 ns)
	'add' operation ('i', src/sha256.c:177) [41]  (2.55 ns)
	'getelementptr' operation ('sha256_buf_addr_1', src/sha256.c:179) [49]  (0 ns)
	'store' operation (src/sha256.c:179) of constant 0 on array 'sha256_buf' [50]  (2.32 ns)

 <State 3>: 2.55ns
The critical path consists of the following:
	'call' operation ('p_hash_ret', src/sha256.c:182) to '_hash' [57]  (2.55 ns)

 <State 4>: 4.4ns
The critical path consists of the following:
	'add' operation ('sha256_bits_0_write_2', src/sha256.c:67->src/sha256.c:189) [106]  (2.08 ns)
	'store' operation (src/sha256.c:191) of variable 'tmp_48_i2', src/sha256.c:9->src/sha256.c:191 on array 'sha256_buf' [112]  (2.32 ns)

 <State 5>: 2.32ns
The critical path consists of the following:
	'getelementptr' operation ('sha256_buf_addr_4', src/sha256.c:192) [114]  (0 ns)
	'store' operation (src/sha256.c:192) of variable 'tmp_48_i4', src/sha256.c:9->src/sha256.c:192 on array 'sha256_buf' [115]  (2.32 ns)

 <State 6>: 2.32ns
The critical path consists of the following:
	'getelementptr' operation ('sha256_buf_addr_6', src/sha256.c:194) [120]  (0 ns)
	'store' operation (src/sha256.c:194) of variable 'tmp_34', src/sha256.c:9->src/sha256.c:194 on array 'sha256_buf' [121]  (2.32 ns)

 <State 7>: 2.32ns
The critical path consists of the following:
	'getelementptr' operation ('sha256_buf_addr_8', src/sha256.c:196) [126]  (0 ns)
	'store' operation (src/sha256.c:196) of variable 'tmp_48_i1', src/sha256.c:9->src/sha256.c:196 on array 'sha256_buf' [127]  (2.32 ns)

 <State 8>: 3.54ns
The critical path consists of the following:
	'call' operation ('p_hash_ret1', src/sha256.c:198) to '_hash' [131]  (3.54 ns)

 <State 9>: 2.55ns
The critical path consists of the following:
	'call' operation ('p_hash_ret1', src/sha256.c:198) to '_hash' [131]  (2.55 ns)

 <State 10>: 8.75ns
The critical path consists of the following:
	bus request on port 'hash' (src/sha256.c:214) [208]  (8.75 ns)

 <State 11>: 2.32ns
The critical path consists of the following:
	'getelementptr' operation ('hash_tmp_addr', src/sha256.c:203) [159]  (0 ns)
	'store' operation (src/sha256.c:203) of variable 'tmp_36', src/sha256.c:9->src/sha256.c:203 on array 'hash_tmp', src/sha256.c:173 [160]  (2.32 ns)

 <State 12>: 4.1ns
The critical path consists of the following:
	'add' operation ('tmp_16', src/sha256.c:208) [187]  (1.78 ns)
	'getelementptr' operation ('hash_tmp_addr_5', src/sha256.c:208) [189]  (0 ns)
	'store' operation (src/sha256.c:208) of variable 'tmp_41', src/sha256.c:9->src/sha256.c:208 on array 'hash_tmp', src/sha256.c:173 [190]  (2.32 ns)

 <State 13>: 2.32ns
The critical path consists of the following:
	'getelementptr' operation ('hash_tmp_addr_6', src/sha256.c:209) [195]  (0 ns)
	'store' operation (src/sha256.c:209) of variable 'tmp_42', src/sha256.c:9->src/sha256.c:209 on array 'hash_tmp', src/sha256.c:173 [196]  (2.32 ns)

 <State 14>: 2.39ns
The critical path consists of the following:
	'icmp' operation ('tmp_22', src/sha256.c:213) [212]  (1.43 ns)
	blocking operation 0.965 ns on control path)

 <State 15>: 2.32ns
The critical path consists of the following:
	'load' operation ('hash_tmp_load', src/sha256.c:214) on array 'hash_tmp', src/sha256.c:173 [222]  (2.32 ns)

 <State 16>: 8.75ns
The critical path consists of the following:
	bus write on port 'hash' (src/sha256.c:214) [223]  (8.75 ns)

 <State 17>: 8.75ns
The critical path consists of the following:
	bus access on port 'hash' (src/sha256.c:214) [227]  (8.75 ns)

 <State 18>: 8.75ns
The critical path consists of the following:
	bus access on port 'hash' (src/sha256.c:214) [227]  (8.75 ns)

 <State 19>: 8.75ns
The critical path consists of the following:
	bus access on port 'hash' (src/sha256.c:214) [227]  (8.75 ns)

 <State 20>: 8.75ns
The critical path consists of the following:
	bus access on port 'hash' (src/sha256.c:214) [227]  (8.75 ns)

 <State 21>: 8.75ns
The critical path consists of the following:
	bus access on port 'hash' (src/sha256.c:214) [227]  (8.75 ns)


============================================================
+ Verbose Summary: Binding
============================================================
N/A
* FSMD analyzer results:
  - Output states:
 - Input state : 
  - Chain level:
	State 1
	State 2
	State 3
	State 4
	State 5
	State 6
	State 7
	State 8
	State 9
	State 10
	State 11
	State 12
	State 13
	State 14
	State 15
	State 16
	State 17
	State 18
	State 19
	State 20
	State 21


============================================================
+ Verbose Summary: Datapath Resource usage 
============================================================
N/A
