

================================================================
== Vivado HLS Report for 'sha256_hash'
================================================================
* Date:           Sun Feb 21 21:04:22 2021

* Version:        2018.3 (Build 2405991 on Thu Dec 06 23:56:15 MST 2018)
* Project:        sha256_hls
* Solution:       solution1
* Product family: zynq
* Target device:  xc7z020clg400-1


================================================================
== Performance Estimates
================================================================
+ Timing (ns): 
    * Summary: 
    +--------+-------+----------+------------+
    |  Clock | Target| Estimated| Uncertainty|
    +--------+-------+----------+------------+
    |ap_clk  |  10.00|     8.750|        1.25|
    +--------+-------+----------+------------+

+ Latency (clock cycles): 
    * Summary: 
    +-----+-------+-----+-------+---------+
    |   Latency   |   Interval  | Pipeline|
    | min |  max  | min |  max  |   Type  |
    +-----+-------+-----+-------+---------+
    |    7|  12103|    7|  12103|   none  |
    +-----+-------+-----+-------+---------+

    + Detail: 
        * Instance: 
        +-------------------+--------+-----+-----+-----+-----+---------+
        |                   |        |  Latency  |  Interval | Pipeline|
        |      Instance     | Module | min | max | min | max |   Type  |
        +-------------------+--------+-----+-----+-----+-----+---------+
        |grp_p_hash_fu_166  |p_hash  |  185|  185|  185|  185|   none  |
        +-------------------+--------+-----+-----+-----+-----+---------+

        * Loop: 
        +----------------------+-----+-------+----------+-----------+-----------+--------+----------+
        |                      |   Latency   | Iteration|  Initiation Interval  |  Trip  |          |
        |       Loop Name      | min |  max  |  Latency |  achieved |   target  |  Count | Pipelined|
        +----------------------+-----+-------+----------+-----------+-----------+--------+----------+
        |- sha256_hash_label2  |    0|  12096|  3 ~ 189 |          -|          -| 0 ~ 64 |    no    |
        +----------------------+-----+-------+----------+-----------+-----------+--------+----------+

============================================================
+ Verbose Summary: Synthesis Manager
============================================================
InlineROM: 1
ExposeGlobal: 0
============================================================
+ Verbose Summary: CDFG Model
============================================================
IsTopModel: 0
ResetActiveHigh: 1
IsCombinational: 0
IsDatapathOnly: 0
HasWiredReturn: 1
HasMFsm: 0
HasVarLatency: 1
IsPipeline: 0
IsRtlPipelined: 0
IsInstanceOverlapped: 0
IsDontTouch: 0
HasImplIP: 0
IsGatedGlobalClock: 0


============================================================
+ Verbose Summary: Schedule
============================================================
* Number of FSM states : 11
* Pipeline : 0
* Dataflow Pipeline: 0

* FSM state transitions: 
1 --> 
	2  / true
2 --> 
	3  / true
3 --> 
	4  / true
4 --> 
	5  / true
5 --> 
	6  / true
6 --> 
	7  / true
7 --> 
	8  / true
8 --> 
	9  / (!exitcond)
9 --> 
	10  / (tmp_3)
	11  / (!tmp_3)
10 --> 
	11  / true
11 --> 
	8  / true

* FSM state operations: 

State 1 <SV = 0> <Delay = 8.75>
ST_1 : Operation 12 [1/1] (0.00ns)   --->   "%sha256_len_0_write_s = alloca i32"   --->   Operation 12 'alloca' 'sha256_len_0_write_s' <Predicate = true> <Delay = 0.00>
ST_1 : Operation 13 [1/1] (0.00ns)   --->   "%sha256_bits_0_read_s = alloca i32"   --->   Operation 13 'alloca' 'sha256_bits_0_read_s' <Predicate = true> <Delay = 0.00>
ST_1 : Operation 14 [1/1] (0.00ns)   --->   "%sha256hash_7 = alloca i32"   --->   Operation 14 'alloca' 'sha256hash_7' <Predicate = true> <Delay = 0.00>
ST_1 : Operation 15 [1/1] (0.00ns)   --->   "%sha256hash_6 = alloca i32"   --->   Operation 15 'alloca' 'sha256hash_6' <Predicate = true> <Delay = 0.00>
ST_1 : Operation 16 [1/1] (0.00ns)   --->   "%sha256hash_5 = alloca i32"   --->   Operation 16 'alloca' 'sha256hash_5' <Predicate = true> <Delay = 0.00>
ST_1 : Operation 17 [1/1] (0.00ns)   --->   "%sha256hash_4 = alloca i32"   --->   Operation 17 'alloca' 'sha256hash_4' <Predicate = true> <Delay = 0.00>
ST_1 : Operation 18 [1/1] (0.00ns)   --->   "%sha256hash_3 = alloca i32"   --->   Operation 18 'alloca' 'sha256hash_3' <Predicate = true> <Delay = 0.00>
ST_1 : Operation 19 [1/1] (0.00ns)   --->   "%sha256hash_2 = alloca i32"   --->   Operation 19 'alloca' 'sha256hash_2' <Predicate = true> <Delay = 0.00>
ST_1 : Operation 20 [1/1] (0.00ns)   --->   "%sha256hash_1 = alloca i32"   --->   Operation 20 'alloca' 'sha256hash_1' <Predicate = true> <Delay = 0.00>
ST_1 : Operation 21 [1/1] (0.00ns)   --->   "%sha256hash = alloca i32"   --->   Operation 21 'alloca' 'sha256hash' <Predicate = true> <Delay = 0.00>
ST_1 : Operation 22 [1/1] (0.00ns)   --->   "%sha256_bits_1_read_s = alloca i32"   --->   Operation 22 'alloca' 'sha256_bits_1_read_s' <Predicate = true> <Delay = 0.00>
ST_1 : Operation 23 [1/1] (0.00ns)   --->   "%len_read = call i32 @_ssdm_op_Read.ap_auto.i32(i32 %len)" [src/sha256.c:150]   --->   Operation 23 'read' 'len_read' <Predicate = true> <Delay = 0.00>
ST_1 : Operation 24 [1/1] (0.00ns)   --->   "%data_offset_read = call i32 @_ssdm_op_Read.ap_auto.i32(i32 %data_offset)" [src/sha256.c:150]   --->   Operation 24 'read' 'data_offset_read' <Predicate = true> <Delay = 0.00>
ST_1 : Operation 25 [1/1] (0.00ns)   --->   "%tmp = sext i32 %data_offset_read to i64" [src/sha256.c:158]   --->   Operation 25 'sext' 'tmp' <Predicate = true> <Delay = 0.00>
ST_1 : Operation 26 [1/1] (0.00ns)   --->   "%data_addr = getelementptr i8* %data, i64 %tmp" [src/sha256.c:158]   --->   Operation 26 'getelementptr' 'data_addr' <Predicate = true> <Delay = 0.00>
ST_1 : Operation 27 [7/7] (8.75ns)   --->   "%p_rd_req = call i1 @_ssdm_op_ReadReq.m_axi.i8P(i8* %data_addr, i32 %len_read)" [src/sha256.c:158]   --->   Operation 27 'readreq' 'p_rd_req' <Predicate = true> <Delay = 8.75> <Core = "m_axi">   --->   Core 9 'm_axi' <Latency = 6> <II = 1> <Delay = 1.00> <Adapter> <Opcode : 'read' 'write' 'readreq' 'writereq' 'writeresp'>
ST_1 : Operation 28 [1/1] (1.76ns)   --->   "store i32 0, i32* %sha256_bits_1_read_s"   --->   Operation 28 'store' <Predicate = true> <Delay = 1.76>
ST_1 : Operation 29 [1/1] (1.76ns)   --->   "store i32 1779033703, i32* %sha256hash"   --->   Operation 29 'store' <Predicate = true> <Delay = 1.76>
ST_1 : Operation 30 [1/1] (1.76ns)   --->   "store i32 -1150833019, i32* %sha256hash_1"   --->   Operation 30 'store' <Predicate = true> <Delay = 1.76>
ST_1 : Operation 31 [1/1] (1.76ns)   --->   "store i32 1013904242, i32* %sha256hash_2"   --->   Operation 31 'store' <Predicate = true> <Delay = 1.76>
ST_1 : Operation 32 [1/1] (1.76ns)   --->   "store i32 -1521486534, i32* %sha256hash_3"   --->   Operation 32 'store' <Predicate = true> <Delay = 1.76>
ST_1 : Operation 33 [1/1] (1.76ns)   --->   "store i32 1359893119, i32* %sha256hash_4"   --->   Operation 33 'store' <Predicate = true> <Delay = 1.76>
ST_1 : Operation 34 [1/1] (1.76ns)   --->   "store i32 -1694144372, i32* %sha256hash_5"   --->   Operation 34 'store' <Predicate = true> <Delay = 1.76>
ST_1 : Operation 35 [1/1] (1.76ns)   --->   "store i32 528734635, i32* %sha256hash_6"   --->   Operation 35 'store' <Predicate = true> <Delay = 1.76>
ST_1 : Operation 36 [1/1] (1.76ns)   --->   "store i32 1541459225, i32* %sha256hash_7"   --->   Operation 36 'store' <Predicate = true> <Delay = 1.76>
ST_1 : Operation 37 [1/1] (1.76ns)   --->   "store i32 0, i32* %sha256_bits_0_read_s"   --->   Operation 37 'store' <Predicate = true> <Delay = 1.76>
ST_1 : Operation 38 [1/1] (1.76ns)   --->   "store i32 0, i32* %sha256_len_0_write_s"   --->   Operation 38 'store' <Predicate = true> <Delay = 1.76>

State 2 <SV = 1> <Delay = 8.75>
ST_2 : Operation 39 [6/7] (8.75ns)   --->   "%p_rd_req = call i1 @_ssdm_op_ReadReq.m_axi.i8P(i8* %data_addr, i32 %len_read)" [src/sha256.c:158]   --->   Operation 39 'readreq' 'p_rd_req' <Predicate = true> <Delay = 8.75> <Core = "m_axi">   --->   Core 9 'm_axi' <Latency = 6> <II = 1> <Delay = 1.00> <Adapter> <Opcode : 'read' 'write' 'readreq' 'writereq' 'writeresp'>

State 3 <SV = 2> <Delay = 8.75>
ST_3 : Operation 40 [5/7] (8.75ns)   --->   "%p_rd_req = call i1 @_ssdm_op_ReadReq.m_axi.i8P(i8* %data_addr, i32 %len_read)" [src/sha256.c:158]   --->   Operation 40 'readreq' 'p_rd_req' <Predicate = true> <Delay = 8.75> <Core = "m_axi">   --->   Core 9 'm_axi' <Latency = 6> <II = 1> <Delay = 1.00> <Adapter> <Opcode : 'read' 'write' 'readreq' 'writereq' 'writeresp'>

State 4 <SV = 3> <Delay = 8.75>
ST_4 : Operation 41 [4/7] (8.75ns)   --->   "%p_rd_req = call i1 @_ssdm_op_ReadReq.m_axi.i8P(i8* %data_addr, i32 %len_read)" [src/sha256.c:158]   --->   Operation 41 'readreq' 'p_rd_req' <Predicate = true> <Delay = 8.75> <Core = "m_axi">   --->   Core 9 'm_axi' <Latency = 6> <II = 1> <Delay = 1.00> <Adapter> <Opcode : 'read' 'write' 'readreq' 'writereq' 'writeresp'>

State 5 <SV = 4> <Delay = 8.75>
ST_5 : Operation 42 [3/7] (8.75ns)   --->   "%p_rd_req = call i1 @_ssdm_op_ReadReq.m_axi.i8P(i8* %data_addr, i32 %len_read)" [src/sha256.c:158]   --->   Operation 42 'readreq' 'p_rd_req' <Predicate = true> <Delay = 8.75> <Core = "m_axi">   --->   Core 9 'm_axi' <Latency = 6> <II = 1> <Delay = 1.00> <Adapter> <Opcode : 'read' 'write' 'readreq' 'writereq' 'writeresp'>

State 6 <SV = 5> <Delay = 8.75>
ST_6 : Operation 43 [2/7] (8.75ns)   --->   "%p_rd_req = call i1 @_ssdm_op_ReadReq.m_axi.i8P(i8* %data_addr, i32 %len_read)" [src/sha256.c:158]   --->   Operation 43 'readreq' 'p_rd_req' <Predicate = true> <Delay = 8.75> <Core = "m_axi">   --->   Core 9 'm_axi' <Latency = 6> <II = 1> <Delay = 1.00> <Adapter> <Opcode : 'read' 'write' 'readreq' 'writereq' 'writeresp'>

State 7 <SV = 6> <Delay = 8.75>
ST_7 : Operation 44 [1/1] (0.00ns)   --->   "call void (...)* @_ssdm_op_SpecInterface(i8* %data, [6 x i8]* @p_str6, i32 0, i32 0, [1 x i8]* @p_str1, i32 0, i32 900000, [6 x i8]* @p_str7, [6 x i8]* @p_str8, [1 x i8]* @p_str1, i32 16, i32 16, i32 16, i32 16, [1 x i8]* @p_str1, [1 x i8]* @p_str1)"   --->   Operation 44 'specinterface' <Predicate = true> <Delay = 0.00>
ST_7 : Operation 45 [1/7] (8.75ns)   --->   "%p_rd_req = call i1 @_ssdm_op_ReadReq.m_axi.i8P(i8* %data_addr, i32 %len_read)" [src/sha256.c:158]   --->   Operation 45 'readreq' 'p_rd_req' <Predicate = true> <Delay = 8.75> <Core = "m_axi">   --->   Core 9 'm_axi' <Latency = 6> <II = 1> <Delay = 1.00> <Adapter> <Opcode : 'read' 'write' 'readreq' 'writereq' 'writeresp'>
ST_7 : Operation 46 [1/1] (1.76ns)   --->   "br label %1" [src/sha256.c:156]   --->   Operation 46 'br' <Predicate = true> <Delay = 1.76>

State 8 <SV = 7> <Delay = 8.75>
ST_8 : Operation 47 [1/1] (0.00ns)   --->   "%i = phi i32 [ 0, %0 ], [ %i_1, %._crit_edge ]"   --->   Operation 47 'phi' 'i' <Predicate = true> <Delay = 0.00>
ST_8 : Operation 48 [1/1] (2.47ns)   --->   "%exitcond = icmp eq i32 %i, %len_read" [src/sha256.c:156]   --->   Operation 48 'icmp' 'exitcond' <Predicate = true> <Delay = 2.47> <Core = "Cmp">   --->   Core 25 'Cmp' <Latency = 0> <II = 1> <Delay = 2.47> <FuncUnit> <Opcode : 'icmp'> <InPorts = 2> <OutPorts = 1>
ST_8 : Operation 49 [1/1] (2.55ns)   --->   "%i_1 = add i32 %i, 1" [src/sha256.c:156]   --->   Operation 49 'add' 'i_1' <Predicate = true> <Delay = 2.55> <Core = "AddSub">   --->   Core 14 'AddSub' <Latency = 0> <II = 1> <Delay = 2.55> <FuncUnit> <Opcode : 'add' 'sub'> <InPorts = 2> <OutPorts = 1>
ST_8 : Operation 50 [1/1] (0.00ns)   --->   "br i1 %exitcond, label %4, label %2" [src/sha256.c:156]   --->   Operation 50 'br' <Predicate = true> <Delay = 0.00>
ST_8 : Operation 51 [1/1] (8.75ns)   --->   "%data_addr_read = call i8 @_ssdm_op_Read.m_axi.i8P(i8* %data_addr)" [src/sha256.c:158]   --->   Operation 51 'read' 'data_addr_read' <Predicate = (!exitcond)> <Delay = 8.75> <Core = "m_axi">   --->   Core 9 'm_axi' <Latency = 6> <II = 1> <Delay = 1.00> <Adapter> <Opcode : 'read' 'write' 'readreq' 'writereq' 'writeresp'>
ST_8 : Operation 52 [1/1] (0.00ns)   --->   "%sha256_len_0_write_2 = load i32* %sha256_len_0_write_s" [src/sha256.c:167]   --->   Operation 52 'load' 'sha256_len_0_write_2' <Predicate = (exitcond)> <Delay = 0.00>
ST_8 : Operation 53 [1/1] (0.00ns)   --->   "%sha256_bits_0_read_2 = load i32* %sha256_bits_0_read_s" [src/sha256.c:167]   --->   Operation 53 'load' 'sha256_bits_0_read_2' <Predicate = (exitcond)> <Delay = 0.00>
ST_8 : Operation 54 [1/1] (0.00ns)   --->   "%sha256hash_7_load = load i32* %sha256hash_7" [src/sha256.c:167]   --->   Operation 54 'load' 'sha256hash_7_load' <Predicate = (exitcond)> <Delay = 0.00>
ST_8 : Operation 55 [1/1] (0.00ns)   --->   "%sha256hash_6_load = load i32* %sha256hash_6" [src/sha256.c:167]   --->   Operation 55 'load' 'sha256hash_6_load' <Predicate = (exitcond)> <Delay = 0.00>
ST_8 : Operation 56 [1/1] (0.00ns)   --->   "%sha256hash_5_load = load i32* %sha256hash_5" [src/sha256.c:167]   --->   Operation 56 'load' 'sha256hash_5_load' <Predicate = (exitcond)> <Delay = 0.00>
ST_8 : Operation 57 [1/1] (0.00ns)   --->   "%sha256hash_4_load = load i32* %sha256hash_4" [src/sha256.c:167]   --->   Operation 57 'load' 'sha256hash_4_load' <Predicate = (exitcond)> <Delay = 0.00>
ST_8 : Operation 58 [1/1] (0.00ns)   --->   "%sha256hash_3_load = load i32* %sha256hash_3" [src/sha256.c:167]   --->   Operation 58 'load' 'sha256hash_3_load' <Predicate = (exitcond)> <Delay = 0.00>
ST_8 : Operation 59 [1/1] (0.00ns)   --->   "%sha256hash_2_load = load i32* %sha256hash_2" [src/sha256.c:167]   --->   Operation 59 'load' 'sha256hash_2_load' <Predicate = (exitcond)> <Delay = 0.00>
ST_8 : Operation 60 [1/1] (0.00ns)   --->   "%sha256hash_1_load = load i32* %sha256hash_1" [src/sha256.c:167]   --->   Operation 60 'load' 'sha256hash_1_load' <Predicate = (exitcond)> <Delay = 0.00>
ST_8 : Operation 61 [1/1] (0.00ns)   --->   "%sha256hash_load = load i32* %sha256hash" [src/sha256.c:167]   --->   Operation 61 'load' 'sha256hash_load' <Predicate = (exitcond)> <Delay = 0.00>
ST_8 : Operation 62 [1/1] (0.00ns)   --->   "%sha256_bits_1_read_2 = load i32* %sha256_bits_1_read_s" [src/sha256.c:167]   --->   Operation 62 'load' 'sha256_bits_1_read_2' <Predicate = (exitcond)> <Delay = 0.00>
ST_8 : Operation 63 [1/1] (0.00ns)   --->   "%mrv_s = insertvalue { i32, i32, i32, i32, i32, i32, i32, i32, i32, i32, i32 } undef, i32 %sha256_len_0_write_2, 0" [src/sha256.c:167]   --->   Operation 63 'insertvalue' 'mrv_s' <Predicate = (exitcond)> <Delay = 0.00>
ST_8 : Operation 64 [1/1] (0.00ns)   --->   "%mrv_1 = insertvalue { i32, i32, i32, i32, i32, i32, i32, i32, i32, i32, i32 } %mrv_s, i32 %sha256_bits_1_read_2, 1" [src/sha256.c:167]   --->   Operation 64 'insertvalue' 'mrv_1' <Predicate = (exitcond)> <Delay = 0.00>
ST_8 : Operation 65 [1/1] (0.00ns)   --->   "%mrv_2 = insertvalue { i32, i32, i32, i32, i32, i32, i32, i32, i32, i32, i32 } %mrv_1, i32 %sha256hash_load, 2" [src/sha256.c:167]   --->   Operation 65 'insertvalue' 'mrv_2' <Predicate = (exitcond)> <Delay = 0.00>
ST_8 : Operation 66 [1/1] (0.00ns)   --->   "%mrv_3 = insertvalue { i32, i32, i32, i32, i32, i32, i32, i32, i32, i32, i32 } %mrv_2, i32 %sha256hash_1_load, 3" [src/sha256.c:167]   --->   Operation 66 'insertvalue' 'mrv_3' <Predicate = (exitcond)> <Delay = 0.00>
ST_8 : Operation 67 [1/1] (0.00ns)   --->   "%mrv_4 = insertvalue { i32, i32, i32, i32, i32, i32, i32, i32, i32, i32, i32 } %mrv_3, i32 %sha256hash_2_load, 4" [src/sha256.c:167]   --->   Operation 67 'insertvalue' 'mrv_4' <Predicate = (exitcond)> <Delay = 0.00>
ST_8 : Operation 68 [1/1] (0.00ns)   --->   "%mrv_5 = insertvalue { i32, i32, i32, i32, i32, i32, i32, i32, i32, i32, i32 } %mrv_4, i32 %sha256hash_3_load, 5" [src/sha256.c:167]   --->   Operation 68 'insertvalue' 'mrv_5' <Predicate = (exitcond)> <Delay = 0.00>
ST_8 : Operation 69 [1/1] (0.00ns)   --->   "%mrv_6 = insertvalue { i32, i32, i32, i32, i32, i32, i32, i32, i32, i32, i32 } %mrv_5, i32 %sha256hash_4_load, 6" [src/sha256.c:167]   --->   Operation 69 'insertvalue' 'mrv_6' <Predicate = (exitcond)> <Delay = 0.00>
ST_8 : Operation 70 [1/1] (0.00ns)   --->   "%mrv_7 = insertvalue { i32, i32, i32, i32, i32, i32, i32, i32, i32, i32, i32 } %mrv_6, i32 %sha256hash_5_load, 7" [src/sha256.c:167]   --->   Operation 70 'insertvalue' 'mrv_7' <Predicate = (exitcond)> <Delay = 0.00>
ST_8 : Operation 71 [1/1] (0.00ns)   --->   "%mrv_8 = insertvalue { i32, i32, i32, i32, i32, i32, i32, i32, i32, i32, i32 } %mrv_7, i32 %sha256hash_6_load, 8" [src/sha256.c:167]   --->   Operation 71 'insertvalue' 'mrv_8' <Predicate = (exitcond)> <Delay = 0.00>
ST_8 : Operation 72 [1/1] (0.00ns)   --->   "%mrv_9 = insertvalue { i32, i32, i32, i32, i32, i32, i32, i32, i32, i32, i32 } %mrv_8, i32 %sha256hash_7_load, 9" [src/sha256.c:167]   --->   Operation 72 'insertvalue' 'mrv_9' <Predicate = (exitcond)> <Delay = 0.00>
ST_8 : Operation 73 [1/1] (0.00ns)   --->   "%mrv_10 = insertvalue { i32, i32, i32, i32, i32, i32, i32, i32, i32, i32, i32 } %mrv_9, i32 %sha256_bits_0_read_2, 10" [src/sha256.c:167]   --->   Operation 73 'insertvalue' 'mrv_10' <Predicate = (exitcond)> <Delay = 0.00>
ST_8 : Operation 74 [1/1] (0.00ns)   --->   "ret { i32, i32, i32, i32, i32, i32, i32, i32, i32, i32, i32 } %mrv_10" [src/sha256.c:167]   --->   Operation 74 'ret' <Predicate = (exitcond)> <Delay = 0.00>

State 9 <SV = 8> <Delay = 5.02>
ST_9 : Operation 75 [1/1] (0.00ns)   --->   "%sha256_len_0_write_1 = load i32* %sha256_len_0_write_s" [src/sha256.c:159]   --->   Operation 75 'load' 'sha256_len_0_write_1' <Predicate = true> <Delay = 0.00>
ST_9 : Operation 76 [1/1] (0.00ns)   --->   "call void (...)* @_ssdm_op_SpecLoopName([19 x i8]* @p_str) nounwind" [src/sha256.c:156]   --->   Operation 76 'specloopname' <Predicate = true> <Delay = 0.00>
ST_9 : Operation 77 [1/1] (0.00ns)   --->   "%tmp_2 = call i32 (...)* @_ssdm_op_SpecRegionBegin([19 x i8]* @p_str)" [src/sha256.c:156]   --->   Operation 77 'specregionbegin' 'tmp_2' <Predicate = true> <Delay = 0.00>
ST_9 : Operation 78 [1/1] (0.00ns)   --->   "call void (...)* @_ssdm_op_SpecLoopTripCount(i32 0, i32 64, i32 32, [1 x i8]* @p_str1) nounwind" [src/sha256.c:157]   --->   Operation 78 'speclooptripcount' <Predicate = true> <Delay = 0.00>
ST_9 : Operation 79 [1/1] (0.00ns)   --->   "%tmp_1 = zext i32 %sha256_len_0_write_1 to i64" [src/sha256.c:158]   --->   Operation 79 'zext' 'tmp_1' <Predicate = true> <Delay = 0.00>
ST_9 : Operation 80 [1/1] (0.00ns)   --->   "%sha256_buf_addr = getelementptr [64 x i8]* %sha256_buf, i64 0, i64 %tmp_1" [src/sha256.c:158]   --->   Operation 80 'getelementptr' 'sha256_buf_addr' <Predicate = true> <Delay = 0.00>
ST_9 : Operation 81 [1/1] (2.32ns)   --->   "store i8 %data_addr_read, i8* %sha256_buf_addr, align 1" [src/sha256.c:158]   --->   Operation 81 'store' <Predicate = true> <Delay = 2.32> <Core = "RAM">   --->   Core 37 'RAM' <Latency = 1> <II = 1> <Delay = 3.25> <Storage> <Opcode : 'load' 'store'> <Ports = 2> <Width = 32> <Depth = 64> <RAM>
ST_9 : Operation 82 [1/1] (2.55ns)   --->   "%sl = add i32 %sha256_len_0_write_1, 1" [src/sha256.c:159]   --->   Operation 82 'add' 'sl' <Predicate = true> <Delay = 2.55> <Core = "AddSub">   --->   Core 14 'AddSub' <Latency = 0> <II = 1> <Delay = 2.55> <FuncUnit> <Opcode : 'add' 'sub'> <InPorts = 2> <OutPorts = 1>
ST_9 : Operation 83 [1/1] (2.47ns)   --->   "%tmp_3 = icmp eq i32 %sl, 8" [src/sha256.c:160]   --->   Operation 83 'icmp' 'tmp_3' <Predicate = true> <Delay = 2.47> <Core = "Cmp">   --->   Core 25 'Cmp' <Latency = 0> <II = 1> <Delay = 2.47> <FuncUnit> <Opcode : 'icmp'> <InPorts = 2> <OutPorts = 1>
ST_9 : Operation 84 [1/1] (0.00ns)   --->   "br i1 %tmp_3, label %3, label %.._crit_edge_crit_edge" [src/sha256.c:160]   --->   Operation 84 'br' <Predicate = true> <Delay = 0.00>
ST_9 : Operation 85 [1/1] (1.76ns)   --->   "store i32 %sl, i32* %sha256_len_0_write_s" [src/sha256.c:159]   --->   Operation 85 'store' <Predicate = (!tmp_3)> <Delay = 1.76>
ST_9 : Operation 86 [1/1] (0.00ns)   --->   "br label %._crit_edge" [src/sha256.c:160]   --->   Operation 86 'br' <Predicate = (!tmp_3)> <Delay = 0.00>
ST_9 : Operation 87 [1/1] (1.76ns)   --->   "store i32 0, i32* %sha256_len_0_write_s"   --->   Operation 87 'store' <Predicate = (tmp_3)> <Delay = 1.76>

State 10 <SV = 9> <Delay = 1.76>
ST_10 : Operation 88 [1/1] (0.00ns)   --->   "%sha256hash_7_load_1 = load i32* %sha256hash_7" [src/sha256.c:161]   --->   Operation 88 'load' 'sha256hash_7_load_1' <Predicate = true> <Delay = 0.00>
ST_10 : Operation 89 [1/1] (0.00ns)   --->   "%sha256hash_6_load_1 = load i32* %sha256hash_6" [src/sha256.c:161]   --->   Operation 89 'load' 'sha256hash_6_load_1' <Predicate = true> <Delay = 0.00>
ST_10 : Operation 90 [1/1] (0.00ns)   --->   "%sha256hash_5_load_1 = load i32* %sha256hash_5" [src/sha256.c:161]   --->   Operation 90 'load' 'sha256hash_5_load_1' <Predicate = true> <Delay = 0.00>
ST_10 : Operation 91 [1/1] (0.00ns)   --->   "%sha256hash_4_load_1 = load i32* %sha256hash_4" [src/sha256.c:161]   --->   Operation 91 'load' 'sha256hash_4_load_1' <Predicate = true> <Delay = 0.00>
ST_10 : Operation 92 [1/1] (0.00ns)   --->   "%sha256hash_3_load_1 = load i32* %sha256hash_3" [src/sha256.c:161]   --->   Operation 92 'load' 'sha256hash_3_load_1' <Predicate = true> <Delay = 0.00>
ST_10 : Operation 93 [1/1] (0.00ns)   --->   "%sha256hash_2_load_1 = load i32* %sha256hash_2" [src/sha256.c:161]   --->   Operation 93 'load' 'sha256hash_2_load_1' <Predicate = true> <Delay = 0.00>
ST_10 : Operation 94 [1/1] (0.00ns)   --->   "%sha256hash_1_load_1 = load i32* %sha256hash_1" [src/sha256.c:161]   --->   Operation 94 'load' 'sha256hash_1_load_1' <Predicate = true> <Delay = 0.00>
ST_10 : Operation 95 [1/1] (0.00ns)   --->   "%sha256hash_load_1 = load i32* %sha256hash" [src/sha256.c:161]   --->   Operation 95 'load' 'sha256hash_load_1' <Predicate = true> <Delay = 0.00>
ST_10 : Operation 96 [2/2] (1.76ns)   --->   "%p_hash_ret = call fastcc { i32, i32, i32, i32, i32, i32, i32, i32 } @_hash([64 x i8]* %sha256_buf, i32 %sha256hash_load_1, i32 %sha256hash_1_load_1, i32 %sha256hash_2_load_1, i32 %sha256hash_3_load_1, i32 %sha256hash_4_load_1, i32 %sha256hash_5_load_1, i32 %sha256hash_6_load_1, i32 %sha256hash_7_load_1)" [src/sha256.c:161]   --->   Operation 96 'call' 'p_hash_ret' <Predicate = true> <Delay = 1.76> <CoreType = "Generic">   --->   Core 0 '' <Latency = 0> <II = 1> <Delay = 1.00> <Generic> <Opcode : >

State 11 <SV = 10> <Delay = 5.01>
ST_11 : Operation 97 [1/1] (0.00ns)   --->   "%sha256_bits_0_read_1 = load i32* %sha256_bits_0_read_s" [src/sha256.c:71->src/sha256.c:162]   --->   Operation 97 'load' 'sha256_bits_0_read_1' <Predicate = (tmp_3)> <Delay = 0.00>
ST_11 : Operation 98 [1/1] (0.00ns)   --->   "%sha256_bits_1_read_1 = load i32* %sha256_bits_1_read_s" [src/sha256.c:70->src/sha256.c:162]   --->   Operation 98 'load' 'sha256_bits_1_read_1' <Predicate = (tmp_3)> <Delay = 0.00>
ST_11 : Operation 99 [1/2] (2.55ns)   --->   "%p_hash_ret = call fastcc { i32, i32, i32, i32, i32, i32, i32, i32 } @_hash([64 x i8]* %sha256_buf, i32 %sha256hash_load_1, i32 %sha256hash_1_load_1, i32 %sha256hash_2_load_1, i32 %sha256hash_3_load_1, i32 %sha256hash_4_load_1, i32 %sha256hash_5_load_1, i32 %sha256hash_6_load_1, i32 %sha256hash_7_load_1)" [src/sha256.c:161]   --->   Operation 99 'call' 'p_hash_ret' <Predicate = (tmp_3)> <Delay = 2.55> <CoreType = "Generic">   --->   Core 0 '' <Latency = 0> <II = 1> <Delay = 1.00> <Generic> <Opcode : >
ST_11 : Operation 100 [1/1] (0.00ns)   --->   "%sha256hash_0_ret = extractvalue { i32, i32, i32, i32, i32, i32, i32, i32 } %p_hash_ret, 0" [src/sha256.c:161]   --->   Operation 100 'extractvalue' 'sha256hash_0_ret' <Predicate = (tmp_3)> <Delay = 0.00>
ST_11 : Operation 101 [1/1] (0.00ns)   --->   "%sha256hash_1_ret = extractvalue { i32, i32, i32, i32, i32, i32, i32, i32 } %p_hash_ret, 1" [src/sha256.c:161]   --->   Operation 101 'extractvalue' 'sha256hash_1_ret' <Predicate = (tmp_3)> <Delay = 0.00>
ST_11 : Operation 102 [1/1] (0.00ns)   --->   "%sha256hash_2_ret = extractvalue { i32, i32, i32, i32, i32, i32, i32, i32 } %p_hash_ret, 2" [src/sha256.c:161]   --->   Operation 102 'extractvalue' 'sha256hash_2_ret' <Predicate = (tmp_3)> <Delay = 0.00>
ST_11 : Operation 103 [1/1] (0.00ns)   --->   "%sha256hash_3_ret = extractvalue { i32, i32, i32, i32, i32, i32, i32, i32 } %p_hash_ret, 3" [src/sha256.c:161]   --->   Operation 103 'extractvalue' 'sha256hash_3_ret' <Predicate = (tmp_3)> <Delay = 0.00>
ST_11 : Operation 104 [1/1] (0.00ns)   --->   "%sha256hash_4_ret = extractvalue { i32, i32, i32, i32, i32, i32, i32, i32 } %p_hash_ret, 4" [src/sha256.c:161]   --->   Operation 104 'extractvalue' 'sha256hash_4_ret' <Predicate = (tmp_3)> <Delay = 0.00>
ST_11 : Operation 105 [1/1] (0.00ns)   --->   "%sha256hash_5_ret = extractvalue { i32, i32, i32, i32, i32, i32, i32, i32 } %p_hash_ret, 5" [src/sha256.c:161]   --->   Operation 105 'extractvalue' 'sha256hash_5_ret' <Predicate = (tmp_3)> <Delay = 0.00>
ST_11 : Operation 106 [1/1] (0.00ns)   --->   "%sha256hash_6_ret = extractvalue { i32, i32, i32, i32, i32, i32, i32, i32 } %p_hash_ret, 6" [src/sha256.c:161]   --->   Operation 106 'extractvalue' 'sha256hash_6_ret' <Predicate = (tmp_3)> <Delay = 0.00>
ST_11 : Operation 107 [1/1] (0.00ns)   --->   "%sha256hash_7_ret = extractvalue { i32, i32, i32, i32, i32, i32, i32, i32 } %p_hash_ret, 7" [src/sha256.c:161]   --->   Operation 107 'extractvalue' 'sha256hash_7_ret' <Predicate = (tmp_3)> <Delay = 0.00>
ST_11 : Operation 108 [1/1] (2.47ns)   --->   "%tmp_i = icmp ugt i32 %sha256_bits_0_read_1, -65" [src/sha256.c:69->src/sha256.c:162]   --->   Operation 108 'icmp' 'tmp_i' <Predicate = (tmp_3)> <Delay = 2.47> <Core = "Cmp">   --->   Core 25 'Cmp' <Latency = 0> <II = 1> <Delay = 2.47> <FuncUnit> <Opcode : 'icmp'> <InPorts = 2> <OutPorts = 1>
ST_11 : Operation 109 [1/1] (2.55ns)   --->   "%tmp_89_i = add i32 %sha256_bits_1_read_1, 1" [src/sha256.c:70->src/sha256.c:162]   --->   Operation 109 'add' 'tmp_89_i' <Predicate = (tmp_3)> <Delay = 2.55> <Core = "AddSub">   --->   Core 14 'AddSub' <Latency = 0> <II = 1> <Delay = 2.55> <FuncUnit> <Opcode : 'add' 'sub'> <InPorts = 2> <OutPorts = 1>
ST_11 : Operation 110 [1/1] (0.69ns)   --->   "%tmp_95_read1_i = select i1 %tmp_i, i32 %tmp_89_i, i32 %sha256_bits_1_read_1" [src/sha256.c:69->src/sha256.c:162]   --->   Operation 110 'select' 'tmp_95_read1_i' <Predicate = (tmp_3)> <Delay = 0.69> <Core = "Sel">   --->   Core 26 'Sel' <Latency = 0> <II = 1> <Delay = 0.69> <FuncUnit> <Opcode : 'select'> <InPorts = 3> <OutPorts = 1>
ST_11 : Operation 111 [1/1] (2.55ns)   --->   "%sha256_bits_0_write = add i32 %sha256_bits_0_read_1, 64" [src/sha256.c:71->src/sha256.c:162]   --->   Operation 111 'add' 'sha256_bits_0_write' <Predicate = (tmp_3)> <Delay = 2.55> <Core = "AddSub">   --->   Core 14 'AddSub' <Latency = 0> <II = 1> <Delay = 2.55> <FuncUnit> <Opcode : 'add' 'sub'> <InPorts = 2> <OutPorts = 1>
ST_11 : Operation 112 [1/1] (1.76ns)   --->   "store i32 %tmp_95_read1_i, i32* %sha256_bits_1_read_s" [src/sha256.c:69->src/sha256.c:162]   --->   Operation 112 'store' <Predicate = (tmp_3)> <Delay = 1.76>
ST_11 : Operation 113 [1/1] (1.76ns)   --->   "store i32 %sha256hash_0_ret, i32* %sha256hash" [src/sha256.c:161]   --->   Operation 113 'store' <Predicate = (tmp_3)> <Delay = 1.76>
ST_11 : Operation 114 [1/1] (1.76ns)   --->   "store i32 %sha256hash_1_ret, i32* %sha256hash_1" [src/sha256.c:161]   --->   Operation 114 'store' <Predicate = (tmp_3)> <Delay = 1.76>
ST_11 : Operation 115 [1/1] (1.76ns)   --->   "store i32 %sha256hash_2_ret, i32* %sha256hash_2" [src/sha256.c:161]   --->   Operation 115 'store' <Predicate = (tmp_3)> <Delay = 1.76>
ST_11 : Operation 116 [1/1] (1.76ns)   --->   "store i32 %sha256hash_3_ret, i32* %sha256hash_3" [src/sha256.c:161]   --->   Operation 116 'store' <Predicate = (tmp_3)> <Delay = 1.76>
ST_11 : Operation 117 [1/1] (1.76ns)   --->   "store i32 %sha256hash_4_ret, i32* %sha256hash_4" [src/sha256.c:161]   --->   Operation 117 'store' <Predicate = (tmp_3)> <Delay = 1.76>
ST_11 : Operation 118 [1/1] (1.76ns)   --->   "store i32 %sha256hash_5_ret, i32* %sha256hash_5" [src/sha256.c:161]   --->   Operation 118 'store' <Predicate = (tmp_3)> <Delay = 1.76>
ST_11 : Operation 119 [1/1] (1.76ns)   --->   "store i32 %sha256hash_6_ret, i32* %sha256hash_6" [src/sha256.c:161]   --->   Operation 119 'store' <Predicate = (tmp_3)> <Delay = 1.76>
ST_11 : Operation 120 [1/1] (1.76ns)   --->   "store i32 %sha256hash_7_ret, i32* %sha256hash_7" [src/sha256.c:161]   --->   Operation 120 'store' <Predicate = (tmp_3)> <Delay = 1.76>
ST_11 : Operation 121 [1/1] (1.76ns)   --->   "store i32 %sha256_bits_0_write, i32* %sha256_bits_0_read_s" [src/sha256.c:67->src/sha256.c:162]   --->   Operation 121 'store' <Predicate = (tmp_3)> <Delay = 1.76>
ST_11 : Operation 122 [1/1] (0.00ns)   --->   "br label %._crit_edge" [src/sha256.c:164]   --->   Operation 122 'br' <Predicate = (tmp_3)> <Delay = 0.00>
ST_11 : Operation 123 [1/1] (0.00ns)   --->   "%empty = call i32 (...)* @_ssdm_op_SpecRegionEnd([19 x i8]* @p_str, i32 %tmp_2)" [src/sha256.c:165]   --->   Operation 123 'specregionend' 'empty' <Predicate = true> <Delay = 0.00>
ST_11 : Operation 124 [1/1] (0.00ns)   --->   "br label %1" [src/sha256.c:156]   --->   Operation 124 'br' <Predicate = true> <Delay = 0.00>


============================================================
+ Verbose Summary: Binding
============================================================
STG Binding: 
---------------- STG Properties BEGIN ----------------
- Is combinational: 0
- Is one-state seq: 0
- Is datapath-only: 0
- Is pipelined: 0
- Is top level: 0
Port [ Return ] is wired: 1; IO mode=ap_ctrl_hs:ce=0
Port [ sha256_buf]:  wired=1; compound=1; hidden=0; nouse=0; global=0; static=0; extern=0; dir=2; type=1; pingpong=0; private_global=0; MemPort=[21]; IO mode=ap_memory:ce=0
Port [ data]:  wired=1; compound=1; hidden=0; nouse=0; global=0; static=0; extern=0; dir=0; type=4; pingpong=0; private_global=0; IO mode=m_axi:ce=0
Port [ data_offset]:  wired=1; compound=0; hidden=0; nouse=0; global=0; static=0; extern=0; dir=0; type=0; pingpong=0; private_global=0; IO mode=ap_none:ce=0
Port [ len]:  wired=1; compound=0; hidden=0; nouse=0; global=0; static=0; extern=0; dir=0; type=0; pingpong=0; private_global=0; IO mode=ap_none:ce=0
Port [ K]:  wired=0; compound=1; hidden=1; nouse=1; global=1; static=1; extern=0; dir=0; type=1; pingpong=0; private_global=0; linkage=7; visibility=0; MemPort=[1]; IO mode=ap_memory:ce=0
---------------- STG Properties END ------------------

---------------- Datapath Model BEGIN ----------------

<LifeTime>
<method=bitvector/>
sha256_len_0_write_s (alloca           ) [ 011111111111]
sha256_bits_0_read_s (alloca           ) [ 011111111111]
sha256hash_7         (alloca           ) [ 011111111111]
sha256hash_6         (alloca           ) [ 011111111111]
sha256hash_5         (alloca           ) [ 011111111111]
sha256hash_4         (alloca           ) [ 011111111111]
sha256hash_3         (alloca           ) [ 011111111111]
sha256hash_2         (alloca           ) [ 011111111111]
sha256hash_1         (alloca           ) [ 011111111111]
sha256hash           (alloca           ) [ 011111111111]
sha256_bits_1_read_s (alloca           ) [ 011111111111]
len_read             (read             ) [ 001111111111]
data_offset_read     (read             ) [ 000000000000]
tmp                  (sext             ) [ 000000000000]
data_addr            (getelementptr    ) [ 001111111111]
StgValue_28          (store            ) [ 000000000000]
StgValue_29          (store            ) [ 000000000000]
StgValue_30          (store            ) [ 000000000000]
StgValue_31          (store            ) [ 000000000000]
StgValue_32          (store            ) [ 000000000000]
StgValue_33          (store            ) [ 000000000000]
StgValue_34          (store            ) [ 000000000000]
StgValue_35          (store            ) [ 000000000000]
StgValue_36          (store            ) [ 000000000000]
StgValue_37          (store            ) [ 000000000000]
StgValue_38          (store            ) [ 000000000000]
StgValue_44          (specinterface    ) [ 000000000000]
p_rd_req             (readreq          ) [ 000000000000]
StgValue_46          (br               ) [ 000000011111]
i                    (phi              ) [ 000000001000]
exitcond             (icmp             ) [ 000000001111]
i_1                  (add              ) [ 000000011111]
StgValue_50          (br               ) [ 000000000000]
data_addr_read       (read             ) [ 000000000100]
sha256_len_0_write_2 (load             ) [ 000000000000]
sha256_bits_0_read_2 (load             ) [ 000000000000]
sha256hash_7_load    (load             ) [ 000000000000]
sha256hash_6_load    (load             ) [ 000000000000]
sha256hash_5_load    (load             ) [ 000000000000]
sha256hash_4_load    (load             ) [ 000000000000]
sha256hash_3_load    (load             ) [ 000000000000]
sha256hash_2_load    (load             ) [ 000000000000]
sha256hash_1_load    (load             ) [ 000000000000]
sha256hash_load      (load             ) [ 000000000000]
sha256_bits_1_read_2 (load             ) [ 000000000000]
mrv_s                (insertvalue      ) [ 000000000000]
mrv_1                (insertvalue      ) [ 000000000000]
mrv_2                (insertvalue      ) [ 000000000000]
mrv_3                (insertvalue      ) [ 000000000000]
mrv_4                (insertvalue      ) [ 000000000000]
mrv_5                (insertvalue      ) [ 000000000000]
mrv_6                (insertvalue      ) [ 000000000000]
mrv_7                (insertvalue      ) [ 000000000000]
mrv_8                (insertvalue      ) [ 000000000000]
mrv_9                (insertvalue      ) [ 000000000000]
mrv_10               (insertvalue      ) [ 000000000000]
StgValue_74          (ret              ) [ 000000000000]
sha256_len_0_write_1 (load             ) [ 000000000000]
StgValue_76          (specloopname     ) [ 000000000000]
tmp_2                (specregionbegin  ) [ 000000000011]
StgValue_78          (speclooptripcount) [ 000000000000]
tmp_1                (zext             ) [ 000000000000]
sha256_buf_addr      (getelementptr    ) [ 000000000000]
StgValue_81          (store            ) [ 000000000000]
sl                   (add              ) [ 000000000000]
tmp_3                (icmp             ) [ 000000001111]
StgValue_84          (br               ) [ 000000000000]
StgValue_85          (store            ) [ 000000000000]
StgValue_86          (br               ) [ 000000000000]
StgValue_87          (store            ) [ 000000000000]
sha256hash_7_load_1  (load             ) [ 000000001101]
sha256hash_6_load_1  (load             ) [ 000000001101]
sha256hash_5_load_1  (load             ) [ 000000001101]
sha256hash_4_load_1  (load             ) [ 000000001101]
sha256hash_3_load_1  (load             ) [ 000000001101]
sha256hash_2_load_1  (load             ) [ 000000001101]
sha256hash_1_load_1  (load             ) [ 000000001101]
sha256hash_load_1    (load             ) [ 000000001101]
sha256_bits_0_read_1 (load             ) [ 000000000000]
sha256_bits_1_read_1 (load             ) [ 000000000000]
p_hash_ret           (call             ) [ 000000000000]
sha256hash_0_ret     (extractvalue     ) [ 000000000000]
sha256hash_1_ret     (extractvalue     ) [ 000000000000]
sha256hash_2_ret     (extractvalue     ) [ 000000000000]
sha256hash_3_ret     (extractvalue     ) [ 000000000000]
sha256hash_4_ret     (extractvalue     ) [ 000000000000]
sha256hash_5_ret     (extractvalue     ) [ 000000000000]
sha256hash_6_ret     (extractvalue     ) [ 000000000000]
sha256hash_7_ret     (extractvalue     ) [ 000000000000]
tmp_i                (icmp             ) [ 000000000000]
tmp_89_i             (add              ) [ 000000000000]
tmp_95_read1_i       (select           ) [ 000000000000]
sha256_bits_0_write  (add              ) [ 000000000000]
StgValue_112         (store            ) [ 000000000000]
StgValue_113         (store            ) [ 000000000000]
StgValue_114         (store            ) [ 000000000000]
StgValue_115         (store            ) [ 000000000000]
StgValue_116         (store            ) [ 000000000000]
StgValue_117         (store            ) [ 000000000000]
StgValue_118         (store            ) [ 000000000000]
StgValue_119         (store            ) [ 000000000000]
StgValue_120         (store            ) [ 000000000000]
StgValue_121         (store            ) [ 000000000000]
StgValue_122         (br               ) [ 000000000000]
empty                (specregionend    ) [ 000000000000]
StgValue_124         (br               ) [ 000000011111]
</LifeTime>

<model>

<comp_list>
<comp id="0" class="1000" name="sha256_buf">
<pin_list>
<pin id="1" dir="1" index="0" bw="1" slack="0"/>
</pin_list>
<bind>
<StgValue><ssdm name="sha256_buf"/><MemPortTyVec>2 1 </MemPortTyVec>
</StgValue>
</bind>
</comp>

<comp id="2" class="1000" name="data">
<pin_list>
<pin id="3" dir="1" index="0" bw="1" slack="0"/>
</pin_list>
<bind>
<StgValue><ssdm name="data"/></StgValue>
</bind>
</comp>

<comp id="4" class="1000" name="data_offset">
<pin_list>
<pin id="5" dir="1" index="0" bw="1" slack="0"/>
</pin_list>
<bind>
<StgValue><ssdm name="data_offset"/></StgValue>
</bind>
</comp>

<comp id="6" class="1000" name="len">
<pin_list>
<pin id="7" dir="1" index="0" bw="1" slack="0"/>
</pin_list>
<bind>
<StgValue><ssdm name="len"/></StgValue>
</bind>
</comp>

<comp id="8" class="1000" name="K">
<pin_list>
<pin id="9" dir="1" index="0" bw="1" slack="0"/>
</pin_list>
<bind>
<StgValue><ssdm name="K"/><MemPortTyVec>1 </MemPortTyVec>
</StgValue>
</bind>
</comp>

<comp id="10" class="1001" name="const_10">
<pin_list>
<pin id="11" dir="1" index="0" bw="1" slack="0"/>
</pin_list>
<bind>
<StgValue><ssdm name=""/></StgValue>
</bind>
</comp>

<comp id="12" class="1001" name="const_12">
<pin_list>
<pin id="13" dir="1" index="0" bw="1" slack="0"/>
</pin_list>
<bind>
<StgValue><ssdm name="_ssdm_op_Read.ap_auto.i32"/></StgValue>
</bind>
</comp>

<comp id="14" class="1001" name="const_14">
<pin_list>
<pin id="15" dir="1" index="0" bw="1" slack="0"/>
</pin_list>
<bind>
<StgValue><ssdm name="_ssdm_op_ReadReq.m_axi.i8P"/></StgValue>
</bind>
</comp>

<comp id="16" class="1001" name="const_16">
<pin_list>
<pin id="17" dir="1" index="0" bw="1" slack="0"/>
</pin_list>
<bind>
<StgValue><ssdm name=""/></StgValue>
</bind>
</comp>

<comp id="18" class="1001" name="const_18">
<pin_list>
<pin id="19" dir="1" index="0" bw="1" slack="0"/>
</pin_list>
<bind>
<StgValue><ssdm name=""/></StgValue>
</bind>
</comp>

<comp id="20" class="1001" name="const_20">
<pin_list>
<pin id="21" dir="1" index="0" bw="1" slack="0"/>
</pin_list>
<bind>
<StgValue><ssdm name=""/></StgValue>
</bind>
</comp>

<comp id="22" class="1001" name="const_22">
<pin_list>
<pin id="23" dir="1" index="0" bw="1" slack="0"/>
</pin_list>
<bind>
<StgValue><ssdm name=""/></StgValue>
</bind>
</comp>

<comp id="24" class="1001" name="const_24">
<pin_list>
<pin id="25" dir="1" index="0" bw="1" slack="0"/>
</pin_list>
<bind>
<StgValue><ssdm name=""/></StgValue>
</bind>
</comp>

<comp id="26" class="1001" name="const_26">
<pin_list>
<pin id="27" dir="1" index="0" bw="1" slack="0"/>
</pin_list>
<bind>
<StgValue><ssdm name=""/></StgValue>
</bind>
</comp>

<comp id="28" class="1001" name="const_28">
<pin_list>
<pin id="29" dir="1" index="0" bw="1" slack="0"/>
</pin_list>
<bind>
<StgValue><ssdm name=""/></StgValue>
</bind>
</comp>

<comp id="30" class="1001" name="const_30">
<pin_list>
<pin id="31" dir="1" index="0" bw="1" slack="0"/>
</pin_list>
<bind>
<StgValue><ssdm name=""/></StgValue>
</bind>
</comp>

<comp id="32" class="1001" name="const_32">
<pin_list>
<pin id="33" dir="1" index="0" bw="1" slack="0"/>
</pin_list>
<bind>
<StgValue><ssdm name=""/></StgValue>
</bind>
</comp>

<comp id="34" class="1001" name="const_34">
<pin_list>
<pin id="35" dir="1" index="0" bw="1" slack="2147483647"/>
</pin_list>
<bind>
<StgValue><ssdm name="_ssdm_op_SpecInterface"/></StgValue>
</bind>
</comp>

<comp id="36" class="1001" name="const_36">
<pin_list>
<pin id="37" dir="1" index="0" bw="1" slack="2147483647"/>
</pin_list>
<bind>
<StgValue><ssdm name="p_str6"/></StgValue>
</bind>
</comp>

<comp id="38" class="1001" name="const_38">
<pin_list>
<pin id="39" dir="1" index="0" bw="1" slack="2147483647"/>
</pin_list>
<bind>
<StgValue><ssdm name="p_str1"/></StgValue>
</bind>
</comp>

<comp id="40" class="1001" name="const_40">
<pin_list>
<pin id="41" dir="1" index="0" bw="1" slack="2147483647"/>
</pin_list>
<bind>
<StgValue><ssdm name=""/></StgValue>
</bind>
</comp>

<comp id="42" class="1001" name="const_42">
<pin_list>
<pin id="43" dir="1" index="0" bw="1" slack="2147483647"/>
</pin_list>
<bind>
<StgValue><ssdm name="p_str7"/></StgValue>
</bind>
</comp>

<comp id="44" class="1001" name="const_44">
<pin_list>
<pin id="45" dir="1" index="0" bw="1" slack="2147483647"/>
</pin_list>
<bind>
<StgValue><ssdm name="p_str8"/></StgValue>
</bind>
</comp>

<comp id="46" class="1001" name="const_46">
<pin_list>
<pin id="47" dir="1" index="0" bw="1" slack="2147483647"/>
</pin_list>
<bind>
<StgValue><ssdm name=""/></StgValue>
</bind>
</comp>

<comp id="48" class="1001" name="const_48">
<pin_list>
<pin id="49" dir="1" index="0" bw="1" slack="0"/>
</pin_list>
<bind>
<StgValue><ssdm name="_ssdm_op_Read.m_axi.i8P"/></StgValue>
</bind>
</comp>

<comp id="50" class="1001" name="const_50">
<pin_list>
<pin id="51" dir="1" index="0" bw="1" slack="0"/>
</pin_list>
<bind>
<StgValue><ssdm name=""/></StgValue>
</bind>
</comp>

<comp id="52" class="1001" name="const_52">
<pin_list>
<pin id="53" dir="1" index="0" bw="1" slack="2147483647"/>
</pin_list>
<bind>
<StgValue><ssdm name="_ssdm_op_SpecLoopName"/></StgValue>
</bind>
</comp>

<comp id="54" class="1001" name="const_54">
<pin_list>
<pin id="55" dir="1" index="0" bw="1" slack="2147483647"/>
</pin_list>
<bind>
<StgValue><ssdm name="p_str"/></StgValue>
</bind>
</comp>

<comp id="56" class="1001" name="const_56">
<pin_list>
<pin id="57" dir="1" index="0" bw="1" slack="2147483647"/>
</pin_list>
<bind>
<StgValue><ssdm name="_ssdm_op_SpecRegionBegin"/></StgValue>
</bind>
</comp>

<comp id="58" class="1001" name="const_58">
<pin_list>
<pin id="59" dir="1" index="0" bw="1" slack="2147483647"/>
</pin_list>
<bind>
<StgValue><ssdm name="_ssdm_op_SpecLoopTripCount"/></StgValue>
</bind>
</comp>

<comp id="60" class="1001" name="const_60">
<pin_list>
<pin id="61" dir="1" index="0" bw="1" slack="0"/>
</pin_list>
<bind>
<StgValue><ssdm name=""/></StgValue>
</bind>
</comp>

<comp id="62" class="1001" name="const_62">
<pin_list>
<pin id="63" dir="1" index="0" bw="1" slack="2147483647"/>
</pin_list>
<bind>
<StgValue><ssdm name=""/></StgValue>
</bind>
</comp>

<comp id="64" class="1001" name="const_64">
<pin_list>
<pin id="65" dir="1" index="0" bw="1" slack="0"/>
</pin_list>
<bind>
<StgValue><ssdm name=""/></StgValue>
</bind>
</comp>

<comp id="66" class="1001" name="const_66">
<pin_list>
<pin id="67" dir="1" index="0" bw="1" slack="0"/>
</pin_list>
<bind>
<StgValue><ssdm name=""/></StgValue>
</bind>
</comp>

<comp id="68" class="1001" name="const_68">
<pin_list>
<pin id="69" dir="1" index="0" bw="1" slack="0"/>
</pin_list>
<bind>
<StgValue><ssdm name="_hash"/></StgValue>
</bind>
</comp>

<comp id="70" class="1001" name="const_70">
<pin_list>
<pin id="71" dir="1" index="0" bw="1" slack="0"/>
</pin_list>
<bind>
<StgValue><ssdm name=""/></StgValue>
</bind>
</comp>

<comp id="72" class="1001" name="const_72">
<pin_list>
<pin id="73" dir="1" index="0" bw="1" slack="2147483647"/>
</pin_list>
<bind>
<StgValue><ssdm name="_ssdm_op_SpecRegionEnd"/></StgValue>
</bind>
</comp>

<comp id="74" class="1004" name="sha256_len_0_write_s_fu_74">
<pin_list>
<pin id="75" dir="0" index="0" bw="1" slack="0"/>
<pin id="76" dir="1" index="1" bw="32" slack="0"/>
</pin_list>
<bind>
<opcode="alloca(26) " fcode="alloca"/>
<opset="sha256_len_0_write_s/1 "/>
</bind>
</comp>

<comp id="78" class="1004" name="sha256_bits_0_read_s_fu_78">
<pin_list>
<pin id="79" dir="0" index="0" bw="1" slack="0"/>
<pin id="80" dir="1" index="1" bw="32" slack="0"/>
</pin_list>
<bind>
<opcode="alloca(26) " fcode="alloca"/>
<opset="sha256_bits_0_read_s/1 "/>
</bind>
</comp>

<comp id="82" class="1004" name="sha256hash_7_fu_82">
<pin_list>
<pin id="83" dir="0" index="0" bw="1" slack="0"/>
<pin id="84" dir="1" index="1" bw="32" slack="0"/>
</pin_list>
<bind>
<opcode="alloca(26) " fcode="alloca"/>
<opset="sha256hash_7/1 "/>
</bind>
</comp>

<comp id="86" class="1004" name="sha256hash_6_fu_86">
<pin_list>
<pin id="87" dir="0" index="0" bw="1" slack="0"/>
<pin id="88" dir="1" index="1" bw="32" slack="0"/>
</pin_list>
<bind>
<opcode="alloca(26) " fcode="alloca"/>
<opset="sha256hash_6/1 "/>
</bind>
</comp>

<comp id="90" class="1004" name="sha256hash_5_fu_90">
<pin_list>
<pin id="91" dir="0" index="0" bw="1" slack="0"/>
<pin id="92" dir="1" index="1" bw="32" slack="0"/>
</pin_list>
<bind>
<opcode="alloca(26) " fcode="alloca"/>
<opset="sha256hash_5/1 "/>
</bind>
</comp>

<comp id="94" class="1004" name="sha256hash_4_fu_94">
<pin_list>
<pin id="95" dir="0" index="0" bw="1" slack="0"/>
<pin id="96" dir="1" index="1" bw="32" slack="0"/>
</pin_list>
<bind>
<opcode="alloca(26) " fcode="alloca"/>
<opset="sha256hash_4/1 "/>
</bind>
</comp>

<comp id="98" class="1004" name="sha256hash_3_fu_98">
<pin_list>
<pin id="99" dir="0" index="0" bw="1" slack="0"/>
<pin id="100" dir="1" index="1" bw="32" slack="0"/>
</pin_list>
<bind>
<opcode="alloca(26) " fcode="alloca"/>
<opset="sha256hash_3/1 "/>
</bind>
</comp>

<comp id="102" class="1004" name="sha256hash_2_fu_102">
<pin_list>
<pin id="103" dir="0" index="0" bw="1" slack="0"/>
<pin id="104" dir="1" index="1" bw="32" slack="0"/>
</pin_list>
<bind>
<opcode="alloca(26) " fcode="alloca"/>
<opset="sha256hash_2/1 "/>
</bind>
</comp>

<comp id="106" class="1004" name="sha256hash_1_fu_106">
<pin_list>
<pin id="107" dir="0" index="0" bw="1" slack="0"/>
<pin id="108" dir="1" index="1" bw="32" slack="0"/>
</pin_list>
<bind>
<opcode="alloca(26) " fcode="alloca"/>
<opset="sha256hash_1/1 "/>
</bind>
</comp>

<comp id="110" class="1004" name="sha256hash_fu_110">
<pin_list>
<pin id="111" dir="0" index="0" bw="1" slack="0"/>
<pin id="112" dir="1" index="1" bw="32" slack="0"/>
</pin_list>
<bind>
<opcode="alloca(26) " fcode="alloca"/>
<opset="sha256hash/1 "/>
</bind>
</comp>

<comp id="114" class="1004" name="sha256_bits_1_read_s_fu_114">
<pin_list>
<pin id="115" dir="0" index="0" bw="1" slack="0"/>
<pin id="116" dir="1" index="1" bw="32" slack="0"/>
</pin_list>
<bind>
<opcode="alloca(26) " fcode="alloca"/>
<opset="sha256_bits_1_read_s/1 "/>
</bind>
</comp>

<comp id="118" class="1004" name="len_read_read_fu_118">
<pin_list>
<pin id="119" dir="0" index="0" bw="32" slack="0"/>
<pin id="120" dir="0" index="1" bw="32" slack="0"/>
<pin id="121" dir="1" index="2" bw="32" slack="0"/>
</pin_list>
<bind>
<opcode="read(1150) " fcode="read"/>
<opset="len_read/1 "/>
</bind>
</comp>

<comp id="124" class="1004" name="data_offset_read_read_fu_124">
<pin_list>
<pin id="125" dir="0" index="0" bw="32" slack="0"/>
<pin id="126" dir="0" index="1" bw="32" slack="0"/>
<pin id="127" dir="1" index="2" bw="32" slack="0"/>
</pin_list>
<bind>
<opcode="read(1150) " fcode="read"/>
<opset="data_offset_read/1 "/>
</bind>
</comp>

<comp id="130" class="1004" name="grp_readreq_fu_130">
<pin_list>
<pin id="131" dir="0" index="0" bw="1" slack="0"/>
<pin id="132" dir="0" index="1" bw="8" slack="0"/>
<pin id="133" dir="0" index="2" bw="32" slack="0"/>
<pin id="134" dir="1" index="3" bw="1" slack="2147483647"/>
</pin_list>
<bind>
<opcode="readreq(1154) " fcode="readreq"/>
<opset="p_rd_req/1 "/>
</bind>
</comp>

<comp id="137" class="1004" name="data_addr_read_read_fu_137">
<pin_list>
<pin id="138" dir="0" index="0" bw="8" slack="0"/>
<pin id="139" dir="0" index="1" bw="8" slack="7"/>
<pin id="140" dir="1" index="2" bw="8" slack="1"/>
</pin_list>
<bind>
<opcode="read(1150) " fcode="read"/>
<opset="data_addr_read/8 "/>
</bind>
</comp>

<comp id="142" class="1004" name="sha256_buf_addr_gep_fu_142">
<pin_list>
<pin id="143" dir="0" index="0" bw="8" slack="0"/>
<pin id="144" dir="0" index="1" bw="1" slack="0"/>
<pin id="145" dir="0" index="2" bw="32" slack="0"/>
<pin id="146" dir="1" index="3" bw="6" slack="0"/>
</pin_list>
<bind>
<opcode="getelementptr(29) " fcode="getelementptr"/>
<opset="sha256_buf_addr/9 "/>
</bind>
</comp>

<comp id="149" class="1004" name="StgValue_81_access_fu_149">
<pin_list>
<pin id="150" dir="0" index="0" bw="6" slack="0"/>
<pin id="151" dir="0" index="1" bw="8" slack="1"/>
<pin id="152" dir="0" index="2" bw="0" slack="2147483647"/>
<pin id="153" dir="1" index="3" bw="8" slack="2147483647"/>
</pin_list>
<bind>
<opcode="store(28) " fcode="store"/>
<opset="StgValue_81/9 "/>
</bind>
</comp>

<comp id="155" class="1005" name="i_reg_155">
<pin_list>
<pin id="156" dir="0" index="0" bw="32" slack="1"/>
<pin id="157" dir="1" index="1" bw="32" slack="1"/>
</pin_list>
<bind>
<opset="i (phireg) "/>
</bind>
</comp>

<comp id="159" class="1004" name="i_phi_fu_159">
<pin_list>
<pin id="160" dir="0" index="0" bw="1" slack="1"/>
<pin id="161" dir="0" index="1" bw="0" slack="2147483647"/>
<pin id="162" dir="0" index="2" bw="32" slack="0"/>
<pin id="163" dir="0" index="3" bw="0" slack="2147483647"/>
<pin id="164" dir="1" index="4" bw="32" slack="0"/>
</pin_list>
<bind>
<opcode="phi(47) " fcode="phi"/>
<opset="i/8 "/>
</bind>
</comp>

<comp id="166" class="1004" name="grp_p_hash_fu_166">
<pin_list>
<pin id="167" dir="0" index="0" bw="256" slack="0"/>
<pin id="168" dir="0" index="1" bw="8" slack="0"/>
<pin id="169" dir="0" index="2" bw="32" slack="0"/>
<pin id="170" dir="0" index="3" bw="32" slack="0"/>
<pin id="171" dir="0" index="4" bw="32" slack="0"/>
<pin id="172" dir="0" index="5" bw="32" slack="0"/>
<pin id="173" dir="0" index="6" bw="32" slack="0"/>
<pin id="174" dir="0" index="7" bw="32" slack="0"/>
<pin id="175" dir="0" index="8" bw="32" slack="0"/>
<pin id="176" dir="0" index="9" bw="32" slack="0"/>
<pin id="177" dir="0" index="10" bw="32" slack="0"/>
<pin id="178" dir="1" index="11" bw="256" slack="0"/>
</pin_list>
<bind>
<opcode="call(48) " fcode="call"/>
<opset="p_hash_ret/10 "/>
</bind>
</comp>

<comp id="182" class="1004" name="grp_store_fu_182">
<pin_list>
<pin id="183" dir="0" index="0" bw="1" slack="0"/>
<pin id="184" dir="0" index="1" bw="32" slack="0"/>
<pin id="185" dir="1" index="2" bw="0" slack="2147483647"/>
</pin_list>
<bind>
<opcode="store(28) " fcode="store"/>
<opset="StgValue_38/1 StgValue_87/9 "/>
</bind>
</comp>

<comp id="187" class="1004" name="grp_load_fu_187">
<pin_list>
<pin id="188" dir="0" index="0" bw="32" slack="7"/>
<pin id="189" dir="1" index="1" bw="32" slack="0"/>
</pin_list>
<bind>
<opcode="load(27) " fcode="load"/>
<opset="sha256_len_0_write_2/8 sha256_len_0_write_1/9 "/>
</bind>
</comp>

<comp id="190" class="1004" name="grp_load_fu_190">
<pin_list>
<pin id="191" dir="0" index="0" bw="32" slack="7"/>
<pin id="192" dir="1" index="1" bw="32" slack="0"/>
</pin_list>
<bind>
<opcode="load(27) " fcode="load"/>
<opset="sha256_bits_0_read_2/8 sha256_bits_0_read_1/11 "/>
</bind>
</comp>

<comp id="193" class="1004" name="grp_load_fu_193">
<pin_list>
<pin id="194" dir="0" index="0" bw="32" slack="7"/>
<pin id="195" dir="1" index="1" bw="32" slack="0"/>
</pin_list>
<bind>
<opcode="load(27) " fcode="load"/>
<opset="sha256hash_7_load/8 sha256hash_7_load_1/10 "/>
</bind>
</comp>

<comp id="197" class="1004" name="grp_load_fu_197">
<pin_list>
<pin id="198" dir="0" index="0" bw="32" slack="7"/>
<pin id="199" dir="1" index="1" bw="32" slack="0"/>
</pin_list>
<bind>
<opcode="load(27) " fcode="load"/>
<opset="sha256hash_6_load/8 sha256hash_6_load_1/10 "/>
</bind>
</comp>

<comp id="201" class="1004" name="grp_load_fu_201">
<pin_list>
<pin id="202" dir="0" index="0" bw="32" slack="7"/>
<pin id="203" dir="1" index="1" bw="32" slack="0"/>
</pin_list>
<bind>
<opcode="load(27) " fcode="load"/>
<opset="sha256hash_5_load/8 sha256hash_5_load_1/10 "/>
</bind>
</comp>

<comp id="205" class="1004" name="grp_load_fu_205">
<pin_list>
<pin id="206" dir="0" index="0" bw="32" slack="7"/>
<pin id="207" dir="1" index="1" bw="32" slack="0"/>
</pin_list>
<bind>
<opcode="load(27) " fcode="load"/>
<opset="sha256hash_4_load/8 sha256hash_4_load_1/10 "/>
</bind>
</comp>

<comp id="209" class="1004" name="grp_load_fu_209">
<pin_list>
<pin id="210" dir="0" index="0" bw="32" slack="7"/>
<pin id="211" dir="1" index="1" bw="32" slack="0"/>
</pin_list>
<bind>
<opcode="load(27) " fcode="load"/>
<opset="sha256hash_3_load/8 sha256hash_3_load_1/10 "/>
</bind>
</comp>

<comp id="213" class="1004" name="grp_load_fu_213">
<pin_list>
<pin id="214" dir="0" index="0" bw="32" slack="7"/>
<pin id="215" dir="1" index="1" bw="32" slack="0"/>
</pin_list>
<bind>
<opcode="load(27) " fcode="load"/>
<opset="sha256hash_2_load/8 sha256hash_2_load_1/10 "/>
</bind>
</comp>

<comp id="217" class="1004" name="grp_load_fu_217">
<pin_list>
<pin id="218" dir="0" index="0" bw="32" slack="7"/>
<pin id="219" dir="1" index="1" bw="32" slack="0"/>
</pin_list>
<bind>
<opcode="load(27) " fcode="load"/>
<opset="sha256hash_1_load/8 sha256hash_1_load_1/10 "/>
</bind>
</comp>

<comp id="221" class="1004" name="grp_load_fu_221">
<pin_list>
<pin id="222" dir="0" index="0" bw="32" slack="7"/>
<pin id="223" dir="1" index="1" bw="32" slack="0"/>
</pin_list>
<bind>
<opcode="load(27) " fcode="load"/>
<opset="sha256hash_load/8 sha256hash_load_1/10 "/>
</bind>
</comp>

<comp id="225" class="1004" name="grp_load_fu_225">
<pin_list>
<pin id="226" dir="0" index="0" bw="32" slack="7"/>
<pin id="227" dir="1" index="1" bw="32" slack="0"/>
</pin_list>
<bind>
<opcode="load(27) " fcode="load"/>
<opset="sha256_bits_1_read_2/8 sha256_bits_1_read_1/11 "/>
</bind>
</comp>

<comp id="228" class="1004" name="tmp_fu_228">
<pin_list>
<pin id="229" dir="0" index="0" bw="32" slack="0"/>
<pin id="230" dir="1" index="1" bw="64" slack="0"/>
</pin_list>
<bind>
<opcode="sext(35) " fcode="sext"/>
<opset="tmp/1 "/>
</bind>
</comp>

<comp id="232" class="1004" name="data_addr_fu_232">
<pin_list>
<pin id="233" dir="0" index="0" bw="8" slack="0"/>
<pin id="234" dir="0" index="1" bw="32" slack="0"/>
<pin id="235" dir="1" index="2" bw="8" slack="0"/>
</pin_list>
<bind>
<opcode="getelementptr(29) " fcode="getelementptr"/>
<opset="data_addr/1 "/>
</bind>
</comp>

<comp id="239" class="1004" name="StgValue_28_store_fu_239">
<pin_list>
<pin id="240" dir="0" index="0" bw="1" slack="0"/>
<pin id="241" dir="0" index="1" bw="32" slack="0"/>
<pin id="242" dir="1" index="2" bw="0" slack="2147483647"/>
</pin_list>
<bind>
<opcode="store(28) " fcode="store"/>
<opset="StgValue_28/1 "/>
</bind>
</comp>

<comp id="244" class="1004" name="StgValue_29_store_fu_244">
<pin_list>
<pin id="245" dir="0" index="0" bw="32" slack="0"/>
<pin id="246" dir="0" index="1" bw="32" slack="0"/>
<pin id="247" dir="1" index="2" bw="0" slack="2147483647"/>
</pin_list>
<bind>
<opcode="store(28) " fcode="store"/>
<opset="StgValue_29/1 "/>
</bind>
</comp>

<comp id="249" class="1004" name="StgValue_30_store_fu_249">
<pin_list>
<pin id="250" dir="0" index="0" bw="32" slack="0"/>
<pin id="251" dir="0" index="1" bw="32" slack="0"/>
<pin id="252" dir="1" index="2" bw="0" slack="2147483647"/>
</pin_list>
<bind>
<opcode="store(28) " fcode="store"/>
<opset="StgValue_30/1 "/>
</bind>
</comp>

<comp id="254" class="1004" name="StgValue_31_store_fu_254">
<pin_list>
<pin id="255" dir="0" index="0" bw="31" slack="0"/>
<pin id="256" dir="0" index="1" bw="32" slack="0"/>
<pin id="257" dir="1" index="2" bw="0" slack="2147483647"/>
</pin_list>
<bind>
<opcode="store(28) " fcode="store"/>
<opset="StgValue_31/1 "/>
</bind>
</comp>

<comp id="259" class="1004" name="StgValue_32_store_fu_259">
<pin_list>
<pin id="260" dir="0" index="0" bw="32" slack="0"/>
<pin id="261" dir="0" index="1" bw="32" slack="0"/>
<pin id="262" dir="1" index="2" bw="0" slack="2147483647"/>
</pin_list>
<bind>
<opcode="store(28) " fcode="store"/>
<opset="StgValue_32/1 "/>
</bind>
</comp>

<comp id="264" class="1004" name="StgValue_33_store_fu_264">
<pin_list>
<pin id="265" dir="0" index="0" bw="32" slack="0"/>
<pin id="266" dir="0" index="1" bw="32" slack="0"/>
<pin id="267" dir="1" index="2" bw="0" slack="2147483647"/>
</pin_list>
<bind>
<opcode="store(28) " fcode="store"/>
<opset="StgValue_33/1 "/>
</bind>
</comp>

<comp id="269" class="1004" name="StgValue_34_store_fu_269">
<pin_list>
<pin id="270" dir="0" index="0" bw="32" slack="0"/>
<pin id="271" dir="0" index="1" bw="32" slack="0"/>
<pin id="272" dir="1" index="2" bw="0" slack="2147483647"/>
</pin_list>
<bind>
<opcode="store(28) " fcode="store"/>
<opset="StgValue_34/1 "/>
</bind>
</comp>

<comp id="274" class="1004" name="StgValue_35_store_fu_274">
<pin_list>
<pin id="275" dir="0" index="0" bw="30" slack="0"/>
<pin id="276" dir="0" index="1" bw="32" slack="0"/>
<pin id="277" dir="1" index="2" bw="0" slack="2147483647"/>
</pin_list>
<bind>
<opcode="store(28) " fcode="store"/>
<opset="StgValue_35/1 "/>
</bind>
</comp>

<comp id="279" class="1004" name="StgValue_36_store_fu_279">
<pin_list>
<pin id="280" dir="0" index="0" bw="32" slack="0"/>
<pin id="281" dir="0" index="1" bw="32" slack="0"/>
<pin id="282" dir="1" index="2" bw="0" slack="2147483647"/>
</pin_list>
<bind>
<opcode="store(28) " fcode="store"/>
<opset="StgValue_36/1 "/>
</bind>
</comp>

<comp id="284" class="1004" name="StgValue_37_store_fu_284">
<pin_list>
<pin id="285" dir="0" index="0" bw="1" slack="0"/>
<pin id="286" dir="0" index="1" bw="32" slack="0"/>
<pin id="287" dir="1" index="2" bw="0" slack="2147483647"/>
</pin_list>
<bind>
<opcode="store(28) " fcode="store"/>
<opset="StgValue_37/1 "/>
</bind>
</comp>

<comp id="289" class="1004" name="exitcond_fu_289">
<pin_list>
<pin id="290" dir="0" index="0" bw="32" slack="0"/>
<pin id="291" dir="0" index="1" bw="32" slack="7"/>
<pin id="292" dir="1" index="2" bw="1" slack="2147483647"/>
</pin_list>
<bind>
<opcode="icmp(45) " fcode="icmp"/>
<opset="exitcond/8 "/>
</bind>
</comp>

<comp id="294" class="1004" name="i_1_fu_294">
<pin_list>
<pin id="295" dir="0" index="0" bw="32" slack="0"/>
<pin id="296" dir="0" index="1" bw="1" slack="0"/>
<pin id="297" dir="1" index="2" bw="32" slack="0"/>
</pin_list>
<bind>
<opcode="add(8) " fcode="add"/>
<opset="i_1/8 "/>
</bind>
</comp>

<comp id="300" class="1004" name="mrv_s_fu_300">
<pin_list>
<pin id="301" dir="0" index="0" bw="352" slack="0"/>
<pin id="302" dir="0" index="1" bw="32" slack="0"/>
<pin id="303" dir="1" index="2" bw="352" slack="0"/>
</pin_list>
<bind>
<opcode="insertvalue(57) " fcode="insertvalue"/>
<opset="mrv_s/8 "/>
</bind>
</comp>

<comp id="306" class="1004" name="mrv_1_fu_306">
<pin_list>
<pin id="307" dir="0" index="0" bw="352" slack="0"/>
<pin id="308" dir="0" index="1" bw="32" slack="0"/>
<pin id="309" dir="1" index="2" bw="352" slack="0"/>
</pin_list>
<bind>
<opcode="insertvalue(57) " fcode="insertvalue"/>
<opset="mrv_1/8 "/>
</bind>
</comp>

<comp id="312" class="1004" name="mrv_2_fu_312">
<pin_list>
<pin id="313" dir="0" index="0" bw="352" slack="0"/>
<pin id="314" dir="0" index="1" bw="32" slack="0"/>
<pin id="315" dir="1" index="2" bw="352" slack="0"/>
</pin_list>
<bind>
<opcode="insertvalue(57) " fcode="insertvalue"/>
<opset="mrv_2/8 "/>
</bind>
</comp>

<comp id="318" class="1004" name="mrv_3_fu_318">
<pin_list>
<pin id="319" dir="0" index="0" bw="352" slack="0"/>
<pin id="320" dir="0" index="1" bw="32" slack="0"/>
<pin id="321" dir="1" index="2" bw="352" slack="0"/>
</pin_list>
<bind>
<opcode="insertvalue(57) " fcode="insertvalue"/>
<opset="mrv_3/8 "/>
</bind>
</comp>

<comp id="324" class="1004" name="mrv_4_fu_324">
<pin_list>
<pin id="325" dir="0" index="0" bw="352" slack="0"/>
<pin id="326" dir="0" index="1" bw="32" slack="0"/>
<pin id="327" dir="1" index="2" bw="352" slack="0"/>
</pin_list>
<bind>
<opcode="insertvalue(57) " fcode="insertvalue"/>
<opset="mrv_4/8 "/>
</bind>
</comp>

<comp id="330" class="1004" name="mrv_5_fu_330">
<pin_list>
<pin id="331" dir="0" index="0" bw="352" slack="0"/>
<pin id="332" dir="0" index="1" bw="32" slack="0"/>
<pin id="333" dir="1" index="2" bw="352" slack="0"/>
</pin_list>
<bind>
<opcode="insertvalue(57) " fcode="insertvalue"/>
<opset="mrv_5/8 "/>
</bind>
</comp>

<comp id="336" class="1004" name="mrv_6_fu_336">
<pin_list>
<pin id="337" dir="0" index="0" bw="352" slack="0"/>
<pin id="338" dir="0" index="1" bw="32" slack="0"/>
<pin id="339" dir="1" index="2" bw="352" slack="0"/>
</pin_list>
<bind>
<opcode="insertvalue(57) " fcode="insertvalue"/>
<opset="mrv_6/8 "/>
</bind>
</comp>

<comp id="342" class="1004" name="mrv_7_fu_342">
<pin_list>
<pin id="343" dir="0" index="0" bw="352" slack="0"/>
<pin id="344" dir="0" index="1" bw="32" slack="0"/>
<pin id="345" dir="1" index="2" bw="352" slack="0"/>
</pin_list>
<bind>
<opcode="insertvalue(57) " fcode="insertvalue"/>
<opset="mrv_7/8 "/>
</bind>
</comp>

<comp id="348" class="1004" name="mrv_8_fu_348">
<pin_list>
<pin id="349" dir="0" index="0" bw="352" slack="0"/>
<pin id="350" dir="0" index="1" bw="32" slack="0"/>
<pin id="351" dir="1" index="2" bw="352" slack="0"/>
</pin_list>
<bind>
<opcode="insertvalue(57) " fcode="insertvalue"/>
<opset="mrv_8/8 "/>
</bind>
</comp>

<comp id="354" class="1004" name="mrv_9_fu_354">
<pin_list>
<pin id="355" dir="0" index="0" bw="352" slack="0"/>
<pin id="356" dir="0" index="1" bw="32" slack="0"/>
<pin id="357" dir="1" index="2" bw="352" slack="0"/>
</pin_list>
<bind>
<opcode="insertvalue(57) " fcode="insertvalue"/>
<opset="mrv_9/8 "/>
</bind>
</comp>

<comp id="360" class="1004" name="mrv_10_fu_360">
<pin_list>
<pin id="361" dir="0" index="0" bw="352" slack="0"/>
<pin id="362" dir="0" index="1" bw="32" slack="0"/>
<pin id="363" dir="1" index="2" bw="352" slack="2147483647"/>
</pin_list>
<bind>
<opcode="insertvalue(57) " fcode="insertvalue"/>
<opset="mrv_10/8 "/>
</bind>
</comp>

<comp id="366" class="1004" name="tmp_1_fu_366">
<pin_list>
<pin id="367" dir="0" index="0" bw="32" slack="0"/>
<pin id="368" dir="1" index="1" bw="64" slack="0"/>
</pin_list>
<bind>
<opcode="zext(34) " fcode="zext"/>
<opset="tmp_1/9 "/>
</bind>
</comp>

<comp id="371" class="1004" name="sl_fu_371">
<pin_list>
<pin id="372" dir="0" index="0" bw="32" slack="0"/>
<pin id="373" dir="0" index="1" bw="1" slack="0"/>
<pin id="374" dir="1" index="2" bw="32" slack="0"/>
</pin_list>
<bind>
<opcode="add(8) " fcode="add"/>
<opset="sl/9 "/>
</bind>
</comp>

<comp id="377" class="1004" name="tmp_3_fu_377">
<pin_list>
<pin id="378" dir="0" index="0" bw="32" slack="0"/>
<pin id="379" dir="0" index="1" bw="5" slack="0"/>
<pin id="380" dir="1" index="2" bw="1" slack="2"/>
</pin_list>
<bind>
<opcode="icmp(45) " fcode="icmp"/>
<opset="tmp_3/9 "/>
</bind>
</comp>

<comp id="383" class="1004" name="StgValue_85_store_fu_383">
<pin_list>
<pin id="384" dir="0" index="0" bw="32" slack="0"/>
<pin id="385" dir="0" index="1" bw="32" slack="8"/>
<pin id="386" dir="1" index="2" bw="0" slack="2147483647"/>
</pin_list>
<bind>
<opcode="store(28) " fcode="store"/>
<opset="StgValue_85/9 "/>
</bind>
</comp>

<comp id="388" class="1004" name="sha256hash_0_ret_fu_388">
<pin_list>
<pin id="389" dir="0" index="0" bw="256" slack="0"/>
<pin id="390" dir="1" index="1" bw="32" slack="0"/>
</pin_list>
<bind>
<opcode="extractvalue(56) " fcode="extractvalue"/>
<opset="sha256hash_0_ret/11 "/>
</bind>
</comp>

<comp id="392" class="1004" name="sha256hash_1_ret_fu_392">
<pin_list>
<pin id="393" dir="0" index="0" bw="256" slack="0"/>
<pin id="394" dir="1" index="1" bw="32" slack="0"/>
</pin_list>
<bind>
<opcode="extractvalue(56) " fcode="extractvalue"/>
<opset="sha256hash_1_ret/11 "/>
</bind>
</comp>

<comp id="396" class="1004" name="sha256hash_2_ret_fu_396">
<pin_list>
<pin id="397" dir="0" index="0" bw="256" slack="0"/>
<pin id="398" dir="1" index="1" bw="32" slack="0"/>
</pin_list>
<bind>
<opcode="extractvalue(56) " fcode="extractvalue"/>
<opset="sha256hash_2_ret/11 "/>
</bind>
</comp>

<comp id="400" class="1004" name="sha256hash_3_ret_fu_400">
<pin_list>
<pin id="401" dir="0" index="0" bw="256" slack="0"/>
<pin id="402" dir="1" index="1" bw="32" slack="0"/>
</pin_list>
<bind>
<opcode="extractvalue(56) " fcode="extractvalue"/>
<opset="sha256hash_3_ret/11 "/>
</bind>
</comp>

<comp id="404" class="1004" name="sha256hash_4_ret_fu_404">
<pin_list>
<pin id="405" dir="0" index="0" bw="256" slack="0"/>
<pin id="406" dir="1" index="1" bw="32" slack="0"/>
</pin_list>
<bind>
<opcode="extractvalue(56) " fcode="extractvalue"/>
<opset="sha256hash_4_ret/11 "/>
</bind>
</comp>

<comp id="408" class="1004" name="sha256hash_5_ret_fu_408">
<pin_list>
<pin id="409" dir="0" index="0" bw="256" slack="0"/>
<pin id="410" dir="1" index="1" bw="32" slack="0"/>
</pin_list>
<bind>
<opcode="extractvalue(56) " fcode="extractvalue"/>
<opset="sha256hash_5_ret/11 "/>
</bind>
</comp>

<comp id="412" class="1004" name="sha256hash_6_ret_fu_412">
<pin_list>
<pin id="413" dir="0" index="0" bw="256" slack="0"/>
<pin id="414" dir="1" index="1" bw="32" slack="0"/>
</pin_list>
<bind>
<opcode="extractvalue(56) " fcode="extractvalue"/>
<opset="sha256hash_6_ret/11 "/>
</bind>
</comp>

<comp id="416" class="1004" name="sha256hash_7_ret_fu_416">
<pin_list>
<pin id="417" dir="0" index="0" bw="256" slack="0"/>
<pin id="418" dir="1" index="1" bw="32" slack="0"/>
</pin_list>
<bind>
<opcode="extractvalue(56) " fcode="extractvalue"/>
<opset="sha256hash_7_ret/11 "/>
</bind>
</comp>

<comp id="420" class="1004" name="tmp_i_fu_420">
<pin_list>
<pin id="421" dir="0" index="0" bw="32" slack="0"/>
<pin id="422" dir="0" index="1" bw="32" slack="0"/>
<pin id="423" dir="1" index="2" bw="1" slack="0"/>
</pin_list>
<bind>
<opcode="icmp(45) " fcode="icmp"/>
<opset="tmp_i/11 "/>
</bind>
</comp>

<comp id="426" class="1004" name="tmp_89_i_fu_426">
<pin_list>
<pin id="427" dir="0" index="0" bw="32" slack="0"/>
<pin id="428" dir="0" index="1" bw="1" slack="0"/>
<pin id="429" dir="1" index="2" bw="32" slack="0"/>
</pin_list>
<bind>
<opcode="add(8) " fcode="add"/>
<opset="tmp_89_i/11 "/>
</bind>
</comp>

<comp id="432" class="1004" name="tmp_95_read1_i_fu_432">
<pin_list>
<pin id="433" dir="0" index="0" bw="1" slack="0"/>
<pin id="434" dir="0" index="1" bw="32" slack="0"/>
<pin id="435" dir="0" index="2" bw="32" slack="0"/>
<pin id="436" dir="1" index="3" bw="32" slack="0"/>
</pin_list>
<bind>
<opcode="select(49) " fcode="select"/>
<opset="tmp_95_read1_i/11 "/>
</bind>
</comp>

<comp id="440" class="1004" name="sha256_bits_0_write_fu_440">
<pin_list>
<pin id="441" dir="0" index="0" bw="32" slack="0"/>
<pin id="442" dir="0" index="1" bw="8" slack="0"/>
<pin id="443" dir="1" index="2" bw="32" slack="0"/>
</pin_list>
<bind>
<opcode="add(8) " fcode="add"/>
<opset="sha256_bits_0_write/11 "/>
</bind>
</comp>

<comp id="446" class="1004" name="StgValue_112_store_fu_446">
<pin_list>
<pin id="447" dir="0" index="0" bw="32" slack="0"/>
<pin id="448" dir="0" index="1" bw="32" slack="10"/>
<pin id="449" dir="1" index="2" bw="0" slack="2147483647"/>
</pin_list>
<bind>
<opcode="store(28) " fcode="store"/>
<opset="StgValue_112/11 "/>
</bind>
</comp>

<comp id="451" class="1004" name="StgValue_113_store_fu_451">
<pin_list>
<pin id="452" dir="0" index="0" bw="32" slack="0"/>
<pin id="453" dir="0" index="1" bw="32" slack="10"/>
<pin id="454" dir="1" index="2" bw="0" slack="2147483647"/>
</pin_list>
<bind>
<opcode="store(28) " fcode="store"/>
<opset="StgValue_113/11 "/>
</bind>
</comp>

<comp id="456" class="1004" name="StgValue_114_store_fu_456">
<pin_list>
<pin id="457" dir="0" index="0" bw="32" slack="0"/>
<pin id="458" dir="0" index="1" bw="32" slack="10"/>
<pin id="459" dir="1" index="2" bw="0" slack="2147483647"/>
</pin_list>
<bind>
<opcode="store(28) " fcode="store"/>
<opset="StgValue_114/11 "/>
</bind>
</comp>

<comp id="461" class="1004" name="StgValue_115_store_fu_461">
<pin_list>
<pin id="462" dir="0" index="0" bw="32" slack="0"/>
<pin id="463" dir="0" index="1" bw="32" slack="10"/>
<pin id="464" dir="1" index="2" bw="0" slack="2147483647"/>
</pin_list>
<bind>
<opcode="store(28) " fcode="store"/>
<opset="StgValue_115/11 "/>
</bind>
</comp>

<comp id="466" class="1004" name="StgValue_116_store_fu_466">
<pin_list>
<pin id="467" dir="0" index="0" bw="32" slack="0"/>
<pin id="468" dir="0" index="1" bw="32" slack="10"/>
<pin id="469" dir="1" index="2" bw="0" slack="2147483647"/>
</pin_list>
<bind>
<opcode="store(28) " fcode="store"/>
<opset="StgValue_116/11 "/>
</bind>
</comp>

<comp id="471" class="1004" name="StgValue_117_store_fu_471">
<pin_list>
<pin id="472" dir="0" index="0" bw="32" slack="0"/>
<pin id="473" dir="0" index="1" bw="32" slack="10"/>
<pin id="474" dir="1" index="2" bw="0" slack="2147483647"/>
</pin_list>
<bind>
<opcode="store(28) " fcode="store"/>
<opset="StgValue_117/11 "/>
</bind>
</comp>

<comp id="476" class="1004" name="StgValue_118_store_fu_476">
<pin_list>
<pin id="477" dir="0" index="0" bw="32" slack="0"/>
<pin id="478" dir="0" index="1" bw="32" slack="10"/>
<pin id="479" dir="1" index="2" bw="0" slack="2147483647"/>
</pin_list>
<bind>
<opcode="store(28) " fcode="store"/>
<opset="StgValue_118/11 "/>
</bind>
</comp>

<comp id="481" class="1004" name="StgValue_119_store_fu_481">
<pin_list>
<pin id="482" dir="0" index="0" bw="32" slack="0"/>
<pin id="483" dir="0" index="1" bw="32" slack="10"/>
<pin id="484" dir="1" index="2" bw="0" slack="2147483647"/>
</pin_list>
<bind>
<opcode="store(28) " fcode="store"/>
<opset="StgValue_119/11 "/>
</bind>
</comp>

<comp id="486" class="1004" name="StgValue_120_store_fu_486">
<pin_list>
<pin id="487" dir="0" index="0" bw="32" slack="0"/>
<pin id="488" dir="0" index="1" bw="32" slack="10"/>
<pin id="489" dir="1" index="2" bw="0" slack="2147483647"/>
</pin_list>
<bind>
<opcode="store(28) " fcode="store"/>
<opset="StgValue_120/11 "/>
</bind>
</comp>

<comp id="491" class="1004" name="StgValue_121_store_fu_491">
<pin_list>
<pin id="492" dir="0" index="0" bw="32" slack="0"/>
<pin id="493" dir="0" index="1" bw="32" slack="10"/>
<pin id="494" dir="1" index="2" bw="0" slack="2147483647"/>
</pin_list>
<bind>
<opcode="store(28) " fcode="store"/>
<opset="StgValue_121/11 "/>
</bind>
</comp>

<comp id="496" class="1005" name="sha256_len_0_write_s_reg_496">
<pin_list>
<pin id="497" dir="0" index="0" bw="32" slack="0"/>
<pin id="498" dir="1" index="1" bw="32" slack="0"/>
</pin_list>
<bind>
<opset="sha256_len_0_write_s "/>
</bind>
</comp>

<comp id="503" class="1005" name="sha256_bits_0_read_s_reg_503">
<pin_list>
<pin id="504" dir="0" index="0" bw="32" slack="0"/>
<pin id="505" dir="1" index="1" bw="32" slack="0"/>
</pin_list>
<bind>
<opset="sha256_bits_0_read_s "/>
</bind>
</comp>

<comp id="510" class="1005" name="sha256hash_7_reg_510">
<pin_list>
<pin id="511" dir="0" index="0" bw="32" slack="0"/>
<pin id="512" dir="1" index="1" bw="32" slack="0"/>
</pin_list>
<bind>
<opset="sha256hash_7 "/>
</bind>
</comp>

<comp id="517" class="1005" name="sha256hash_6_reg_517">
<pin_list>
<pin id="518" dir="0" index="0" bw="32" slack="0"/>
<pin id="519" dir="1" index="1" bw="32" slack="0"/>
</pin_list>
<bind>
<opset="sha256hash_6 "/>
</bind>
</comp>

<comp id="524" class="1005" name="sha256hash_5_reg_524">
<pin_list>
<pin id="525" dir="0" index="0" bw="32" slack="0"/>
<pin id="526" dir="1" index="1" bw="32" slack="0"/>
</pin_list>
<bind>
<opset="sha256hash_5 "/>
</bind>
</comp>

<comp id="531" class="1005" name="sha256hash_4_reg_531">
<pin_list>
<pin id="532" dir="0" index="0" bw="32" slack="0"/>
<pin id="533" dir="1" index="1" bw="32" slack="0"/>
</pin_list>
<bind>
<opset="sha256hash_4 "/>
</bind>
</comp>

<comp id="538" class="1005" name="sha256hash_3_reg_538">
<pin_list>
<pin id="539" dir="0" index="0" bw="32" slack="0"/>
<pin id="540" dir="1" index="1" bw="32" slack="0"/>
</pin_list>
<bind>
<opset="sha256hash_3 "/>
</bind>
</comp>

<comp id="545" class="1005" name="sha256hash_2_reg_545">
<pin_list>
<pin id="546" dir="0" index="0" bw="32" slack="0"/>
<pin id="547" dir="1" index="1" bw="32" slack="0"/>
</pin_list>
<bind>
<opset="sha256hash_2 "/>
</bind>
</comp>

<comp id="552" class="1005" name="sha256hash_1_reg_552">
<pin_list>
<pin id="553" dir="0" index="0" bw="32" slack="0"/>
<pin id="554" dir="1" index="1" bw="32" slack="0"/>
</pin_list>
<bind>
<opset="sha256hash_1 "/>
</bind>
</comp>

<comp id="559" class="1005" name="sha256hash_reg_559">
<pin_list>
<pin id="560" dir="0" index="0" bw="32" slack="0"/>
<pin id="561" dir="1" index="1" bw="32" slack="0"/>
</pin_list>
<bind>
<opset="sha256hash "/>
</bind>
</comp>

<comp id="566" class="1005" name="sha256_bits_1_read_s_reg_566">
<pin_list>
<pin id="567" dir="0" index="0" bw="32" slack="0"/>
<pin id="568" dir="1" index="1" bw="32" slack="0"/>
</pin_list>
<bind>
<opset="sha256_bits_1_read_s "/>
</bind>
</comp>

<comp id="573" class="1005" name="len_read_reg_573">
<pin_list>
<pin id="574" dir="0" index="0" bw="32" slack="1"/>
<pin id="575" dir="1" index="1" bw="32" slack="1"/>
</pin_list>
<bind>
<opset="len_read "/>
</bind>
</comp>

<comp id="579" class="1005" name="data_addr_reg_579">
<pin_list>
<pin id="580" dir="0" index="0" bw="8" slack="1"/>
<pin id="581" dir="1" index="1" bw="8" slack="1"/>
</pin_list>
<bind>
<opset="data_addr "/>
</bind>
</comp>

<comp id="588" class="1005" name="i_1_reg_588">
<pin_list>
<pin id="589" dir="0" index="0" bw="32" slack="0"/>
<pin id="590" dir="1" index="1" bw="32" slack="0"/>
</pin_list>
<bind>
<opset="i_1 "/>
</bind>
</comp>

<comp id="593" class="1005" name="data_addr_read_reg_593">
<pin_list>
<pin id="594" dir="0" index="0" bw="8" slack="1"/>
<pin id="595" dir="1" index="1" bw="8" slack="1"/>
</pin_list>
<bind>
<opset="data_addr_read "/>
</bind>
</comp>

<comp id="598" class="1005" name="tmp_3_reg_598">
<pin_list>
<pin id="599" dir="0" index="0" bw="1" slack="2"/>
<pin id="600" dir="1" index="1" bw="1" slack="2147483647"/>
</pin_list>
<bind>
<opset="tmp_3 "/>
</bind>
</comp>

<comp id="602" class="1005" name="sha256hash_7_load_1_reg_602">
<pin_list>
<pin id="603" dir="0" index="0" bw="32" slack="1"/>
<pin id="604" dir="1" index="1" bw="32" slack="1"/>
</pin_list>
<bind>
<opset="sha256hash_7_load_1 "/>
</bind>
</comp>

<comp id="607" class="1005" name="sha256hash_6_load_1_reg_607">
<pin_list>
<pin id="608" dir="0" index="0" bw="32" slack="1"/>
<pin id="609" dir="1" index="1" bw="32" slack="1"/>
</pin_list>
<bind>
<opset="sha256hash_6_load_1 "/>
</bind>
</comp>

<comp id="612" class="1005" name="sha256hash_5_load_1_reg_612">
<pin_list>
<pin id="613" dir="0" index="0" bw="32" slack="1"/>
<pin id="614" dir="1" index="1" bw="32" slack="1"/>
</pin_list>
<bind>
<opset="sha256hash_5_load_1 "/>
</bind>
</comp>

<comp id="617" class="1005" name="sha256hash_4_load_1_reg_617">
<pin_list>
<pin id="618" dir="0" index="0" bw="32" slack="1"/>
<pin id="619" dir="1" index="1" bw="32" slack="1"/>
</pin_list>
<bind>
<opset="sha256hash_4_load_1 "/>
</bind>
</comp>

<comp id="622" class="1005" name="sha256hash_3_load_1_reg_622">
<pin_list>
<pin id="623" dir="0" index="0" bw="32" slack="1"/>
<pin id="624" dir="1" index="1" bw="32" slack="1"/>
</pin_list>
<bind>
<opset="sha256hash_3_load_1 "/>
</bind>
</comp>

<comp id="627" class="1005" name="sha256hash_2_load_1_reg_627">
<pin_list>
<pin id="628" dir="0" index="0" bw="32" slack="1"/>
<pin id="629" dir="1" index="1" bw="32" slack="1"/>
</pin_list>
<bind>
<opset="sha256hash_2_load_1 "/>
</bind>
</comp>

<comp id="632" class="1005" name="sha256hash_1_load_1_reg_632">
<pin_list>
<pin id="633" dir="0" index="0" bw="32" slack="1"/>
<pin id="634" dir="1" index="1" bw="32" slack="1"/>
</pin_list>
<bind>
<opset="sha256hash_1_load_1 "/>
</bind>
</comp>

<comp id="637" class="1005" name="sha256hash_load_1_reg_637">
<pin_list>
<pin id="638" dir="0" index="0" bw="32" slack="1"/>
<pin id="639" dir="1" index="1" bw="32" slack="1"/>
</pin_list>
<bind>
<opset="sha256hash_load_1 "/>
</bind>
</comp>

</comp_list>

<net_list>
<net id="77"><net_src comp="10" pin="0"/><net_sink comp="74" pin=0"/></net>

<net id="81"><net_src comp="10" pin="0"/><net_sink comp="78" pin=0"/></net>

<net id="85"><net_src comp="10" pin="0"/><net_sink comp="82" pin=0"/></net>

<net id="89"><net_src comp="10" pin="0"/><net_sink comp="86" pin=0"/></net>

<net id="93"><net_src comp="10" pin="0"/><net_sink comp="90" pin=0"/></net>

<net id="97"><net_src comp="10" pin="0"/><net_sink comp="94" pin=0"/></net>

<net id="101"><net_src comp="10" pin="0"/><net_sink comp="98" pin=0"/></net>

<net id="105"><net_src comp="10" pin="0"/><net_sink comp="102" pin=0"/></net>

<net id="109"><net_src comp="10" pin="0"/><net_sink comp="106" pin=0"/></net>

<net id="113"><net_src comp="10" pin="0"/><net_sink comp="110" pin=0"/></net>

<net id="117"><net_src comp="10" pin="0"/><net_sink comp="114" pin=0"/></net>

<net id="122"><net_src comp="12" pin="0"/><net_sink comp="118" pin=0"/></net>

<net id="123"><net_src comp="6" pin="0"/><net_sink comp="118" pin=1"/></net>

<net id="128"><net_src comp="12" pin="0"/><net_sink comp="124" pin=0"/></net>

<net id="129"><net_src comp="4" pin="0"/><net_sink comp="124" pin=1"/></net>

<net id="135"><net_src comp="14" pin="0"/><net_sink comp="130" pin=0"/></net>

<net id="136"><net_src comp="118" pin="2"/><net_sink comp="130" pin=2"/></net>

<net id="141"><net_src comp="48" pin="0"/><net_sink comp="137" pin=0"/></net>

<net id="147"><net_src comp="0" pin="0"/><net_sink comp="142" pin=0"/></net>

<net id="148"><net_src comp="64" pin="0"/><net_sink comp="142" pin=1"/></net>

<net id="154"><net_src comp="142" pin="3"/><net_sink comp="149" pin=0"/></net>

<net id="158"><net_src comp="16" pin="0"/><net_sink comp="155" pin=0"/></net>

<net id="165"><net_src comp="155" pin="1"/><net_sink comp="159" pin=0"/></net>

<net id="179"><net_src comp="68" pin="0"/><net_sink comp="166" pin=0"/></net>

<net id="180"><net_src comp="0" pin="0"/><net_sink comp="166" pin=1"/></net>

<net id="181"><net_src comp="8" pin="0"/><net_sink comp="166" pin=10"/></net>

<net id="186"><net_src comp="16" pin="0"/><net_sink comp="182" pin=0"/></net>

<net id="196"><net_src comp="193" pin="1"/><net_sink comp="166" pin=9"/></net>

<net id="200"><net_src comp="197" pin="1"/><net_sink comp="166" pin=8"/></net>

<net id="204"><net_src comp="201" pin="1"/><net_sink comp="166" pin=7"/></net>

<net id="208"><net_src comp="205" pin="1"/><net_sink comp="166" pin=6"/></net>

<net id="212"><net_src comp="209" pin="1"/><net_sink comp="166" pin=5"/></net>

<net id="216"><net_src comp="213" pin="1"/><net_sink comp="166" pin=4"/></net>

<net id="220"><net_src comp="217" pin="1"/><net_sink comp="166" pin=3"/></net>

<net id="224"><net_src comp="221" pin="1"/><net_sink comp="166" pin=2"/></net>

<net id="231"><net_src comp="124" pin="2"/><net_sink comp="228" pin=0"/></net>

<net id="236"><net_src comp="2" pin="0"/><net_sink comp="232" pin=0"/></net>

<net id="237"><net_src comp="228" pin="1"/><net_sink comp="232" pin=1"/></net>

<net id="238"><net_src comp="232" pin="2"/><net_sink comp="130" pin=1"/></net>

<net id="243"><net_src comp="16" pin="0"/><net_sink comp="239" pin=0"/></net>

<net id="248"><net_src comp="18" pin="0"/><net_sink comp="244" pin=0"/></net>

<net id="253"><net_src comp="20" pin="0"/><net_sink comp="249" pin=0"/></net>

<net id="258"><net_src comp="22" pin="0"/><net_sink comp="254" pin=0"/></net>

<net id="263"><net_src comp="24" pin="0"/><net_sink comp="259" pin=0"/></net>

<net id="268"><net_src comp="26" pin="0"/><net_sink comp="264" pin=0"/></net>

<net id="273"><net_src comp="28" pin="0"/><net_sink comp="269" pin=0"/></net>

<net id="278"><net_src comp="30" pin="0"/><net_sink comp="274" pin=0"/></net>

<net id="283"><net_src comp="32" pin="0"/><net_sink comp="279" pin=0"/></net>

<net id="288"><net_src comp="16" pin="0"/><net_sink comp="284" pin=0"/></net>

<net id="293"><net_src comp="159" pin="4"/><net_sink comp="289" pin=0"/></net>

<net id="298"><net_src comp="159" pin="4"/><net_sink comp="294" pin=0"/></net>

<net id="299"><net_src comp="10" pin="0"/><net_sink comp="294" pin=1"/></net>

<net id="304"><net_src comp="50" pin="0"/><net_sink comp="300" pin=0"/></net>

<net id="305"><net_src comp="187" pin="1"/><net_sink comp="300" pin=1"/></net>

<net id="310"><net_src comp="300" pin="2"/><net_sink comp="306" pin=0"/></net>

<net id="311"><net_src comp="225" pin="1"/><net_sink comp="306" pin=1"/></net>

<net id="316"><net_src comp="306" pin="2"/><net_sink comp="312" pin=0"/></net>

<net id="317"><net_src comp="221" pin="1"/><net_sink comp="312" pin=1"/></net>

<net id="322"><net_src comp="312" pin="2"/><net_sink comp="318" pin=0"/></net>

<net id="323"><net_src comp="217" pin="1"/><net_sink comp="318" pin=1"/></net>

<net id="328"><net_src comp="318" pin="2"/><net_sink comp="324" pin=0"/></net>

<net id="329"><net_src comp="213" pin="1"/><net_sink comp="324" pin=1"/></net>

<net id="334"><net_src comp="324" pin="2"/><net_sink comp="330" pin=0"/></net>

<net id="335"><net_src comp="209" pin="1"/><net_sink comp="330" pin=1"/></net>

<net id="340"><net_src comp="330" pin="2"/><net_sink comp="336" pin=0"/></net>

<net id="341"><net_src comp="205" pin="1"/><net_sink comp="336" pin=1"/></net>

<net id="346"><net_src comp="336" pin="2"/><net_sink comp="342" pin=0"/></net>

<net id="347"><net_src comp="201" pin="1"/><net_sink comp="342" pin=1"/></net>

<net id="352"><net_src comp="342" pin="2"/><net_sink comp="348" pin=0"/></net>

<net id="353"><net_src comp="197" pin="1"/><net_sink comp="348" pin=1"/></net>

<net id="358"><net_src comp="348" pin="2"/><net_sink comp="354" pin=0"/></net>

<net id="359"><net_src comp="193" pin="1"/><net_sink comp="354" pin=1"/></net>

<net id="364"><net_src comp="354" pin="2"/><net_sink comp="360" pin=0"/></net>

<net id="365"><net_src comp="190" pin="1"/><net_sink comp="360" pin=1"/></net>

<net id="369"><net_src comp="187" pin="1"/><net_sink comp="366" pin=0"/></net>

<net id="370"><net_src comp="366" pin="1"/><net_sink comp="142" pin=2"/></net>

<net id="375"><net_src comp="187" pin="1"/><net_sink comp="371" pin=0"/></net>

<net id="376"><net_src comp="10" pin="0"/><net_sink comp="371" pin=1"/></net>

<net id="381"><net_src comp="371" pin="2"/><net_sink comp="377" pin=0"/></net>

<net id="382"><net_src comp="66" pin="0"/><net_sink comp="377" pin=1"/></net>

<net id="387"><net_src comp="371" pin="2"/><net_sink comp="383" pin=0"/></net>

<net id="391"><net_src comp="166" pin="11"/><net_sink comp="388" pin=0"/></net>

<net id="395"><net_src comp="166" pin="11"/><net_sink comp="392" pin=0"/></net>

<net id="399"><net_src comp="166" pin="11"/><net_sink comp="396" pin=0"/></net>

<net id="403"><net_src comp="166" pin="11"/><net_sink comp="400" pin=0"/></net>

<net id="407"><net_src comp="166" pin="11"/><net_sink comp="404" pin=0"/></net>

<net id="411"><net_src comp="166" pin="11"/><net_sink comp="408" pin=0"/></net>

<net id="415"><net_src comp="166" pin="11"/><net_sink comp="412" pin=0"/></net>

<net id="419"><net_src comp="166" pin="11"/><net_sink comp="416" pin=0"/></net>

<net id="424"><net_src comp="190" pin="1"/><net_sink comp="420" pin=0"/></net>

<net id="425"><net_src comp="70" pin="0"/><net_sink comp="420" pin=1"/></net>

<net id="430"><net_src comp="225" pin="1"/><net_sink comp="426" pin=0"/></net>

<net id="431"><net_src comp="10" pin="0"/><net_sink comp="426" pin=1"/></net>

<net id="437"><net_src comp="420" pin="2"/><net_sink comp="432" pin=0"/></net>

<net id="438"><net_src comp="426" pin="2"/><net_sink comp="432" pin=1"/></net>

<net id="439"><net_src comp="225" pin="1"/><net_sink comp="432" pin=2"/></net>

<net id="444"><net_src comp="190" pin="1"/><net_sink comp="440" pin=0"/></net>

<net id="445"><net_src comp="60" pin="0"/><net_sink comp="440" pin=1"/></net>

<net id="450"><net_src comp="432" pin="3"/><net_sink comp="446" pin=0"/></net>

<net id="455"><net_src comp="388" pin="1"/><net_sink comp="451" pin=0"/></net>

<net id="460"><net_src comp="392" pin="1"/><net_sink comp="456" pin=0"/></net>

<net id="465"><net_src comp="396" pin="1"/><net_sink comp="461" pin=0"/></net>

<net id="470"><net_src comp="400" pin="1"/><net_sink comp="466" pin=0"/></net>

<net id="475"><net_src comp="404" pin="1"/><net_sink comp="471" pin=0"/></net>

<net id="480"><net_src comp="408" pin="1"/><net_sink comp="476" pin=0"/></net>

<net id="485"><net_src comp="412" pin="1"/><net_sink comp="481" pin=0"/></net>

<net id="490"><net_src comp="416" pin="1"/><net_sink comp="486" pin=0"/></net>

<net id="495"><net_src comp="440" pin="2"/><net_sink comp="491" pin=0"/></net>

<net id="499"><net_src comp="74" pin="1"/><net_sink comp="496" pin=0"/></net>

<net id="500"><net_src comp="496" pin="1"/><net_sink comp="182" pin=1"/></net>

<net id="501"><net_src comp="496" pin="1"/><net_sink comp="187" pin=0"/></net>

<net id="502"><net_src comp="496" pin="1"/><net_sink comp="383" pin=1"/></net>

<net id="506"><net_src comp="78" pin="1"/><net_sink comp="503" pin=0"/></net>

<net id="507"><net_src comp="503" pin="1"/><net_sink comp="284" pin=1"/></net>

<net id="508"><net_src comp="503" pin="1"/><net_sink comp="190" pin=0"/></net>

<net id="509"><net_src comp="503" pin="1"/><net_sink comp="491" pin=1"/></net>

<net id="513"><net_src comp="82" pin="1"/><net_sink comp="510" pin=0"/></net>

<net id="514"><net_src comp="510" pin="1"/><net_sink comp="279" pin=1"/></net>

<net id="515"><net_src comp="510" pin="1"/><net_sink comp="193" pin=0"/></net>

<net id="516"><net_src comp="510" pin="1"/><net_sink comp="486" pin=1"/></net>

<net id="520"><net_src comp="86" pin="1"/><net_sink comp="517" pin=0"/></net>

<net id="521"><net_src comp="517" pin="1"/><net_sink comp="274" pin=1"/></net>

<net id="522"><net_src comp="517" pin="1"/><net_sink comp="197" pin=0"/></net>

<net id="523"><net_src comp="517" pin="1"/><net_sink comp="481" pin=1"/></net>

<net id="527"><net_src comp="90" pin="1"/><net_sink comp="524" pin=0"/></net>

<net id="528"><net_src comp="524" pin="1"/><net_sink comp="269" pin=1"/></net>

<net id="529"><net_src comp="524" pin="1"/><net_sink comp="201" pin=0"/></net>

<net id="530"><net_src comp="524" pin="1"/><net_sink comp="476" pin=1"/></net>

<net id="534"><net_src comp="94" pin="1"/><net_sink comp="531" pin=0"/></net>

<net id="535"><net_src comp="531" pin="1"/><net_sink comp="264" pin=1"/></net>

<net id="536"><net_src comp="531" pin="1"/><net_sink comp="205" pin=0"/></net>

<net id="537"><net_src comp="531" pin="1"/><net_sink comp="471" pin=1"/></net>

<net id="541"><net_src comp="98" pin="1"/><net_sink comp="538" pin=0"/></net>

<net id="542"><net_src comp="538" pin="1"/><net_sink comp="259" pin=1"/></net>

<net id="543"><net_src comp="538" pin="1"/><net_sink comp="209" pin=0"/></net>

<net id="544"><net_src comp="538" pin="1"/><net_sink comp="466" pin=1"/></net>

<net id="548"><net_src comp="102" pin="1"/><net_sink comp="545" pin=0"/></net>

<net id="549"><net_src comp="545" pin="1"/><net_sink comp="254" pin=1"/></net>

<net id="550"><net_src comp="545" pin="1"/><net_sink comp="213" pin=0"/></net>

<net id="551"><net_src comp="545" pin="1"/><net_sink comp="461" pin=1"/></net>

<net id="555"><net_src comp="106" pin="1"/><net_sink comp="552" pin=0"/></net>

<net id="556"><net_src comp="552" pin="1"/><net_sink comp="249" pin=1"/></net>

<net id="557"><net_src comp="552" pin="1"/><net_sink comp="217" pin=0"/></net>

<net id="558"><net_src comp="552" pin="1"/><net_sink comp="456" pin=1"/></net>

<net id="562"><net_src comp="110" pin="1"/><net_sink comp="559" pin=0"/></net>

<net id="563"><net_src comp="559" pin="1"/><net_sink comp="244" pin=1"/></net>

<net id="564"><net_src comp="559" pin="1"/><net_sink comp="221" pin=0"/></net>

<net id="565"><net_src comp="559" pin="1"/><net_sink comp="451" pin=1"/></net>

<net id="569"><net_src comp="114" pin="1"/><net_sink comp="566" pin=0"/></net>

<net id="570"><net_src comp="566" pin="1"/><net_sink comp="239" pin=1"/></net>

<net id="571"><net_src comp="566" pin="1"/><net_sink comp="225" pin=0"/></net>

<net id="572"><net_src comp="566" pin="1"/><net_sink comp="446" pin=1"/></net>

<net id="576"><net_src comp="118" pin="2"/><net_sink comp="573" pin=0"/></net>

<net id="577"><net_src comp="573" pin="1"/><net_sink comp="130" pin=2"/></net>

<net id="578"><net_src comp="573" pin="1"/><net_sink comp="289" pin=1"/></net>

<net id="582"><net_src comp="232" pin="2"/><net_sink comp="579" pin=0"/></net>

<net id="583"><net_src comp="579" pin="1"/><net_sink comp="130" pin=1"/></net>

<net id="584"><net_src comp="579" pin="1"/><net_sink comp="137" pin=1"/></net>

<net id="591"><net_src comp="294" pin="2"/><net_sink comp="588" pin=0"/></net>

<net id="592"><net_src comp="588" pin="1"/><net_sink comp="159" pin=2"/></net>

<net id="596"><net_src comp="137" pin="2"/><net_sink comp="593" pin=0"/></net>

<net id="597"><net_src comp="593" pin="1"/><net_sink comp="149" pin=1"/></net>

<net id="601"><net_src comp="377" pin="2"/><net_sink comp="598" pin=0"/></net>

<net id="605"><net_src comp="193" pin="1"/><net_sink comp="602" pin=0"/></net>

<net id="606"><net_src comp="602" pin="1"/><net_sink comp="166" pin=9"/></net>

<net id="610"><net_src comp="197" pin="1"/><net_sink comp="607" pin=0"/></net>

<net id="611"><net_src comp="607" pin="1"/><net_sink comp="166" pin=8"/></net>

<net id="615"><net_src comp="201" pin="1"/><net_sink comp="612" pin=0"/></net>

<net id="616"><net_src comp="612" pin="1"/><net_sink comp="166" pin=7"/></net>

<net id="620"><net_src comp="205" pin="1"/><net_sink comp="617" pin=0"/></net>

<net id="621"><net_src comp="617" pin="1"/><net_sink comp="166" pin=6"/></net>

<net id="625"><net_src comp="209" pin="1"/><net_sink comp="622" pin=0"/></net>

<net id="626"><net_src comp="622" pin="1"/><net_sink comp="166" pin=5"/></net>

<net id="630"><net_src comp="213" pin="1"/><net_sink comp="627" pin=0"/></net>

<net id="631"><net_src comp="627" pin="1"/><net_sink comp="166" pin=4"/></net>

<net id="635"><net_src comp="217" pin="1"/><net_sink comp="632" pin=0"/></net>

<net id="636"><net_src comp="632" pin="1"/><net_sink comp="166" pin=3"/></net>

<net id="640"><net_src comp="221" pin="1"/><net_sink comp="637" pin=0"/></net>

<net id="641"><net_src comp="637" pin="1"/><net_sink comp="166" pin=2"/></net>

</net_list>

</model> 
---------------- Datapath Model END ------------------

* FSMD analyzer results:
  - Output states:
	Port: sha256_buf | {9 }
 - Input state : 
	Port: sha256_hash : sha256_buf | {10 11 }
	Port: sha256_hash : data | {1 2 3 4 5 6 7 8 }
	Port: sha256_hash : data_offset | {1 }
	Port: sha256_hash : len | {1 }
	Port: sha256_hash : K | {10 11 }
  - Chain level:
	State 1
		data_addr : 1
		p_rd_req : 2
		StgValue_28 : 1
		StgValue_29 : 1
		StgValue_30 : 1
		StgValue_31 : 1
		StgValue_32 : 1
		StgValue_33 : 1
		StgValue_34 : 1
		StgValue_35 : 1
		StgValue_36 : 1
		StgValue_37 : 1
		StgValue_38 : 1
	State 2
	State 3
	State 4
	State 5
	State 6
	State 7
	State 8
		exitcond : 1
		i_1 : 1
		StgValue_50 : 2
		mrv_s : 1
		mrv_1 : 2
		mrv_2 : 3
		mrv_3 : 4
		mrv_4 : 5
		mrv_5 : 6
		mrv_6 : 7
		mrv_7 : 8
		mrv_8 : 9
		mrv_9 : 10
		mrv_10 : 11
		StgValue_74 : 12
	State 9
		tmp_1 : 1
		sha256_buf_addr : 2
		StgValue_81 : 3
		sl : 1
		tmp_3 : 2
		StgValue_84 : 3
		StgValue_85 : 2
	State 10
		p_hash_ret : 1
	State 11
		sha256hash_0_ret : 1
		sha256hash_1_ret : 1
		sha256hash_2_ret : 1
		sha256hash_3_ret : 1
		sha256hash_4_ret : 1
		sha256hash_5_ret : 1
		sha256hash_6_ret : 1
		sha256hash_7_ret : 1
		tmp_i : 1
		tmp_89_i : 1
		tmp_95_read1_i : 2
		sha256_bits_0_write : 1
		StgValue_112 : 3
		StgValue_113 : 2
		StgValue_114 : 2
		StgValue_115 : 2
		StgValue_116 : 2
		StgValue_117 : 2
		StgValue_118 : 2
		StgValue_119 : 2
		StgValue_120 : 2
		StgValue_121 : 2


============================================================
+ Verbose Summary: Datapath Resource usage 
============================================================

* Functional unit list:
|----------|------------------------------|---------|---------|---------|---------|
| Operation|        Functional Unit       |   BRAM  |  Delay  |    FF   |   LUT   |
|----------|------------------------------|---------|---------|---------|---------|
|   call   |       grp_p_hash_fu_166      |    2    |  12.932 |   1452  |   2034  |
|----------|------------------------------|---------|---------|---------|---------|
|          |          i_1_fu_294          |    0    |    0    |    0    |    39   |
|    add   |           sl_fu_371          |    0    |    0    |    0    |    39   |
|          |        tmp_89_i_fu_426       |    0    |    0    |    0    |    39   |
|          |  sha256_bits_0_write_fu_440  |    0    |    0    |    0    |    39   |
|----------|------------------------------|---------|---------|---------|---------|
|          |        exitcond_fu_289       |    0    |    0    |    0    |    18   |
|   icmp   |         tmp_3_fu_377         |    0    |    0    |    0    |    18   |
|          |         tmp_i_fu_420         |    0    |    0    |    0    |    18   |
|----------|------------------------------|---------|---------|---------|---------|
|  select  |     tmp_95_read1_i_fu_432    |    0    |    0    |    0    |    32   |
|----------|------------------------------|---------|---------|---------|---------|
|          |     len_read_read_fu_118     |    0    |    0    |    0    |    0    |
|   read   | data_offset_read_read_fu_124 |    0    |    0    |    0    |    0    |
|          |  data_addr_read_read_fu_137  |    0    |    0    |    0    |    0    |
|----------|------------------------------|---------|---------|---------|---------|
|  readreq |      grp_readreq_fu_130      |    0    |    0    |    0    |    0    |
|----------|------------------------------|---------|---------|---------|---------|
|   sext   |          tmp_fu_228          |    0    |    0    |    0    |    0    |
|----------|------------------------------|---------|---------|---------|---------|
|          |         mrv_s_fu_300         |    0    |    0    |    0    |    0    |
|          |         mrv_1_fu_306         |    0    |    0    |    0    |    0    |
|          |         mrv_2_fu_312         |    0    |    0    |    0    |    0    |
|          |         mrv_3_fu_318         |    0    |    0    |    0    |    0    |
|          |         mrv_4_fu_324         |    0    |    0    |    0    |    0    |
|insertvalue|         mrv_5_fu_330         |    0    |    0    |    0    |    0    |
|          |         mrv_6_fu_336         |    0    |    0    |    0    |    0    |
|          |         mrv_7_fu_342         |    0    |    0    |    0    |    0    |
|          |         mrv_8_fu_348         |    0    |    0    |    0    |    0    |
|          |         mrv_9_fu_354         |    0    |    0    |    0    |    0    |
|          |         mrv_10_fu_360        |    0    |    0    |    0    |    0    |
|----------|------------------------------|---------|---------|---------|---------|
|   zext   |         tmp_1_fu_366         |    0    |    0    |    0    |    0    |
|----------|------------------------------|---------|---------|---------|---------|
|          |    sha256hash_0_ret_fu_388   |    0    |    0    |    0    |    0    |
|          |    sha256hash_1_ret_fu_392   |    0    |    0    |    0    |    0    |
|          |    sha256hash_2_ret_fu_396   |    0    |    0    |    0    |    0    |
|extractvalue|    sha256hash_3_ret_fu_400   |    0    |    0    |    0    |    0    |
|          |    sha256hash_4_ret_fu_404   |    0    |    0    |    0    |    0    |
|          |    sha256hash_5_ret_fu_408   |    0    |    0    |    0    |    0    |
|          |    sha256hash_6_ret_fu_412   |    0    |    0    |    0    |    0    |
|          |    sha256hash_7_ret_fu_416   |    0    |    0    |    0    |    0    |
|----------|------------------------------|---------|---------|---------|---------|
|   Total  |                              |    2    |  12.932 |   1452  |   2276  |
|----------|------------------------------|---------|---------|---------|---------|

Memories:
N/A

* Register list:
+----------------------------+--------+
|                            |   FF   |
+----------------------------+--------+
|   data_addr_read_reg_593   |    8   |
|      data_addr_reg_579     |    8   |
|         i_1_reg_588        |   32   |
|          i_reg_155         |   32   |
|      len_read_reg_573      |   32   |
|sha256_bits_0_read_s_reg_503|   32   |
|sha256_bits_1_read_s_reg_566|   32   |
|sha256_len_0_write_s_reg_496|   32   |
| sha256hash_1_load_1_reg_632|   32   |
|    sha256hash_1_reg_552    |   32   |
| sha256hash_2_load_1_reg_627|   32   |
|    sha256hash_2_reg_545    |   32   |
| sha256hash_3_load_1_reg_622|   32   |
|    sha256hash_3_reg_538    |   32   |
| sha256hash_4_load_1_reg_617|   32   |
|    sha256hash_4_reg_531    |   32   |
| sha256hash_5_load_1_reg_612|   32   |
|    sha256hash_5_reg_524    |   32   |
| sha256hash_6_load_1_reg_607|   32   |
|    sha256hash_6_reg_517    |   32   |
| sha256hash_7_load_1_reg_602|   32   |
|    sha256hash_7_reg_510    |   32   |
|  sha256hash_load_1_reg_637 |   32   |
|     sha256hash_reg_559     |   32   |
|        tmp_3_reg_598       |    1   |
+----------------------------+--------+
|            Total           |   721  |
+----------------------------+--------+

* Multiplexer (MUX) list: 
|--------------------|------|------|------|--------||---------||---------|
|        Comp        |  Pin | Size |  BW  | S x BW ||  Delay  ||   LUT   |
|--------------------|------|------|------|--------||---------||---------|
| grp_readreq_fu_130 |  p1  |   2  |   8  |   16   ||    9    |
| grp_readreq_fu_130 |  p2  |   2  |  32  |   64   ||    9    |
|  grp_p_hash_fu_166 |  p2  |   2  |  32  |   64   ||    9    |
|  grp_p_hash_fu_166 |  p3  |   2  |  32  |   64   ||    9    |
|  grp_p_hash_fu_166 |  p4  |   2  |  32  |   64   ||    9    |
|  grp_p_hash_fu_166 |  p5  |   2  |  32  |   64   ||    9    |
|  grp_p_hash_fu_166 |  p6  |   2  |  32  |   64   ||    9    |
|  grp_p_hash_fu_166 |  p7  |   2  |  32  |   64   ||    9    |
|  grp_p_hash_fu_166 |  p8  |   2  |  32  |   64   ||    9    |
|  grp_p_hash_fu_166 |  p9  |   2  |  32  |   64   ||    9    |
|--------------------|------|------|------|--------||---------||---------|
|        Total       |      |      |      |   592  ||  17.69  ||    90   |
|--------------------|------|------|------|--------||---------||---------|



* Summary:
+-----------+--------+--------+--------+--------+
|           |  BRAM  |  Delay |   FF   |   LUT  |
+-----------+--------+--------+--------+--------+
|  Function |    2   |   12   |  1452  |  2276  |
|   Memory  |    -   |    -   |    -   |    -   |
|Multiplexer|    -   |   17   |    -   |   90   |
|  Register |    -   |    -   |   721  |    -   |
+-----------+--------+--------+--------+--------+
|   Total   |    2   |   30   |  2173  |  2366  |
+-----------+--------+--------+--------+--------+
