

================================================================
== Vivado HLS Report for 'sha256'
================================================================
* Date:           Sat Feb 20 20:54:13 2021

* Version:        2018.3 (Build 2405991 on Thu Dec 06 23:56:15 MST 2018)
* Project:        sha256_hls
* Solution:       solution1
* Product family: zynq
* Target device:  xc7z020clg400-1


================================================================
== Performance Estimates
================================================================
+ Timing (ns): 
    * Summary: 
    +--------+-------+----------+------------+
    |  Clock | Target| Estimated| Uncertainty|
    +--------+-------+----------+------------+
    |ap_clk  |  10.00|     8.750|        1.25|
    +--------+-------+----------+------------+

+ Latency (clock cycles): 
    * Summary: 
    +-----+------+-----+------+---------+
    |   Latency  |  Interval  | Pipeline|
    | min |  max | min |  max |   Type  |
    +-----+------+-----+------+---------+
    |  191|  6762|  191|  6762|   none  |
    +-----+------+-----+------+---------+

    + Detail: 
        * Instance: 
        +-----------------------+-------------+-----+------+-----+------+---------+
        |                       |             |   Latency  |  Interval  | Pipeline|
        |        Instance       |    Module   | min |  max | min |  max |   Type  |
        +-----------------------+-------------+-----+------+-----+------+---------+
        |grp_sha256_done_fu_72  |sha256_done  |  121|   292|  121|   292|   none  |
        |grp_sha256_hash_fu_90  |sha256_hash  |    2|  6402|    2|  6402|   none  |
        +-----------------------+-------------+-----+------+-----+------+---------+

        * Loop: 
        +---------------------+-----+-----+----------+-----------+-----------+------+----------+
        |                     |  Latency  | Iteration|  Initiation Interval  | Trip |          |
        |      Loop Name      | min | max |  Latency |  achieved |   target  | Count| Pipelined|
        +---------------------+-----+-----+----------+-----------+-----------+------+----------+
        |- memset_sha256_buf  |   63|   63|         1|          -|          -|    64|    no    |
        +---------------------+-----+-----+----------+-----------+-----------+------+----------+



================================================================
== Utilization Estimates
================================================================
* Summary: 
+-----------------+---------+-------+--------+-------+
|       Name      | BRAM_18K| DSP48E|   FF   |  LUT  |
+-----------------+---------+-------+--------+-------+
|DSP              |        -|      -|       -|      -|
|Expression       |        -|      -|       0|     26|
|FIFO             |        -|      -|       -|      -|
|Instance         |        0|      -|   21769|  46350|
|Memory           |        1|      -|       0|      0|
|Multiplexer      |        -|      -|       -|    170|
|Register         |        -|      -|     366|      -|
+-----------------+---------+-------+--------+-------+
|Total            |        1|      0|   22135|  46546|
+-----------------+---------+-------+--------+-------+
|Available        |      280|    220|  106400|  53200|
+-----------------+---------+-------+--------+-------+
|Utilization (%)  |    ~0   |      0|      20|     87|
+-----------------+---------+-------+--------+-------+

+ Detail: 
    * Instance: 
    +-----------------------+-------------+---------+-------+-------+-------+
    |        Instance       |    Module   | BRAM_18K| DSP48E|   FF  |  LUT  |
    +-----------------------+-------------+---------+-------+-------+-------+
    |grp_sha256_done_fu_72  |sha256_done  |        0|      0|  11056|  24043|
    |grp_sha256_hash_fu_90  |sha256_hash  |        0|      0|  10713|  22307|
    +-----------------------+-------------+---------+-------+-------+-------+
    |Total                  |             |        0|      0|  21769|  46350|
    +-----------------------+-------------+---------+-------+-------+-------+

    * DSP48: 
    N/A

    * Memory: 
    +--------------+-------------------+---------+---+----+------+-----+------+-------------+
    |    Memory    |       Module      | BRAM_18K| FF| LUT| Words| Bits| Banks| W*Bits*Banks|
    +--------------+-------------------+---------+---+----+------+-----+------+-------------+
    |sha256_buf_U  |sha256_sha256_buf  |        1|  0|   0|    64|    8|     1|          512|
    +--------------+-------------------+---------+---+----+------+-----+------+-------------+
    |Total         |                   |        1|  0|   0|    64|    8|     1|          512|
    +--------------+-------------------+---------+---+----+------+-----+------+-------------+

    * FIFO: 
    N/A

    * Expression: 
    +--------------------+----------+-------+---+----+------------+------------+
    |    Variable Name   | Operation| DSP48E| FF| LUT| Bitwidth P0| Bitwidth P1|
    +--------------------+----------+-------+---+----+------------+------------+
    |indvarinc_fu_98_p2  |     +    |      0|  0|  15|           6|           1|
    |tmp_s_fu_109_p2     |   icmp   |      0|  0|  11|           6|           2|
    +--------------------+----------+-------+---+----+------------+------------+
    |Total               |          |      0|  0|  26|          12|           3|
    +--------------------+----------+-------+---+----+------------+------------+

    * Multiplexer: 
    +---------------------+----+-----------+-----+-----------+
    |         Name        | LUT| Input Size| Bits| Total Bits|
    +---------------------+----+-----------+-----+-----------+
    |ap_NS_fsm            |  38|          7|    1|          7|
    |invdar_reg_61        |   9|          2|    6|         12|
    |sha256_buf_address0  |  21|          4|    6|         24|
    |sha256_buf_address1  |  15|          3|    6|         18|
    |sha256_buf_ce0       |  21|          4|    1|          4|
    |sha256_buf_ce1       |  15|          3|    1|          3|
    |sha256_buf_d0        |  21|          4|    8|         32|
    |sha256_buf_we0       |  21|          4|    1|          4|
    |sha256_buf_we1       |   9|          2|    1|          2|
    +---------------------+----+-----------+-----+-----------+
    |Total                | 170|         33|   31|        106|
    +---------------------+----+-----------+-----+-----------+

    * Register: 
    +------------------------------------+----+----+-----+-----------+
    |                Name                | FF | LUT| Bits| Const Bits|
    +------------------------------------+----+----+-----+-----------+
    |ap_CS_fsm                           |   6|   0|    6|          0|
    |grp_sha256_done_fu_72_ap_start_reg  |   1|   0|    1|          0|
    |grp_sha256_hash_fu_90_ap_start_reg  |   1|   0|    1|          0|
    |invdar_reg_61                       |   6|   0|    6|          0|
    |sha256_bits_0_reg_222               |  32|   0|   32|          0|
    |sha256_bits_1_reg_172               |  32|   0|   32|          0|
    |sha256_len_0_reg_177                |  32|   0|   32|          0|
    |sha256hash_0_reg_182                |  32|   0|   32|          0|
    |sha256hash_1_reg_187                |  32|   0|   32|          0|
    |sha256hash_2_reg_192                |  32|   0|   32|          0|
    |sha256hash_3_reg_197                |  32|   0|   32|          0|
    |sha256hash_4_reg_202                |  32|   0|   32|          0|
    |sha256hash_5_reg_207                |  32|   0|   32|          0|
    |sha256hash_6_reg_212                |  32|   0|   32|          0|
    |sha256hash_7_reg_217                |  32|   0|   32|          0|
    +------------------------------------+----+----+-----+-----------+
    |Total                               | 366|   0|  366|          0|
    +------------------------------------+----+----+-----+-----------+



================================================================
== Interface
================================================================
* Summary: 
+---------------+-----+-----+------------+--------------+--------------+
|   RTL Ports   | Dir | Bits|  Protocol  | Source Object|    C Type    |
+---------------+-----+-----+------------+--------------+--------------+
|ap_clk         |  in |    1| ap_ctrl_hs |    sha256    | return value |
|ap_rst         |  in |    1| ap_ctrl_hs |    sha256    | return value |
|ap_start       |  in |    1| ap_ctrl_hs |    sha256    | return value |
|ap_done        | out |    1| ap_ctrl_hs |    sha256    | return value |
|ap_idle        | out |    1| ap_ctrl_hs |    sha256    | return value |
|ap_ready       | out |    1| ap_ctrl_hs |    sha256    | return value |
|msg_address0   | out |    6|  ap_memory |      msg     |     array    |
|msg_ce0        | out |    1|  ap_memory |      msg     |     array    |
|msg_q0         |  in |    8|  ap_memory |      msg     |     array    |
|len            |  in |   32|   ap_none  |      len     |    scalar    |
|hash_address0  | out |    5|  ap_memory |     hash     |     array    |
|hash_ce0       | out |    1|  ap_memory |     hash     |     array    |
|hash_we0       | out |    1|  ap_memory |     hash     |     array    |
|hash_d0        | out |    8|  ap_memory |     hash     |     array    |
|hash_address1  | out |    5|  ap_memory |     hash     |     array    |
|hash_ce1       | out |    1|  ap_memory |     hash     |     array    |
|hash_we1       | out |    1|  ap_memory |     hash     |     array    |
|hash_d1        | out |    8|  ap_memory |     hash     |     array    |
+---------------+-----+-----+------------+--------------+--------------+

============================================================
+ Verbose Summary: Synthesis Manager
============================================================
InlineROM: 1
ExposeGlobal: 0
============================================================
+ Verbose Summary: CDFG Model
============================================================
IsTopModel: 1
ResetActiveHigh: 1
IsCombinational: 2
IsDatapathOnly: 2
HasWiredReturn: 1
HasMFsm: 0
HasVarLatency: 1
IsPipeline: 0
IsRtlPipelined: 0
IsInstanceOverlapped: 0
IsDontTouch: 0
HasImplIP: 0
IsGatedGlobalClock: 0


============================================================
+ Verbose Summary: Schedule
============================================================
* Number of FSM states : 6
* Pipeline : 0
* Dataflow Pipeline: 0

* FSM state transitions: 
1 --> 
	2  / true
2 --> 
	2  / (!tmp_s)
	3  / (tmp_s)
3 --> 
	4  / true
4 --> 
	5  / true
5 --> 
	6  / true
6 --> 

* FSM state operations: 

State 1 <SV = 0> <Delay = 2.32>
ST_1 : Operation 7 [1/1] (0.00ns)   --->   "call void (...)* @_ssdm_op_SpecBitsMap([64 x i8]* %msg) nounwind, !map !53"   --->   Operation 7 'specbitsmap' <Predicate = true> <Delay = 0.00>
ST_1 : Operation 8 [1/1] (0.00ns)   --->   "call void (...)* @_ssdm_op_SpecBitsMap(i32 %len) nounwind, !map !59"   --->   Operation 8 'specbitsmap' <Predicate = true> <Delay = 0.00>
ST_1 : Operation 9 [1/1] (0.00ns)   --->   "call void (...)* @_ssdm_op_SpecBitsMap([32 x i8]* %hash) nounwind, !map !65"   --->   Operation 9 'specbitsmap' <Predicate = true> <Delay = 0.00>
ST_1 : Operation 10 [1/1] (0.00ns)   --->   "call void (...)* @_ssdm_op_SpecTopModule([7 x i8]* @sha256_str) nounwind"   --->   Operation 10 'spectopmodule' <Predicate = true> <Delay = 0.00>
ST_1 : Operation 11 [1/1] (0.00ns)   --->   "%len_read = call i32 @_ssdm_op_Read.ap_auto.i32(i32 %len) nounwind"   --->   Operation 11 'read' 'len_read' <Predicate = true> <Delay = 0.00>
ST_1 : Operation 12 [1/1] (2.32ns)   --->   "%sha256_buf = alloca [64 x i8], align 16" [src/sha256.c:218]   --->   Operation 12 'alloca' 'sha256_buf' <Predicate = true> <Delay = 2.32> <Core = "RAM">   --->   Core 37 'RAM' <Latency = 1> <II = 1> <Delay = 2.32> <Storage> <Opcode : 'load' 'store'> <Ports = 2> <Width = 8> <Depth = 64> <RAM>
ST_1 : Operation 13 [1/1] (1.76ns)   --->   "br label %meminst"   --->   Operation 13 'br' <Predicate = true> <Delay = 1.76>

State 2 <SV = 1> <Delay = 2.32>
ST_2 : Operation 14 [1/1] (0.00ns)   --->   "%invdar = phi i6 [ 0, %0 ], [ %indvarinc, %meminst ]" [src/sha256.c:227]   --->   Operation 14 'phi' 'invdar' <Predicate = true> <Delay = 0.00>
ST_2 : Operation 15 [1/1] (1.82ns)   --->   "%indvarinc = add i6 %invdar, 1" [src/sha256.c:227]   --->   Operation 15 'add' 'indvarinc' <Predicate = true> <Delay = 1.82> <Core = "AddSub">   --->   Core 14 'AddSub' <Latency = 0> <II = 1> <Delay = 1.82> <FuncUnit> <Opcode : 'add' 'sub'> <InPorts = 2> <OutPorts = 1>
ST_2 : Operation 16 [1/1] (0.00ns)   --->   "%tmp = zext i6 %invdar to i64" [src/sha256.c:227]   --->   Operation 16 'zext' 'tmp' <Predicate = true> <Delay = 0.00>
ST_2 : Operation 17 [1/1] (0.00ns)   --->   "%sha256_buf_addr = getelementptr [64 x i8]* %sha256_buf, i64 0, i64 %tmp" [src/sha256.c:227]   --->   Operation 17 'getelementptr' 'sha256_buf_addr' <Predicate = true> <Delay = 0.00>
ST_2 : Operation 18 [1/1] (2.32ns)   --->   "store i8 0, i8* %sha256_buf_addr, align 1" [src/sha256.c:227]   --->   Operation 18 'store' <Predicate = true> <Delay = 2.32> <Core = "RAM">   --->   Core 37 'RAM' <Latency = 1> <II = 1> <Delay = 2.32> <Storage> <Opcode : 'load' 'store'> <Ports = 2> <Width = 8> <Depth = 64> <RAM>
ST_2 : Operation 19 [1/1] (1.42ns)   --->   "%tmp_s = icmp eq i6 %invdar, -1" [src/sha256.c:227]   --->   Operation 19 'icmp' 'tmp_s' <Predicate = true> <Delay = 1.42> <Core = "Cmp">   --->   Core 25 'Cmp' <Latency = 0> <II = 1> <Delay = 1.42> <FuncUnit> <Opcode : 'icmp'> <InPorts = 2> <OutPorts = 1>
ST_2 : Operation 20 [1/1] (0.00ns)   --->   "call void (...)* @_ssdm_op_SpecLoopName([18 x i8]* @memset_sha256_buf_st)"   --->   Operation 20 'specloopname' <Predicate = true> <Delay = 0.00>
ST_2 : Operation 21 [1/1] (0.00ns)   --->   "call void (...)* @_ssdm_op_SpecLoopTripCount(i64 64, i64 64, i64 64)"   --->   Operation 21 'speclooptripcount' <Predicate = true> <Delay = 0.00>
ST_2 : Operation 22 [1/1] (0.00ns)   --->   "br i1 %tmp_s, label %1, label %meminst" [src/sha256.c:227]   --->   Operation 22 'br' <Predicate = true> <Delay = 0.00>

State 3 <SV = 2> <Delay = 0.00>
ST_3 : Operation 23 [2/2] (0.00ns)   --->   "%call_ret = call fastcc { i32, i32, i32, i32, i32, i32, i32, i32, i32, i32, i32 } @sha256_hash([64 x i8]* %sha256_buf, [64 x i8]* %msg, i32 %len_read) nounwind" [src/sha256.c:244]   --->   Operation 23 'call' 'call_ret' <Predicate = true> <Delay = 0.00> <CoreType = "Generic">   --->   Core 0 '' <Latency = 0> <II = 1> <Delay = 1.00> <Generic> <Opcode : >

State 4 <SV = 3> <Delay = 0.00>
ST_4 : Operation 24 [1/2] (0.00ns)   --->   "%call_ret = call fastcc { i32, i32, i32, i32, i32, i32, i32, i32, i32, i32, i32 } @sha256_hash([64 x i8]* %sha256_buf, [64 x i8]* %msg, i32 %len_read) nounwind" [src/sha256.c:244]   --->   Operation 24 'call' 'call_ret' <Predicate = true> <Delay = 0.00> <CoreType = "Generic">   --->   Core 0 '' <Latency = 0> <II = 1> <Delay = 1.00> <Generic> <Opcode : >
ST_4 : Operation 25 [1/1] (0.00ns)   --->   "%sha256_bits_1 = extractvalue { i32, i32, i32, i32, i32, i32, i32, i32, i32, i32, i32 } %call_ret, 1" [src/sha256.c:244]   --->   Operation 25 'extractvalue' 'sha256_bits_1' <Predicate = true> <Delay = 0.00>
ST_4 : Operation 26 [1/1] (0.00ns)   --->   "%sha256_len_0 = extractvalue { i32, i32, i32, i32, i32, i32, i32, i32, i32, i32, i32 } %call_ret, 0" [src/sha256.c:244]   --->   Operation 26 'extractvalue' 'sha256_len_0' <Predicate = true> <Delay = 0.00>
ST_4 : Operation 27 [1/1] (0.00ns)   --->   "%sha256hash_0 = extractvalue { i32, i32, i32, i32, i32, i32, i32, i32, i32, i32, i32 } %call_ret, 2" [src/sha256.c:244]   --->   Operation 27 'extractvalue' 'sha256hash_0' <Predicate = true> <Delay = 0.00>
ST_4 : Operation 28 [1/1] (0.00ns)   --->   "%sha256hash_1 = extractvalue { i32, i32, i32, i32, i32, i32, i32, i32, i32, i32, i32 } %call_ret, 3" [src/sha256.c:244]   --->   Operation 28 'extractvalue' 'sha256hash_1' <Predicate = true> <Delay = 0.00>
ST_4 : Operation 29 [1/1] (0.00ns)   --->   "%sha256hash_2 = extractvalue { i32, i32, i32, i32, i32, i32, i32, i32, i32, i32, i32 } %call_ret, 4" [src/sha256.c:244]   --->   Operation 29 'extractvalue' 'sha256hash_2' <Predicate = true> <Delay = 0.00>
ST_4 : Operation 30 [1/1] (0.00ns)   --->   "%sha256hash_3 = extractvalue { i32, i32, i32, i32, i32, i32, i32, i32, i32, i32, i32 } %call_ret, 5" [src/sha256.c:244]   --->   Operation 30 'extractvalue' 'sha256hash_3' <Predicate = true> <Delay = 0.00>
ST_4 : Operation 31 [1/1] (0.00ns)   --->   "%sha256hash_4 = extractvalue { i32, i32, i32, i32, i32, i32, i32, i32, i32, i32, i32 } %call_ret, 6" [src/sha256.c:244]   --->   Operation 31 'extractvalue' 'sha256hash_4' <Predicate = true> <Delay = 0.00>
ST_4 : Operation 32 [1/1] (0.00ns)   --->   "%sha256hash_5 = extractvalue { i32, i32, i32, i32, i32, i32, i32, i32, i32, i32, i32 } %call_ret, 7" [src/sha256.c:244]   --->   Operation 32 'extractvalue' 'sha256hash_5' <Predicate = true> <Delay = 0.00>
ST_4 : Operation 33 [1/1] (0.00ns)   --->   "%sha256hash_6 = extractvalue { i32, i32, i32, i32, i32, i32, i32, i32, i32, i32, i32 } %call_ret, 8" [src/sha256.c:244]   --->   Operation 33 'extractvalue' 'sha256hash_6' <Predicate = true> <Delay = 0.00>
ST_4 : Operation 34 [1/1] (0.00ns)   --->   "%sha256hash_7 = extractvalue { i32, i32, i32, i32, i32, i32, i32, i32, i32, i32, i32 } %call_ret, 9" [src/sha256.c:244]   --->   Operation 34 'extractvalue' 'sha256hash_7' <Predicate = true> <Delay = 0.00>
ST_4 : Operation 35 [1/1] (0.00ns)   --->   "%sha256_bits_0 = extractvalue { i32, i32, i32, i32, i32, i32, i32, i32, i32, i32, i32 } %call_ret, 10" [src/sha256.c:244]   --->   Operation 35 'extractvalue' 'sha256_bits_0' <Predicate = true> <Delay = 0.00>

State 5 <SV = 4> <Delay = 2.32>
ST_5 : Operation 36 [2/2] (2.32ns)   --->   "call fastcc void @sha256_done([64 x i8]* %sha256_buf, i32 %sha256hash_0, i32 %sha256hash_1, i32 %sha256hash_2, i32 %sha256hash_3, i32 %sha256hash_4, i32 %sha256hash_5, i32 %sha256hash_6, i32 %sha256hash_7, i32 %sha256_bits_0, i32 %sha256_bits_1, i32 %sha256_len_0, [32 x i8]* %hash) nounwind" [src/sha256.c:245]   --->   Operation 36 'call' <Predicate = true> <Delay = 2.32> <CoreType = "Generic">   --->   Core 0 '' <Latency = 0> <II = 1> <Delay = 1.00> <Generic> <Opcode : >

State 6 <SV = 5> <Delay = 0.00>
ST_6 : Operation 37 [1/2] (0.00ns)   --->   "call fastcc void @sha256_done([64 x i8]* %sha256_buf, i32 %sha256hash_0, i32 %sha256hash_1, i32 %sha256hash_2, i32 %sha256hash_3, i32 %sha256hash_4, i32 %sha256hash_5, i32 %sha256hash_6, i32 %sha256hash_7, i32 %sha256_bits_0, i32 %sha256_bits_1, i32 %sha256_len_0, [32 x i8]* %hash) nounwind" [src/sha256.c:245]   --->   Operation 37 'call' <Predicate = true> <Delay = 0.00> <CoreType = "Generic">   --->   Core 0 '' <Latency = 0> <II = 1> <Delay = 1.00> <Generic> <Opcode : >
ST_6 : Operation 38 [1/1] (0.00ns)   --->   "ret void" [src/sha256.c:247]   --->   Operation 38 'ret' <Predicate = true> <Delay = 0.00>


============================================================
+ Verbose Summary: Binding
============================================================
STG Binding: 
---------------- STG Properties BEGIN ----------------
- Is combinational: 0
- Is one-state seq: 0
- Is datapath-only: 0
- Is pipelined: 0
- Is top level: 1
Port [ Return ] is wired: 1; IO mode=ap_ctrl_hs:ce=0
Port [ msg]:  wired=1; compound=1; hidden=0; nouse=0; global=0; static=0; extern=0; dir=0; type=1; pingpong=0; private_global=0; MemPort=[13]; IO mode=ap_memory:ce=0
Port [ len]:  wired=1; compound=0; hidden=0; nouse=0; global=0; static=0; extern=0; dir=0; type=0; pingpong=0; private_global=0; IO mode=ap_none:ce=0
Port [ hash]:  wired=1; compound=1; hidden=0; nouse=0; global=0; static=0; extern=0; dir=1; type=1; pingpong=0; private_global=0; MemPort=[00]; IO mode=ap_memory:ce=0
---------------- STG Properties END ------------------

---------------- Datapath Model BEGIN ----------------

<LifeTime>
<method=bitvector/>
StgValue_7      (specbitsmap      ) [ 0000000]
StgValue_8      (specbitsmap      ) [ 0000000]
StgValue_9      (specbitsmap      ) [ 0000000]
StgValue_10     (spectopmodule    ) [ 0000000]
len_read        (read             ) [ 0011100]
sha256_buf      (alloca           ) [ 0011111]
StgValue_13     (br               ) [ 0110000]
invdar          (phi              ) [ 0010000]
indvarinc       (add              ) [ 0110000]
tmp             (zext             ) [ 0000000]
sha256_buf_addr (getelementptr    ) [ 0000000]
StgValue_18     (store            ) [ 0000000]
tmp_s           (icmp             ) [ 0010000]
StgValue_20     (specloopname     ) [ 0000000]
StgValue_21     (speclooptripcount) [ 0000000]
StgValue_22     (br               ) [ 0110000]
call_ret        (call             ) [ 0000000]
sha256_bits_1   (extractvalue     ) [ 0000011]
sha256_len_0    (extractvalue     ) [ 0000011]
sha256hash_0    (extractvalue     ) [ 0000011]
sha256hash_1    (extractvalue     ) [ 0000011]
sha256hash_2    (extractvalue     ) [ 0000011]
sha256hash_3    (extractvalue     ) [ 0000011]
sha256hash_4    (extractvalue     ) [ 0000011]
sha256hash_5    (extractvalue     ) [ 0000011]
sha256hash_6    (extractvalue     ) [ 0000011]
sha256hash_7    (extractvalue     ) [ 0000011]
sha256_bits_0   (extractvalue     ) [ 0000011]
StgValue_37     (call             ) [ 0000000]
StgValue_38     (ret              ) [ 0000000]
</LifeTime>

<model>

<comp_list>
<comp id="0" class="1000" name="msg">
<pin_list>
<pin id="1" dir="1" index="0" bw="1" slack="0"/>
</pin_list>
<bind>
<StgValue><ssdm name="msg"/><MemPortTyVec>1 3 </MemPortTyVec>
</StgValue>
</bind>
</comp>

<comp id="2" class="1000" name="len">
<pin_list>
<pin id="3" dir="1" index="0" bw="1" slack="0"/>
</pin_list>
<bind>
<StgValue><ssdm name="len"/></StgValue>
</bind>
</comp>

<comp id="4" class="1000" name="hash">
<pin_list>
<pin id="5" dir="1" index="0" bw="1" slack="0"/>
</pin_list>
<bind>
<StgValue><ssdm name="hash"/><MemPortTyVec>0 0 </MemPortTyVec>
</StgValue>
</bind>
</comp>

<comp id="6" class="1001" name="const_6">
<pin_list>
<pin id="7" dir="1" index="0" bw="1" slack="2147483647"/>
</pin_list>
<bind>
<StgValue><ssdm name="_ssdm_op_SpecBitsMap"/></StgValue>
</bind>
</comp>

<comp id="8" class="1001" name="const_8">
<pin_list>
<pin id="9" dir="1" index="0" bw="1" slack="2147483647"/>
</pin_list>
<bind>
<StgValue><ssdm name="_ssdm_op_SpecTopModule"/></StgValue>
</bind>
</comp>

<comp id="10" class="1001" name="const_10">
<pin_list>
<pin id="11" dir="1" index="0" bw="1" slack="2147483647"/>
</pin_list>
<bind>
<StgValue><ssdm name="sha256_str"/></StgValue>
</bind>
</comp>

<comp id="12" class="1001" name="const_12">
<pin_list>
<pin id="13" dir="1" index="0" bw="1" slack="0"/>
</pin_list>
<bind>
<StgValue><ssdm name="_ssdm_op_Read.ap_auto.i32"/></StgValue>
</bind>
</comp>

<comp id="14" class="1001" name="const_14">
<pin_list>
<pin id="15" dir="1" index="0" bw="1" slack="0"/>
</pin_list>
<bind>
<StgValue><ssdm name=""/></StgValue>
</bind>
</comp>

<comp id="16" class="1001" name="const_16">
<pin_list>
<pin id="17" dir="1" index="0" bw="1" slack="1"/>
</pin_list>
<bind>
<StgValue><ssdm name=""/></StgValue>
</bind>
</comp>

<comp id="18" class="1001" name="const_18">
<pin_list>
<pin id="19" dir="1" index="0" bw="1" slack="0"/>
</pin_list>
<bind>
<StgValue><ssdm name=""/></StgValue>
</bind>
</comp>

<comp id="20" class="1001" name="const_20">
<pin_list>
<pin id="21" dir="1" index="0" bw="1" slack="0"/>
</pin_list>
<bind>
<StgValue><ssdm name=""/></StgValue>
</bind>
</comp>

<comp id="22" class="1001" name="const_22">
<pin_list>
<pin id="23" dir="1" index="0" bw="1" slack="0"/>
</pin_list>
<bind>
<StgValue><ssdm name=""/></StgValue>
</bind>
</comp>

<comp id="24" class="1001" name="const_24">
<pin_list>
<pin id="25" dir="1" index="0" bw="1" slack="0"/>
</pin_list>
<bind>
<StgValue><ssdm name=""/></StgValue>
</bind>
</comp>

<comp id="26" class="1001" name="const_26">
<pin_list>
<pin id="27" dir="1" index="0" bw="1" slack="2147483647"/>
</pin_list>
<bind>
<StgValue><ssdm name="_ssdm_op_SpecLoopName"/></StgValue>
</bind>
</comp>

<comp id="28" class="1001" name="const_28">
<pin_list>
<pin id="29" dir="1" index="0" bw="1" slack="2147483647"/>
</pin_list>
<bind>
<StgValue><ssdm name="memset_sha256_buf_st"/></StgValue>
</bind>
</comp>

<comp id="30" class="1001" name="const_30">
<pin_list>
<pin id="31" dir="1" index="0" bw="1" slack="2147483647"/>
</pin_list>
<bind>
<StgValue><ssdm name="_ssdm_op_SpecLoopTripCount"/></StgValue>
</bind>
</comp>

<comp id="32" class="1001" name="const_32">
<pin_list>
<pin id="33" dir="1" index="0" bw="1" slack="2147483647"/>
</pin_list>
<bind>
<StgValue><ssdm name=""/></StgValue>
</bind>
</comp>

<comp id="34" class="1001" name="const_34">
<pin_list>
<pin id="35" dir="1" index="0" bw="1" slack="0"/>
</pin_list>
<bind>
<StgValue><ssdm name="sha256_hash"/></StgValue>
</bind>
</comp>

<comp id="36" class="1001" name="const_36">
<pin_list>
<pin id="37" dir="1" index="0" bw="1" slack="0"/>
</pin_list>
<bind>
<StgValue><ssdm name="sha256_done"/></StgValue>
</bind>
</comp>

<comp id="38" class="1004" name="sha256_buf_alloca_fu_38">
<pin_list>
<pin id="39" dir="0" index="0" bw="1" slack="0"/>
<pin id="40" dir="1" index="1" bw="8" slack="2147483647"/>
</pin_list>
<bind>
<opcode="alloca(26) " fcode="alloca"/>
<opset="sha256_buf/1 "/>
</bind>
</comp>

<comp id="42" class="1004" name="len_read_read_fu_42">
<pin_list>
<pin id="43" dir="0" index="0" bw="32" slack="0"/>
<pin id="44" dir="0" index="1" bw="32" slack="0"/>
<pin id="45" dir="1" index="2" bw="32" slack="2"/>
</pin_list>
<bind>
<opcode="read(1150) " fcode="read"/>
<opset="len_read/1 "/>
</bind>
</comp>

<comp id="48" class="1004" name="sha256_buf_addr_gep_fu_48">
<pin_list>
<pin id="49" dir="0" index="0" bw="8" slack="2147483647"/>
<pin id="50" dir="0" index="1" bw="1" slack="0"/>
<pin id="51" dir="0" index="2" bw="6" slack="0"/>
<pin id="52" dir="1" index="3" bw="6" slack="0"/>
</pin_list>
<bind>
<opcode="getelementptr(29) " fcode="getelementptr"/>
<opset="sha256_buf_addr/2 "/>
</bind>
</comp>

<comp id="54" class="1004" name="StgValue_18_access_fu_54">
<pin_list>
<pin id="55" dir="0" index="0" bw="6" slack="0"/>
<pin id="56" dir="0" index="1" bw="8" slack="0"/>
<pin id="57" dir="0" index="2" bw="0" slack="2147483647"/>
<pin id="58" dir="1" index="3" bw="8" slack="2147483647"/>
</pin_list>
<bind>
<opcode="store(28) " fcode="store"/>
<opset="StgValue_18/2 "/>
</bind>
</comp>

<comp id="61" class="1005" name="invdar_reg_61">
<pin_list>
<pin id="62" dir="0" index="0" bw="6" slack="1"/>
<pin id="63" dir="1" index="1" bw="6" slack="1"/>
</pin_list>
<bind>
<opset="invdar (phireg) "/>
</bind>
</comp>

<comp id="65" class="1004" name="invdar_phi_fu_65">
<pin_list>
<pin id="66" dir="0" index="0" bw="1" slack="1"/>
<pin id="67" dir="0" index="1" bw="0" slack="2147483647"/>
<pin id="68" dir="0" index="2" bw="6" slack="0"/>
<pin id="69" dir="0" index="3" bw="0" slack="2147483647"/>
<pin id="70" dir="1" index="4" bw="6" slack="0"/>
</pin_list>
<bind>
<opcode="phi(47) " fcode="phi"/>
<opset="invdar/2 "/>
</bind>
</comp>

<comp id="72" class="1004" name="grp_sha256_done_fu_72">
<pin_list>
<pin id="73" dir="0" index="0" bw="0" slack="0"/>
<pin id="74" dir="0" index="1" bw="8" slack="2147483647"/>
<pin id="75" dir="0" index="2" bw="32" slack="1"/>
<pin id="76" dir="0" index="3" bw="32" slack="1"/>
<pin id="77" dir="0" index="4" bw="32" slack="1"/>
<pin id="78" dir="0" index="5" bw="32" slack="1"/>
<pin id="79" dir="0" index="6" bw="32" slack="1"/>
<pin id="80" dir="0" index="7" bw="32" slack="1"/>
<pin id="81" dir="0" index="8" bw="32" slack="1"/>
<pin id="82" dir="0" index="9" bw="32" slack="1"/>
<pin id="83" dir="0" index="10" bw="32" slack="1"/>
<pin id="84" dir="0" index="11" bw="32" slack="1"/>
<pin id="85" dir="0" index="12" bw="32" slack="1"/>
<pin id="86" dir="0" index="13" bw="8" slack="0"/>
<pin id="87" dir="1" index="14" bw="0" slack="2147483647"/>
</pin_list>
<bind>
<opcode="call(48) " fcode="call"/>
<opset="StgValue_36/5 "/>
</bind>
</comp>

<comp id="90" class="1004" name="grp_sha256_hash_fu_90">
<pin_list>
<pin id="91" dir="0" index="0" bw="352" slack="0"/>
<pin id="92" dir="0" index="1" bw="8" slack="2147483647"/>
<pin id="93" dir="0" index="2" bw="8" slack="0"/>
<pin id="94" dir="0" index="3" bw="32" slack="2"/>
<pin id="95" dir="1" index="4" bw="352" slack="0"/>
</pin_list>
<bind>
<opcode="call(48) " fcode="call"/>
<opset="call_ret/3 "/>
</bind>
</comp>

<comp id="98" class="1004" name="indvarinc_fu_98">
<pin_list>
<pin id="99" dir="0" index="0" bw="6" slack="0"/>
<pin id="100" dir="0" index="1" bw="1" slack="0"/>
<pin id="101" dir="1" index="2" bw="6" slack="0"/>
</pin_list>
<bind>
<opcode="add(8) " fcode="add"/>
<opset="indvarinc/2 "/>
</bind>
</comp>

<comp id="104" class="1004" name="tmp_fu_104">
<pin_list>
<pin id="105" dir="0" index="0" bw="6" slack="0"/>
<pin id="106" dir="1" index="1" bw="64" slack="0"/>
</pin_list>
<bind>
<opcode="zext(34) " fcode="zext"/>
<opset="tmp/2 "/>
</bind>
</comp>

<comp id="109" class="1004" name="tmp_s_fu_109">
<pin_list>
<pin id="110" dir="0" index="0" bw="6" slack="0"/>
<pin id="111" dir="0" index="1" bw="6" slack="0"/>
<pin id="112" dir="1" index="2" bw="1" slack="2147483647"/>
</pin_list>
<bind>
<opcode="icmp(45) " fcode="icmp"/>
<opset="tmp_s/2 "/>
</bind>
</comp>

<comp id="115" class="1004" name="sha256_bits_1_fu_115">
<pin_list>
<pin id="116" dir="0" index="0" bw="352" slack="0"/>
<pin id="117" dir="1" index="1" bw="32" slack="1"/>
</pin_list>
<bind>
<opcode="extractvalue(56) " fcode="extractvalue"/>
<opset="sha256_bits_1/4 "/>
</bind>
</comp>

<comp id="119" class="1004" name="sha256_len_0_fu_119">
<pin_list>
<pin id="120" dir="0" index="0" bw="352" slack="0"/>
<pin id="121" dir="1" index="1" bw="32" slack="1"/>
</pin_list>
<bind>
<opcode="extractvalue(56) " fcode="extractvalue"/>
<opset="sha256_len_0/4 "/>
</bind>
</comp>

<comp id="123" class="1004" name="sha256hash_0_fu_123">
<pin_list>
<pin id="124" dir="0" index="0" bw="352" slack="0"/>
<pin id="125" dir="1" index="1" bw="32" slack="1"/>
</pin_list>
<bind>
<opcode="extractvalue(56) " fcode="extractvalue"/>
<opset="sha256hash_0/4 "/>
</bind>
</comp>

<comp id="127" class="1004" name="sha256hash_1_fu_127">
<pin_list>
<pin id="128" dir="0" index="0" bw="352" slack="0"/>
<pin id="129" dir="1" index="1" bw="32" slack="1"/>
</pin_list>
<bind>
<opcode="extractvalue(56) " fcode="extractvalue"/>
<opset="sha256hash_1/4 "/>
</bind>
</comp>

<comp id="131" class="1004" name="sha256hash_2_fu_131">
<pin_list>
<pin id="132" dir="0" index="0" bw="352" slack="0"/>
<pin id="133" dir="1" index="1" bw="32" slack="1"/>
</pin_list>
<bind>
<opcode="extractvalue(56) " fcode="extractvalue"/>
<opset="sha256hash_2/4 "/>
</bind>
</comp>

<comp id="135" class="1004" name="sha256hash_3_fu_135">
<pin_list>
<pin id="136" dir="0" index="0" bw="352" slack="0"/>
<pin id="137" dir="1" index="1" bw="32" slack="1"/>
</pin_list>
<bind>
<opcode="extractvalue(56) " fcode="extractvalue"/>
<opset="sha256hash_3/4 "/>
</bind>
</comp>

<comp id="139" class="1004" name="sha256hash_4_fu_139">
<pin_list>
<pin id="140" dir="0" index="0" bw="352" slack="0"/>
<pin id="141" dir="1" index="1" bw="32" slack="1"/>
</pin_list>
<bind>
<opcode="extractvalue(56) " fcode="extractvalue"/>
<opset="sha256hash_4/4 "/>
</bind>
</comp>

<comp id="143" class="1004" name="sha256hash_5_fu_143">
<pin_list>
<pin id="144" dir="0" index="0" bw="352" slack="0"/>
<pin id="145" dir="1" index="1" bw="32" slack="1"/>
</pin_list>
<bind>
<opcode="extractvalue(56) " fcode="extractvalue"/>
<opset="sha256hash_5/4 "/>
</bind>
</comp>

<comp id="147" class="1004" name="sha256hash_6_fu_147">
<pin_list>
<pin id="148" dir="0" index="0" bw="352" slack="0"/>
<pin id="149" dir="1" index="1" bw="32" slack="1"/>
</pin_list>
<bind>
<opcode="extractvalue(56) " fcode="extractvalue"/>
<opset="sha256hash_6/4 "/>
</bind>
</comp>

<comp id="151" class="1004" name="sha256hash_7_fu_151">
<pin_list>
<pin id="152" dir="0" index="0" bw="352" slack="0"/>
<pin id="153" dir="1" index="1" bw="32" slack="1"/>
</pin_list>
<bind>
<opcode="extractvalue(56) " fcode="extractvalue"/>
<opset="sha256hash_7/4 "/>
</bind>
</comp>

<comp id="155" class="1004" name="sha256_bits_0_fu_155">
<pin_list>
<pin id="156" dir="0" index="0" bw="352" slack="0"/>
<pin id="157" dir="1" index="1" bw="32" slack="1"/>
</pin_list>
<bind>
<opcode="extractvalue(56) " fcode="extractvalue"/>
<opset="sha256_bits_0/4 "/>
</bind>
</comp>

<comp id="159" class="1005" name="len_read_reg_159">
<pin_list>
<pin id="160" dir="0" index="0" bw="32" slack="2"/>
<pin id="161" dir="1" index="1" bw="32" slack="2"/>
</pin_list>
<bind>
<opset="len_read "/>
</bind>
</comp>

<comp id="164" class="1005" name="indvarinc_reg_164">
<pin_list>
<pin id="165" dir="0" index="0" bw="6" slack="0"/>
<pin id="166" dir="1" index="1" bw="6" slack="0"/>
</pin_list>
<bind>
<opset="indvarinc "/>
</bind>
</comp>

<comp id="172" class="1005" name="sha256_bits_1_reg_172">
<pin_list>
<pin id="173" dir="0" index="0" bw="32" slack="1"/>
<pin id="174" dir="1" index="1" bw="32" slack="1"/>
</pin_list>
<bind>
<opset="sha256_bits_1 "/>
</bind>
</comp>

<comp id="177" class="1005" name="sha256_len_0_reg_177">
<pin_list>
<pin id="178" dir="0" index="0" bw="32" slack="1"/>
<pin id="179" dir="1" index="1" bw="32" slack="1"/>
</pin_list>
<bind>
<opset="sha256_len_0 "/>
</bind>
</comp>

<comp id="182" class="1005" name="sha256hash_0_reg_182">
<pin_list>
<pin id="183" dir="0" index="0" bw="32" slack="1"/>
<pin id="184" dir="1" index="1" bw="32" slack="1"/>
</pin_list>
<bind>
<opset="sha256hash_0 "/>
</bind>
</comp>

<comp id="187" class="1005" name="sha256hash_1_reg_187">
<pin_list>
<pin id="188" dir="0" index="0" bw="32" slack="1"/>
<pin id="189" dir="1" index="1" bw="32" slack="1"/>
</pin_list>
<bind>
<opset="sha256hash_1 "/>
</bind>
</comp>

<comp id="192" class="1005" name="sha256hash_2_reg_192">
<pin_list>
<pin id="193" dir="0" index="0" bw="32" slack="1"/>
<pin id="194" dir="1" index="1" bw="32" slack="1"/>
</pin_list>
<bind>
<opset="sha256hash_2 "/>
</bind>
</comp>

<comp id="197" class="1005" name="sha256hash_3_reg_197">
<pin_list>
<pin id="198" dir="0" index="0" bw="32" slack="1"/>
<pin id="199" dir="1" index="1" bw="32" slack="1"/>
</pin_list>
<bind>
<opset="sha256hash_3 "/>
</bind>
</comp>

<comp id="202" class="1005" name="sha256hash_4_reg_202">
<pin_list>
<pin id="203" dir="0" index="0" bw="32" slack="1"/>
<pin id="204" dir="1" index="1" bw="32" slack="1"/>
</pin_list>
<bind>
<opset="sha256hash_4 "/>
</bind>
</comp>

<comp id="207" class="1005" name="sha256hash_5_reg_207">
<pin_list>
<pin id="208" dir="0" index="0" bw="32" slack="1"/>
<pin id="209" dir="1" index="1" bw="32" slack="1"/>
</pin_list>
<bind>
<opset="sha256hash_5 "/>
</bind>
</comp>

<comp id="212" class="1005" name="sha256hash_6_reg_212">
<pin_list>
<pin id="213" dir="0" index="0" bw="32" slack="1"/>
<pin id="214" dir="1" index="1" bw="32" slack="1"/>
</pin_list>
<bind>
<opset="sha256hash_6 "/>
</bind>
</comp>

<comp id="217" class="1005" name="sha256hash_7_reg_217">
<pin_list>
<pin id="218" dir="0" index="0" bw="32" slack="1"/>
<pin id="219" dir="1" index="1" bw="32" slack="1"/>
</pin_list>
<bind>
<opset="sha256hash_7 "/>
</bind>
</comp>

<comp id="222" class="1005" name="sha256_bits_0_reg_222">
<pin_list>
<pin id="223" dir="0" index="0" bw="32" slack="1"/>
<pin id="224" dir="1" index="1" bw="32" slack="1"/>
</pin_list>
<bind>
<opset="sha256_bits_0 "/>
</bind>
</comp>

</comp_list>

<net_list>
<net id="41"><net_src comp="14" pin="0"/><net_sink comp="38" pin=0"/></net>

<net id="46"><net_src comp="12" pin="0"/><net_sink comp="42" pin=0"/></net>

<net id="47"><net_src comp="2" pin="0"/><net_sink comp="42" pin=1"/></net>

<net id="53"><net_src comp="20" pin="0"/><net_sink comp="48" pin=1"/></net>

<net id="59"><net_src comp="22" pin="0"/><net_sink comp="54" pin=1"/></net>

<net id="60"><net_src comp="48" pin="3"/><net_sink comp="54" pin=0"/></net>

<net id="64"><net_src comp="16" pin="0"/><net_sink comp="61" pin=0"/></net>

<net id="71"><net_src comp="61" pin="1"/><net_sink comp="65" pin=0"/></net>

<net id="88"><net_src comp="36" pin="0"/><net_sink comp="72" pin=0"/></net>

<net id="89"><net_src comp="4" pin="0"/><net_sink comp="72" pin=13"/></net>

<net id="96"><net_src comp="34" pin="0"/><net_sink comp="90" pin=0"/></net>

<net id="97"><net_src comp="0" pin="0"/><net_sink comp="90" pin=2"/></net>

<net id="102"><net_src comp="65" pin="4"/><net_sink comp="98" pin=0"/></net>

<net id="103"><net_src comp="18" pin="0"/><net_sink comp="98" pin=1"/></net>

<net id="107"><net_src comp="65" pin="4"/><net_sink comp="104" pin=0"/></net>

<net id="108"><net_src comp="104" pin="1"/><net_sink comp="48" pin=2"/></net>

<net id="113"><net_src comp="65" pin="4"/><net_sink comp="109" pin=0"/></net>

<net id="114"><net_src comp="24" pin="0"/><net_sink comp="109" pin=1"/></net>

<net id="118"><net_src comp="90" pin="4"/><net_sink comp="115" pin=0"/></net>

<net id="122"><net_src comp="90" pin="4"/><net_sink comp="119" pin=0"/></net>

<net id="126"><net_src comp="90" pin="4"/><net_sink comp="123" pin=0"/></net>

<net id="130"><net_src comp="90" pin="4"/><net_sink comp="127" pin=0"/></net>

<net id="134"><net_src comp="90" pin="4"/><net_sink comp="131" pin=0"/></net>

<net id="138"><net_src comp="90" pin="4"/><net_sink comp="135" pin=0"/></net>

<net id="142"><net_src comp="90" pin="4"/><net_sink comp="139" pin=0"/></net>

<net id="146"><net_src comp="90" pin="4"/><net_sink comp="143" pin=0"/></net>

<net id="150"><net_src comp="90" pin="4"/><net_sink comp="147" pin=0"/></net>

<net id="154"><net_src comp="90" pin="4"/><net_sink comp="151" pin=0"/></net>

<net id="158"><net_src comp="90" pin="4"/><net_sink comp="155" pin=0"/></net>

<net id="162"><net_src comp="42" pin="2"/><net_sink comp="159" pin=0"/></net>

<net id="163"><net_src comp="159" pin="1"/><net_sink comp="90" pin=3"/></net>

<net id="167"><net_src comp="98" pin="2"/><net_sink comp="164" pin=0"/></net>

<net id="168"><net_src comp="164" pin="1"/><net_sink comp="65" pin=2"/></net>

<net id="175"><net_src comp="115" pin="1"/><net_sink comp="172" pin=0"/></net>

<net id="176"><net_src comp="172" pin="1"/><net_sink comp="72" pin=11"/></net>

<net id="180"><net_src comp="119" pin="1"/><net_sink comp="177" pin=0"/></net>

<net id="181"><net_src comp="177" pin="1"/><net_sink comp="72" pin=12"/></net>

<net id="185"><net_src comp="123" pin="1"/><net_sink comp="182" pin=0"/></net>

<net id="186"><net_src comp="182" pin="1"/><net_sink comp="72" pin=2"/></net>

<net id="190"><net_src comp="127" pin="1"/><net_sink comp="187" pin=0"/></net>

<net id="191"><net_src comp="187" pin="1"/><net_sink comp="72" pin=3"/></net>

<net id="195"><net_src comp="131" pin="1"/><net_sink comp="192" pin=0"/></net>

<net id="196"><net_src comp="192" pin="1"/><net_sink comp="72" pin=4"/></net>

<net id="200"><net_src comp="135" pin="1"/><net_sink comp="197" pin=0"/></net>

<net id="201"><net_src comp="197" pin="1"/><net_sink comp="72" pin=5"/></net>

<net id="205"><net_src comp="139" pin="1"/><net_sink comp="202" pin=0"/></net>

<net id="206"><net_src comp="202" pin="1"/><net_sink comp="72" pin=6"/></net>

<net id="210"><net_src comp="143" pin="1"/><net_sink comp="207" pin=0"/></net>

<net id="211"><net_src comp="207" pin="1"/><net_sink comp="72" pin=7"/></net>

<net id="215"><net_src comp="147" pin="1"/><net_sink comp="212" pin=0"/></net>

<net id="216"><net_src comp="212" pin="1"/><net_sink comp="72" pin=8"/></net>

<net id="220"><net_src comp="151" pin="1"/><net_sink comp="217" pin=0"/></net>

<net id="221"><net_src comp="217" pin="1"/><net_sink comp="72" pin=9"/></net>

<net id="225"><net_src comp="155" pin="1"/><net_sink comp="222" pin=0"/></net>

<net id="226"><net_src comp="222" pin="1"/><net_sink comp="72" pin=10"/></net>

</net_list>

</model> 
---------------- Datapath Model END ------------------

* FSMD analyzer results:
  - Output states:
	Port: hash | {5 6 }
 - Input state : 
	Port: sha256 : msg | {3 4 }
	Port: sha256 : len | {1 }
  - Chain level:
	State 1
	State 2
		indvarinc : 1
		tmp : 1
		sha256_buf_addr : 2
		StgValue_18 : 3
		tmp_s : 1
		StgValue_22 : 2
	State 3
	State 4
		sha256_bits_1 : 1
		sha256_len_0 : 1
		sha256hash_0 : 1
		sha256hash_1 : 1
		sha256hash_2 : 1
		sha256hash_3 : 1
		sha256hash_4 : 1
		sha256hash_5 : 1
		sha256hash_6 : 1
		sha256hash_7 : 1
		sha256_bits_0 : 1
	State 5
	State 6


============================================================
+ Verbose Summary: Datapath Resource usage 
============================================================

* Functional unit list:
|----------|-----------------------|---------|---------|---------|
| Operation|    Functional Unit    |  Delay  |    FF   |   LUT   |
|----------|-----------------------|---------|---------|---------|
|   call   | grp_sha256_done_fu_72 | 84.7445 |  10790  |  22296  |
|          | grp_sha256_hash_fu_90 | 59.0388 |  10230  |  21105  |
|----------|-----------------------|---------|---------|---------|
|    add   |    indvarinc_fu_98    |    0    |    0    |    15   |
|----------|-----------------------|---------|---------|---------|
|   icmp   |      tmp_s_fu_109     |    0    |    0    |    11   |
|----------|-----------------------|---------|---------|---------|
|   read   |  len_read_read_fu_42  |    0    |    0    |    0    |
|----------|-----------------------|---------|---------|---------|
|   zext   |       tmp_fu_104      |    0    |    0    |    0    |
|----------|-----------------------|---------|---------|---------|
|          |  sha256_bits_1_fu_115 |    0    |    0    |    0    |
|          |  sha256_len_0_fu_119  |    0    |    0    |    0    |
|          |  sha256hash_0_fu_123  |    0    |    0    |    0    |
|          |  sha256hash_1_fu_127  |    0    |    0    |    0    |
|          |  sha256hash_2_fu_131  |    0    |    0    |    0    |
|extractvalue|  sha256hash_3_fu_135  |    0    |    0    |    0    |
|          |  sha256hash_4_fu_139  |    0    |    0    |    0    |
|          |  sha256hash_5_fu_143  |    0    |    0    |    0    |
|          |  sha256hash_6_fu_147  |    0    |    0    |    0    |
|          |  sha256hash_7_fu_151  |    0    |    0    |    0    |
|          |  sha256_bits_0_fu_155 |    0    |    0    |    0    |
|----------|-----------------------|---------|---------|---------|
|   Total  |                       | 143.783 |  21020  |  43427  |
|----------|-----------------------|---------|---------|---------|

Memories:
+----------+--------+--------+--------+
|          |  BRAM  |   FF   |   LUT  |
+----------+--------+--------+--------+
|sha256_buf|    1   |    0   |    0   |
+----------+--------+--------+--------+
|   Total  |    1   |    0   |    0   |
+----------+--------+--------+--------+

* Register list:
+---------------------+--------+
|                     |   FF   |
+---------------------+--------+
|  indvarinc_reg_164  |    6   |
|    invdar_reg_61    |    6   |
|   len_read_reg_159  |   32   |
|sha256_bits_0_reg_222|   32   |
|sha256_bits_1_reg_172|   32   |
| sha256_len_0_reg_177|   32   |
| sha256hash_0_reg_182|   32   |
| sha256hash_1_reg_187|   32   |
| sha256hash_2_reg_192|   32   |
| sha256hash_3_reg_197|   32   |
| sha256hash_4_reg_202|   32   |
| sha256hash_5_reg_207|   32   |
| sha256hash_6_reg_212|   32   |
| sha256hash_7_reg_217|   32   |
+---------------------+--------+
|        Total        |   396  |
+---------------------+--------+

* Multiplexer (MUX) list: 
|--------|------|------|------|--------|
|  Comp  |  Pin | Size |  BW  | S x BW |
|--------|------|------|------|--------|
|  Total |      |      |      |    0   |
|--------|------|------|------|--------|



* Summary:
+-----------+--------+--------+--------+--------+
|           |  BRAM  |  Delay |   FF   |   LUT  |
+-----------+--------+--------+--------+--------+
|  Function |    -   |   143  |  21020 |  43427 |
|   Memory  |    1   |    -   |    0   |    0   |
|Multiplexer|    -   |    -   |    -   |    -   |
|  Register |    -   |    -   |   396  |    -   |
+-----------+--------+--------+--------+--------+
|   Total   |    1   |   143  |  21416 |  43427 |
+-----------+--------+--------+--------+--------+
